2026-02-21 11:28:14,648 - INFO - ======================================================================
2026-02-21 11:28:14,648 - INFO - EXTRACTING 96x96x96 LESION-FOCUSED PATCHES
2026-02-21 11:28:14,648 - INFO -   input_dir:           /hpc/pahm409/harvard/preprocessed_stroke_foundation
2026-02-21 11:28:14,648 - INFO -   output_dir:          /hpc/pahm409/harvard/preprocessed_stroke_foundation
2026-02-21 11:28:14,648 - INFO -   datasets:            ['ATLAS', 'UOA_Private']
2026-02-21 11:28:14,648 - INFO -   patch_size:          64³
2026-02-21 11:28:14,648 - INFO -   max_patches:         20
2026-02-21 11:28:14,648 - INFO -   min_lesion_overlap:  0.0001
2026-02-21 11:28:14,648 - INFO -   seed:                42
2026-02-21 11:28:14,648 - INFO - ======================================================================
2026-02-21 11:28:14,649 - INFO - 
======================================================================
2026-02-21 11:28:14,649 - INFO - Processing: ATLAS
2026-02-21 11:28:14,649 - INFO -   Input:  /hpc/pahm409/harvard/preprocessed_stroke_foundation/ATLAS
2026-02-21 11:28:14,649 - INFO -   Output: /hpc/pahm409/harvard/preprocessed_stroke_foundation/ATLAS_96x96x96
2026-02-21 11:28:14,649 - INFO - ======================================================================
2026-02-21 11:28:14,653 - INFO -   Found 655 NPZ files to process in ATLAS
2026-02-21 11:28:15,755 - INFO -   sub-r001s001_ses-1: 20 patches  shape=(197, 233, 189)  lesion=112.45ml  1.1s
2026-02-21 11:28:16,860 - INFO -   sub-r001s002_ses-1: 20 patches  shape=(197, 233, 189)  lesion=132.59ml  1.1s
2026-02-21 11:28:17,941 - INFO -   sub-r001s003_ses-1: 20 patches  shape=(197, 233, 189)  lesion=1.48ml  1.1s
2026-02-21 11:28:19,053 - INFO -   sub-r001s004_ses-1: 20 patches  shape=(197, 233, 189)  lesion=44.66ml  1.1s
2026-02-21 11:28:20,154 - INFO -   sub-r001s005_ses-1: 20 patches  shape=(197, 233, 189)  lesion=31.79ml  1.1s
2026-02-21 11:28:21,283 - INFO -   sub-r001s006_ses-1: 20 patches  shape=(197, 233, 189)  lesion=3.01ml  1.1s
2026-02-21 11:28:22,490 - INFO -   sub-r001s007_ses-1: 20 patches  shape=(197, 233, 189)  lesion=4.10ml  1.2s
2026-02-21 11:28:23,661 - INFO -   sub-r001s008_ses-1: 20 patches  shape=(197, 233, 189)  lesion=2.08ml  1.2s
2026-02-21 11:28:24,808 - INFO -   sub-r001s009_ses-1: 20 patches  shape=(197, 233, 189)  lesion=8.84ml  1.1s
2026-02-21 11:28:25,873 - INFO -   sub-r001s010_ses-1: 20 patches  shape=(197, 233, 189)  lesion=108.39ml  1.1s
2026-02-21 11:28:26,927 - INFO -   sub-r001s011_ses-1: 20 patches  shape=(197, 233, 189)  lesion=16.62ml  1.0s
2026-02-21 11:28:27,992 - INFO -   sub-r001s012_ses-1: 20 patches  shape=(197, 233, 189)  lesion=13.80ml  1.1s
2026-02-21 11:28:29,089 - INFO -   sub-r001s013_ses-1: 20 patches  shape=(197, 233, 189)  lesion=9.46ml  1.1s
2026-02-21 11:28:30,150 - INFO -   sub-r001s014_ses-1: 20 patches  shape=(197, 233, 189)  lesion=15.15ml  1.1s
2026-02-21 11:28:31,226 - INFO -   sub-r001s015_ses-1: 20 patches  shape=(197, 233, 189)  lesion=5.96ml  1.1s
2026-02-21 11:28:32,345 - INFO -   sub-r001s016_ses-1: 20 patches  shape=(197, 233, 189)  lesion=6.15ml  1.1s
2026-02-21 11:28:33,411 - INFO -   sub-r001s017_ses-1: 20 patches  shape=(197, 233, 189)  lesion=2.44ml  1.1s
2026-02-21 11:28:34,453 - INFO -   sub-r001s018_ses-1: 20 patches  shape=(197, 233, 189)  lesion=0.25ml  1.0s
2026-02-21 11:28:35,525 - INFO -   sub-r001s019_ses-1: 20 patches  shape=(197, 233, 189)  lesion=80.00ml  1.1s
2026-02-21 11:28:36,576 - INFO -   sub-r001s020_ses-1: 20 patches  shape=(197, 233, 189)  lesion=78.35ml  1.0s
2026-02-21 11:28:37,659 - INFO -   sub-r001s021_ses-1: 20 patches  shape=(197, 233, 189)  lesion=2.51ml  1.1s
2026-02-21 11:28:38,871 - INFO -   sub-r001s022_ses-1: 20 patches  shape=(197, 233, 189)  lesion=0.06ml  1.2s
2026-02-21 11:28:39,114 - WARNING -     No patches passed overlap filter — using lesion centroid
2026-02-21 11:28:39,161 - INFO -   sub-r001s023_ses-1: 1 patches  shape=(197, 233, 189)  lesion=0.01ml  0.3s
2026-02-21 11:28:40,266 - INFO -   sub-r001s024_ses-1: 20 patches  shape=(197, 233, 189)  lesion=1.04ml  1.1s
2026-02-21 11:28:41,403 - INFO -   sub-r001s025_ses-1: 20 patches  shape=(197, 233, 189)  lesion=4.37ml  1.1s
2026-02-21 11:28:42,510 - INFO -   sub-r001s026_ses-1: 20 patches  shape=(197, 233, 189)  lesion=3.05ml  1.1s
2026-02-21 11:28:43,597 - INFO -   sub-r001s027_ses-1: 20 patches  shape=(197, 233, 189)  lesion=1.18ml  1.1s
2026-02-21 11:28:44,617 - INFO -   sub-r001s028_ses-1: 20 patches  shape=(197, 233, 189)  lesion=0.28ml  1.0s
2026-02-21 11:28:45,700 - INFO -   sub-r001s029_ses-1: 20 patches  shape=(197, 233, 189)  lesion=2.68ml  1.1s
2026-02-21 11:28:46,757 - INFO -   sub-r001s030_ses-1: 20 patches  shape=(197, 233, 189)  lesion=6.99ml  1.1s
2026-02-21 11:28:47,926 - INFO -   sub-r001s031_ses-1: 20 patches  shape=(197, 233, 189)  lesion=38.27ml  1.2s
2026-02-21 11:28:49,006 - INFO -   sub-r001s032_ses-1: 20 patches  shape=(197, 233, 189)  lesion=6.31ml  1.1s
2026-02-21 11:28:50,156 - INFO -   sub-r001s033_ses-1: 20 patches  shape=(197, 233, 189)  lesion=33.23ml  1.1s
2026-02-21 11:28:51,230 - INFO -   sub-r001s034_ses-1: 20 patches  shape=(197, 233, 189)  lesion=3.19ml  1.1s
2026-02-21 11:28:52,377 - INFO -   sub-r001s036_ses-1: 20 patches  shape=(197, 233, 189)  lesion=6.78ml  1.1s
2026-02-21 11:28:53,459 - INFO -   sub-r001s037_ses-1: 20 patches  shape=(197, 233, 189)  lesion=24.77ml  1.1s
2026-02-21 11:28:54,609 - INFO -   sub-r001s038_ses-1: 20 patches  shape=(197, 233, 189)  lesion=0.20ml  1.1s
2026-02-21 11:28:55,715 - INFO -   sub-r001s039_ses-1: 20 patches  shape=(197, 233, 189)  lesion=1.10ml  1.1s
2026-02-21 11:28:57,171 - INFO -   sub-r002s001_ses-1: 20 patches  shape=(197, 233, 189)  lesion=11.07ml  1.5s
2026-02-21 11:28:58,577 - INFO -   sub-r002s002_ses-1: 20 patches  shape=(197, 233, 189)  lesion=34.03ml  1.4s
2026-02-21 11:29:00,040 - INFO -   sub-r002s003_ses-1: 20 patches  shape=(197, 233, 189)  lesion=3.60ml  1.5s
2026-02-21 11:29:01,471 - INFO -   sub-r002s004_ses-1: 20 patches  shape=(197, 233, 189)  lesion=11.41ml  1.4s
2026-02-21 11:29:02,943 - INFO -   sub-r002s005_ses-1: 20 patches  shape=(197, 233, 189)  lesion=4.15ml  1.5s
2026-02-21 11:29:04,502 - INFO -   sub-r002s006_ses-1: 20 patches  shape=(197, 233, 189)  lesion=29.18ml  1.6s
2026-02-21 11:29:06,001 - INFO -   sub-r002s007_ses-1: 20 patches  shape=(197, 233, 189)  lesion=7.93ml  1.5s
2026-02-21 11:29:07,398 - INFO -   sub-r002s008_ses-1: 20 patches  shape=(197, 233, 189)  lesion=78.68ml  1.4s
2026-02-21 11:29:08,904 - INFO -   sub-r002s009_ses-1: 20 patches  shape=(197, 233, 189)  lesion=55.55ml  1.5s
2026-02-21 11:29:10,301 - INFO -   sub-r002s010_ses-1: 20 patches  shape=(197, 233, 189)  lesion=152.15ml  1.4s
2026-02-21 11:29:11,757 - INFO -   sub-r002s011_ses-1: 20 patches  shape=(197, 233, 189)  lesion=36.24ml  1.5s
2026-02-21 11:29:13,149 - INFO -   sub-r002s012_ses-1: 20 patches  shape=(197, 233, 189)  lesion=32.31ml  1.4s
2026-02-21 11:29:14,667 - INFO -   sub-r003s001_ses-1: 20 patches  shape=(197, 233, 189)  lesion=26.32ml  1.5s
2026-02-21 11:29:16,206 - INFO -   sub-r003s002_ses-1: 20 patches  shape=(197, 233, 189)  lesion=6.69ml  1.5s
2026-02-21 11:29:17,713 - INFO -   sub-r003s003_ses-1: 20 patches  shape=(197, 233, 189)  lesion=171.93ml  1.5s
2026-02-21 11:29:19,211 - INFO -   sub-r003s004_ses-1: 20 patches  shape=(197, 233, 189)  lesion=144.03ml  1.5s
2026-02-21 11:29:20,736 - INFO -   sub-r003s005_ses-1: 20 patches  shape=(197, 233, 189)  lesion=230.75ml  1.5s
2026-02-21 11:29:22,259 - INFO -   sub-r003s006_ses-1: 20 patches  shape=(197, 233, 189)  lesion=1.10ml  1.5s
2026-02-21 11:29:23,695 - INFO -   sub-r003s007_ses-1: 20 patches  shape=(197, 233, 189)  lesion=4.25ml  1.4s
2026-02-21 11:29:25,100 - INFO -   sub-r003s008_ses-1: 20 patches  shape=(197, 233, 189)  lesion=140.21ml  1.4s
2026-02-21 11:29:26,569 - INFO -   sub-r003s009_ses-1: 20 patches  shape=(197, 233, 189)  lesion=43.98ml  1.5s
2026-02-21 11:29:28,062 - INFO -   sub-r003s010_ses-1: 20 patches  shape=(197, 233, 189)  lesion=0.36ml  1.5s
2026-02-21 11:29:29,531 - INFO -   sub-r003s011_ses-1: 20 patches  shape=(197, 233, 189)  lesion=13.19ml  1.5s
2026-02-21 11:29:31,071 - INFO -   sub-r003s012_ses-1: 20 patches  shape=(197, 233, 189)  lesion=31.04ml  1.5s
2026-02-21 11:29:32,564 - INFO -   sub-r003s013_ses-1: 20 patches  shape=(197, 233, 189)  lesion=7.35ml  1.5s
2026-02-21 11:29:33,946 - INFO -   sub-r003s014_ses-1: 20 patches  shape=(197, 233, 189)  lesion=22.30ml  1.4s
2026-02-21 11:29:35,450 - INFO -   sub-r003s015_ses-1: 20 patches  shape=(197, 233, 189)  lesion=7.83ml  1.5s
2026-02-21 11:29:36,803 - INFO -   sub-r004s001_ses-1: 20 patches  shape=(197, 233, 189)  lesion=47.79ml  1.3s
2026-02-21 11:29:38,101 - INFO -   sub-r004s002_ses-1: 20 patches  shape=(197, 233, 189)  lesion=53.08ml  1.3s
2026-02-21 11:29:39,471 - INFO -   sub-r004s003_ses-1: 20 patches  shape=(197, 233, 189)  lesion=51.95ml  1.4s
2026-02-21 11:29:40,936 - INFO -   sub-r004s004_ses-1: 20 patches  shape=(197, 233, 189)  lesion=339.64ml  1.5s
2026-02-21 11:29:42,227 - INFO -   sub-r004s005_ses-1: 20 patches  shape=(197, 233, 189)  lesion=3.98ml  1.3s
2026-02-21 11:29:43,599 - INFO -   sub-r004s006_ses-1: 20 patches  shape=(197, 233, 189)  lesion=5.86ml  1.4s
2026-02-21 11:29:45,043 - INFO -   sub-r004s007_ses-1: 20 patches  shape=(197, 233, 189)  lesion=9.90ml  1.4s
2026-02-21 11:29:46,409 - INFO -   sub-r004s008_ses-1: 20 patches  shape=(197, 233, 189)  lesion=1.91ml  1.4s
2026-02-21 11:29:47,820 - INFO -   sub-r004s009_ses-1: 20 patches  shape=(197, 233, 189)  lesion=97.18ml  1.4s
2026-02-21 11:29:49,232 - INFO -   sub-r004s010_ses-1: 20 patches  shape=(197, 233, 189)  lesion=25.08ml  1.4s
2026-02-21 11:29:50,602 - INFO -   sub-r004s011_ses-1: 20 patches  shape=(197, 233, 189)  lesion=66.20ml  1.4s
2026-02-21 11:29:51,910 - INFO -   sub-r004s012_ses-1: 20 patches  shape=(197, 233, 189)  lesion=15.66ml  1.3s
2026-02-21 11:29:53,300 - INFO -   sub-r004s013_ses-1: 20 patches  shape=(197, 233, 189)  lesion=74.48ml  1.4s
2026-02-21 11:29:54,686 - INFO -   sub-r004s014_ses-1: 20 patches  shape=(197, 233, 189)  lesion=12.58ml  1.4s
2026-02-21 11:29:56,009 - INFO -   sub-r004s015_ses-1: 20 patches  shape=(197, 233, 189)  lesion=66.52ml  1.3s
2026-02-21 11:29:57,346 - INFO -   sub-r004s016_ses-1: 20 patches  shape=(197, 233, 189)  lesion=7.42ml  1.3s
2026-02-21 11:29:58,635 - INFO -   sub-r004s017_ses-1: 20 patches  shape=(197, 233, 189)  lesion=47.10ml  1.3s
2026-02-21 11:29:59,993 - INFO -   sub-r004s018_ses-1: 20 patches  shape=(197, 233, 189)  lesion=58.01ml  1.4s
2026-02-21 11:30:01,400 - INFO -   sub-r004s019_ses-1: 20 patches  shape=(197, 233, 189)  lesion=72.67ml  1.4s
2026-02-21 11:30:02,751 - INFO -   sub-r004s020_ses-1: 20 patches  shape=(197, 233, 189)  lesion=122.61ml  1.3s
2026-02-21 11:30:04,068 - INFO -   sub-r004s021_ses-1: 20 patches  shape=(197, 233, 189)  lesion=32.29ml  1.3s
2026-02-21 11:30:05,373 - INFO -   sub-r004s022_ses-1: 20 patches  shape=(197, 233, 189)  lesion=59.35ml  1.3s
2026-02-21 11:30:06,662 - INFO -   sub-r004s023_ses-1: 20 patches  shape=(197, 233, 189)  lesion=38.73ml  1.3s
2026-02-21 11:30:08,001 - INFO -   sub-r004s024_ses-1: 20 patches  shape=(197, 233, 189)  lesion=47.54ml  1.3s
2026-02-21 11:30:09,372 - INFO -   sub-r004s025_ses-1: 20 patches  shape=(197, 233, 189)  lesion=22.02ml  1.4s
2026-02-21 11:30:10,784 - INFO -   sub-r004s026_ses-1: 20 patches  shape=(197, 233, 189)  lesion=115.45ml  1.4s
2026-02-21 11:30:12,161 - INFO -   sub-r004s027_ses-1: 20 patches  shape=(197, 233, 189)  lesion=118.20ml  1.4s
2026-02-21 11:30:13,498 - INFO -   sub-r004s028_ses-1: 20 patches  shape=(197, 233, 189)  lesion=79.16ml  1.3s
2026-02-21 11:30:14,832 - INFO -   sub-r004s029_ses-1: 20 patches  shape=(197, 233, 189)  lesion=64.56ml  1.3s
2026-02-21 11:30:16,231 - INFO -   sub-r004s030_ses-1: 20 patches  shape=(197, 233, 189)  lesion=152.49ml  1.4s
2026-02-21 11:30:17,559 - INFO -   sub-r004s031_ses-1: 20 patches  shape=(197, 233, 189)  lesion=10.67ml  1.3s
2026-02-21 11:30:18,982 - INFO -   sub-r004s032_ses-1: 20 patches  shape=(197, 233, 189)  lesion=94.48ml  1.4s
2026-02-21 11:30:20,269 - INFO -   sub-r004s033_ses-1: 20 patches  shape=(197, 233, 189)  lesion=396.19ml  1.3s
2026-02-21 11:30:21,574 - INFO -   sub-r004s034_ses-1: 20 patches  shape=(197, 233, 189)  lesion=24.14ml  1.3s
2026-02-21 11:30:22,800 - INFO -   sub-r004s035_ses-1: 20 patches  shape=(197, 233, 189)  lesion=139.98ml  1.2s
2026-02-21 11:30:24,341 - INFO -   sub-r004s036_ses-1: 20 patches  shape=(197, 233, 189)  lesion=8.25ml  1.5s
2026-02-21 11:30:25,759 - INFO -   sub-r004s037_ses-1: 20 patches  shape=(197, 233, 189)  lesion=20.87ml  1.4s
2026-02-21 11:30:27,248 - INFO -   sub-r005s015_ses-1: 20 patches  shape=(197, 233, 189)  lesion=496.66ml  1.5s
2026-02-21 11:30:28,710 - INFO -   sub-r005s026_ses-1: 20 patches  shape=(197, 233, 189)  lesion=0.06ml  1.5s
2026-02-21 11:30:30,113 - INFO -   sub-r005s031_ses-1: 20 patches  shape=(197, 233, 189)  lesion=93.84ml  1.4s
2026-02-21 11:30:31,507 - INFO -   sub-r005s045_ses-1: 20 patches  shape=(197, 233, 189)  lesion=0.36ml  1.4s
2026-02-21 11:30:32,995 - INFO -   sub-r005s046_ses-1: 20 patches  shape=(197, 233, 189)  lesion=102.92ml  1.5s
2026-02-21 11:30:34,410 - INFO -   sub-r005s048_ses-1: 20 patches  shape=(197, 233, 189)  lesion=0.21ml  1.4s
2026-02-21 11:30:35,786 - INFO -   sub-r005s049_ses-1: 20 patches  shape=(197, 233, 189)  lesion=20.08ml  1.4s
2026-02-21 11:30:37,064 - INFO -   sub-r005s055_ses-1: 20 patches  shape=(197, 233, 189)  lesion=0.63ml  1.3s
2026-02-21 11:30:38,357 - INFO -   sub-r005s058_ses-1: 20 patches  shape=(197, 233, 189)  lesion=17.40ml  1.3s
2026-02-21 11:30:39,619 - INFO -   sub-r005s068_ses-1: 20 patches  shape=(197, 233, 189)  lesion=70.42ml  1.3s
2026-02-21 11:30:40,984 - INFO -   sub-r005s069_ses-1: 20 patches  shape=(197, 233, 189)  lesion=6.42ml  1.4s
2026-02-21 11:30:42,457 - INFO -   sub-r005s070_ses-1: 20 patches  shape=(197, 233, 189)  lesion=0.76ml  1.5s
2026-02-21 11:30:43,804 - INFO -   sub-r005s073_ses-1: 20 patches  shape=(197, 233, 189)  lesion=0.45ml  1.3s
2026-02-21 11:30:45,207 - INFO -   sub-r005s074_ses-1: 20 patches  shape=(197, 233, 189)  lesion=237.35ml  1.4s
2026-02-21 11:30:46,601 - INFO -   sub-r005s075_ses-1: 20 patches  shape=(197, 233, 189)  lesion=24.71ml  1.4s
2026-02-21 11:30:48,241 - INFO -   sub-r005s076_ses-1: 20 patches  shape=(197, 233, 189)  lesion=1.33ml  1.6s
2026-02-21 11:30:49,668 - INFO -   sub-r005s077_ses-1: 20 patches  shape=(197, 233, 189)  lesion=1.06ml  1.4s
2026-02-21 11:30:50,997 - INFO -   sub-r005s081_ses-1: 20 patches  shape=(197, 233, 189)  lesion=12.89ml  1.3s
2026-02-21 11:30:52,332 - INFO -   sub-r009s001_ses-1: 20 patches  shape=(197, 233, 189)  lesion=8.03ml  1.3s
2026-02-21 11:30:53,584 - INFO -   sub-r009s002_ses-1: 20 patches  shape=(197, 233, 189)  lesion=0.46ml  1.2s
2026-02-21 11:30:54,922 - INFO -   sub-r009s003_ses-1: 20 patches  shape=(197, 233, 189)  lesion=15.24ml  1.3s
2026-02-21 11:30:56,221 - INFO -   sub-r009s004_ses-1: 20 patches  shape=(197, 233, 189)  lesion=103.91ml  1.3s
2026-02-21 11:30:57,368 - INFO -   sub-r009s005_ses-1: 20 patches  shape=(197, 233, 189)  lesion=0.93ml  1.1s
2026-02-21 11:30:58,754 - INFO -   sub-r009s006_ses-1: 20 patches  shape=(197, 233, 189)  lesion=5.54ml  1.4s
2026-02-21 11:31:00,313 - INFO -   sub-r009s007_ses-1: 20 patches  shape=(197, 233, 189)  lesion=96.22ml  1.6s
2026-02-21 11:31:01,521 - INFO -   sub-r009s008_ses-1: 20 patches  shape=(197, 233, 189)  lesion=6.16ml  1.2s
2026-02-21 11:31:02,667 - INFO -   sub-r009s009_ses-1: 20 patches  shape=(197, 233, 189)  lesion=13.99ml  1.1s
2026-02-21 11:31:03,899 - INFO -   sub-r009s010_ses-1: 20 patches  shape=(197, 233, 189)  lesion=1.88ml  1.2s
2026-02-21 11:31:05,150 - INFO -   sub-r009s011_ses-1: 20 patches  shape=(197, 233, 189)  lesion=4.73ml  1.2s
2026-02-21 11:31:06,351 - INFO -   sub-r009s012_ses-1: 20 patches  shape=(197, 233, 189)  lesion=0.35ml  1.2s
2026-02-21 11:31:07,541 - INFO -   sub-r009s013_ses-1: 20 patches  shape=(197, 233, 189)  lesion=0.56ml  1.2s
2026-02-21 11:31:08,886 - INFO -   sub-r009s014_ses-1: 20 patches  shape=(197, 233, 189)  lesion=0.92ml  1.3s
2026-02-21 11:31:10,130 - INFO -   sub-r009s015_ses-1: 20 patches  shape=(197, 233, 189)  lesion=0.18ml  1.2s
2026-02-21 11:31:11,237 - INFO -   sub-r009s016_ses-1: 20 patches  shape=(197, 233, 189)  lesion=0.07ml  1.1s
2026-02-21 11:31:12,419 - INFO -   sub-r009s017_ses-1: 20 patches  shape=(197, 233, 189)  lesion=1.37ml  1.2s
2026-02-21 11:31:13,667 - INFO -   sub-r009s018_ses-1: 20 patches  shape=(197, 233, 189)  lesion=0.40ml  1.2s
2026-02-21 11:31:14,934 - INFO -   sub-r009s020_ses-1: 20 patches  shape=(197, 233, 189)  lesion=1.16ml  1.3s
2026-02-21 11:31:16,135 - INFO -   sub-r009s021_ses-1: 20 patches  shape=(197, 233, 189)  lesion=5.23ml  1.2s
2026-02-21 11:31:17,389 - INFO -   sub-r009s022_ses-1: 20 patches  shape=(197, 233, 189)  lesion=66.51ml  1.2s
2026-02-21 11:31:18,791 - INFO -   sub-r009s024_ses-1: 20 patches  shape=(197, 233, 189)  lesion=9.49ml  1.4s
2026-02-21 11:31:20,109 - INFO -   sub-r009s025_ses-1: 20 patches  shape=(197, 233, 189)  lesion=0.99ml  1.3s
2026-02-21 11:31:21,294 - INFO -   sub-r009s026_ses-1: 20 patches  shape=(197, 233, 189)  lesion=0.04ml  1.2s
2026-02-21 11:31:22,566 - INFO -   sub-r009s027_ses-1: 20 patches  shape=(197, 233, 189)  lesion=0.22ml  1.3s
2026-02-21 11:31:23,766 - INFO -   sub-r009s028_ses-1: 20 patches  shape=(197, 233, 189)  lesion=0.18ml  1.2s
2026-02-21 11:31:25,277 - INFO -   sub-r009s029_ses-1: 20 patches  shape=(197, 233, 189)  lesion=9.44ml  1.5s
2026-02-21 11:31:26,539 - INFO -   sub-r009s030_ses-1: 20 patches  shape=(197, 233, 189)  lesion=1.47ml  1.3s
2026-02-21 11:31:27,859 - INFO -   sub-r009s031_ses-1: 20 patches  shape=(197, 233, 189)  lesion=0.14ml  1.3s
2026-02-21 11:31:29,141 - INFO -   sub-r009s032_ses-1: 20 patches  shape=(197, 233, 189)  lesion=7.19ml  1.3s
2026-02-21 11:31:30,521 - INFO -   sub-r009s034_ses-1: 20 patches  shape=(197, 233, 189)  lesion=2.64ml  1.4s
2026-02-21 11:31:31,625 - INFO -   sub-r009s035_ses-1: 20 patches  shape=(197, 233, 189)  lesion=0.04ml  1.1s
2026-02-21 11:31:32,881 - INFO -   sub-r009s036_ses-1: 20 patches  shape=(197, 233, 189)  lesion=0.17ml  1.3s
2026-02-21 11:31:34,069 - INFO -   sub-r009s037_ses-1: 20 patches  shape=(197, 233, 189)  lesion=9.30ml  1.2s
2026-02-21 11:31:35,203 - INFO -   sub-r009s038_ses-1: 20 patches  shape=(197, 233, 189)  lesion=1.41ml  1.1s
2026-02-21 11:31:35,419 - WARNING -     No patches passed overlap filter — using lesion centroid
2026-02-21 11:31:35,482 - INFO -   sub-r009s039_ses-1: 1 patches  shape=(197, 233, 189)  lesion=0.02ml  0.3s
2026-02-21 11:31:36,757 - INFO -   sub-r009s040_ses-1: 20 patches  shape=(197, 233, 189)  lesion=13.65ml  1.3s
2026-02-21 11:31:38,038 - INFO -   sub-r009s041_ses-1: 20 patches  shape=(197, 233, 189)  lesion=0.99ml  1.3s
2026-02-21 11:31:39,385 - INFO -   sub-r009s043_ses-1: 20 patches  shape=(197, 233, 189)  lesion=1.35ml  1.3s
2026-02-21 11:31:40,786 - INFO -   sub-r009s044_ses-1: 20 patches  shape=(197, 233, 189)  lesion=44.36ml  1.4s
2026-02-21 11:31:42,012 - INFO -   sub-r009s045_ses-1: 20 patches  shape=(197, 233, 189)  lesion=0.88ml  1.2s
2026-02-21 11:31:43,298 - INFO -   sub-r009s046_ses-1: 20 patches  shape=(197, 233, 189)  lesion=1.91ml  1.3s
2026-02-21 11:31:44,500 - INFO -   sub-r009s048_ses-1: 20 patches  shape=(197, 233, 189)  lesion=0.45ml  1.2s
2026-02-21 11:31:45,673 - INFO -   sub-r009s049_ses-1: 20 patches  shape=(197, 233, 189)  lesion=27.39ml  1.2s
2026-02-21 11:31:46,835 - INFO -   sub-r009s050_ses-1: 20 patches  shape=(197, 233, 189)  lesion=1.86ml  1.2s
2026-02-21 11:31:48,246 - INFO -   sub-r009s051_ses-1: 20 patches  shape=(197, 233, 189)  lesion=2.76ml  1.4s
2026-02-21 11:31:49,425 - INFO -   sub-r009s052_ses-1: 20 patches  shape=(197, 233, 189)  lesion=17.42ml  1.2s
2026-02-21 11:31:50,804 - INFO -   sub-r009s053_ses-1: 20 patches  shape=(197, 233, 189)  lesion=1.55ml  1.4s
2026-02-21 11:31:52,116 - INFO -   sub-r009s054_ses-1: 20 patches  shape=(197, 233, 189)  lesion=0.67ml  1.3s
2026-02-21 11:31:53,352 - INFO -   sub-r009s055_ses-1: 20 patches  shape=(197, 233, 189)  lesion=12.91ml  1.2s
2026-02-21 11:31:54,591 - INFO -   sub-r009s056_ses-1: 20 patches  shape=(197, 233, 189)  lesion=0.15ml  1.2s
2026-02-21 11:31:55,811 - INFO -   sub-r009s057_ses-1: 20 patches  shape=(197, 233, 189)  lesion=0.12ml  1.2s
2026-02-21 11:31:57,079 - INFO -   sub-r009s058_ses-1: 20 patches  shape=(197, 233, 189)  lesion=0.82ml  1.3s
2026-02-21 11:31:58,355 - INFO -   sub-r009s060_ses-1: 20 patches  shape=(197, 233, 189)  lesion=1.13ml  1.3s
2026-02-21 11:31:59,776 - INFO -   sub-r009s061_ses-1: 20 patches  shape=(197, 233, 189)  lesion=0.59ml  1.4s
2026-02-21 11:32:01,005 - INFO -   sub-r009s062_ses-1: 20 patches  shape=(197, 233, 189)  lesion=0.21ml  1.2s
2026-02-21 11:32:02,231 - INFO -   sub-r009s063_ses-1: 20 patches  shape=(197, 233, 189)  lesion=12.18ml  1.2s
2026-02-21 11:32:03,372 - INFO -   sub-r009s064_ses-1: 20 patches  shape=(197, 233, 189)  lesion=7.13ml  1.1s
2026-02-21 11:32:04,581 - INFO -   sub-r009s065_ses-1: 20 patches  shape=(197, 233, 189)  lesion=0.06ml  1.2s
2026-02-21 11:32:05,733 - INFO -   sub-r009s066_ses-1: 20 patches  shape=(197, 233, 189)  lesion=1.38ml  1.1s
2026-02-21 11:32:06,924 - INFO -   sub-r009s067_ses-1: 20 patches  shape=(197, 233, 189)  lesion=20.78ml  1.2s
2026-02-21 11:32:08,213 - INFO -   sub-r009s071_ses-1: 20 patches  shape=(197, 233, 189)  lesion=3.12ml  1.3s
2026-02-21 11:32:09,439 - INFO -   sub-r009s072_ses-1: 20 patches  shape=(197, 233, 189)  lesion=8.86ml  1.2s
2026-02-21 11:32:10,739 - INFO -   sub-r009s073_ses-1: 20 patches  shape=(197, 233, 189)  lesion=0.48ml  1.3s
2026-02-21 11:32:11,978 - INFO -   sub-r009s074_ses-1: 20 patches  shape=(197, 233, 189)  lesion=1.00ml  1.2s
2026-02-21 11:32:13,206 - INFO -   sub-r009s075_ses-1: 20 patches  shape=(197, 233, 189)  lesion=0.18ml  1.2s
2026-02-21 11:32:14,471 - INFO -   sub-r009s076_ses-1: 20 patches  shape=(197, 233, 189)  lesion=0.07ml  1.3s
2026-02-21 11:32:15,727 - INFO -   sub-r009s077_ses-1: 20 patches  shape=(197, 233, 189)  lesion=14.38ml  1.3s
2026-02-21 11:32:16,872 - INFO -   sub-r009s078_ses-1: 20 patches  shape=(197, 233, 189)  lesion=1.78ml  1.1s
2026-02-21 11:32:18,091 - INFO -   sub-r009s079_ses-1: 20 patches  shape=(197, 233, 189)  lesion=0.08ml  1.2s
2026-02-21 11:32:19,520 - INFO -   sub-r009s082_ses-1: 20 patches  shape=(197, 233, 189)  lesion=0.06ml  1.4s
2026-02-21 11:32:20,704 - INFO -   sub-r009s083_ses-1: 20 patches  shape=(197, 233, 189)  lesion=91.33ml  1.2s
2026-02-21 11:32:22,022 - INFO -   sub-r009s084_ses-1: 20 patches  shape=(197, 233, 189)  lesion=0.09ml  1.3s
2026-02-21 11:32:23,198 - INFO -   sub-r009s085_ses-1: 20 patches  shape=(197, 233, 189)  lesion=30.26ml  1.2s
2026-02-21 11:32:24,428 - INFO -   sub-r009s086_ses-1: 20 patches  shape=(197, 233, 189)  lesion=1.28ml  1.2s
2026-02-21 11:32:25,667 - INFO -   sub-r009s087_ses-1: 20 patches  shape=(197, 233, 189)  lesion=1.32ml  1.2s
2026-02-21 11:32:26,959 - INFO -   sub-r009s088_ses-1: 20 patches  shape=(197, 233, 189)  lesion=16.88ml  1.3s
2026-02-21 11:32:28,219 - INFO -   sub-r009s089_ses-1: 20 patches  shape=(197, 233, 189)  lesion=88.92ml  1.3s
2026-02-21 11:32:29,501 - INFO -   sub-r009s090_ses-1: 20 patches  shape=(197, 233, 189)  lesion=2.20ml  1.3s
2026-02-21 11:32:30,976 - INFO -   sub-r009s091_ses-1: 20 patches  shape=(197, 233, 189)  lesion=1.40ml  1.5s
2026-02-21 11:32:32,435 - INFO -   sub-r009s092_ses-1: 20 patches  shape=(197, 233, 189)  lesion=1.72ml  1.5s
2026-02-21 11:32:33,926 - INFO -   sub-r009s093_ses-1: 20 patches  shape=(197, 233, 189)  lesion=1.43ml  1.5s
2026-02-21 11:32:35,175 - INFO -   sub-r009s094_ses-1: 20 patches  shape=(197, 233, 189)  lesion=2.47ml  1.2s
2026-02-21 11:32:36,400 - INFO -   sub-r009s095_ses-1: 20 patches  shape=(197, 233, 189)  lesion=0.17ml  1.2s
2026-02-21 11:32:37,616 - INFO -   sub-r009s096_ses-1: 20 patches  shape=(197, 233, 189)  lesion=5.38ml  1.2s
2026-02-21 11:32:38,832 - INFO -   sub-r009s097_ses-1: 20 patches  shape=(197, 233, 189)  lesion=0.39ml  1.2s
2026-02-21 11:32:40,074 - INFO -   sub-r009s098_ses-1: 20 patches  shape=(197, 233, 189)  lesion=6.20ml  1.2s
2026-02-21 11:32:41,333 - INFO -   sub-r009s099_ses-1: 20 patches  shape=(197, 233, 189)  lesion=0.44ml  1.3s
2026-02-21 11:32:42,553 - INFO -   sub-r009s100_ses-1: 20 patches  shape=(197, 233, 189)  lesion=0.21ml  1.2s
2026-02-21 11:32:43,869 - INFO -   sub-r009s102_ses-1: 20 patches  shape=(197, 233, 189)  lesion=2.99ml  1.3s
2026-02-21 11:32:45,129 - INFO -   sub-r009s103_ses-1: 20 patches  shape=(197, 233, 189)  lesion=53.55ml  1.3s
2026-02-21 11:32:46,188 - INFO -   sub-r009s105_ses-1: 20 patches  shape=(197, 233, 189)  lesion=9.05ml  1.1s
2026-02-21 11:32:47,419 - INFO -   sub-r009s106_ses-1: 20 patches  shape=(197, 233, 189)  lesion=0.18ml  1.2s
2026-02-21 11:32:48,684 - INFO -   sub-r009s107_ses-1: 20 patches  shape=(197, 233, 189)  lesion=4.41ml  1.3s
2026-02-21 11:32:49,926 - INFO -   sub-r009s108_ses-1: 20 patches  shape=(197, 233, 189)  lesion=58.22ml  1.2s
2026-02-21 11:32:51,084 - INFO -   sub-r009s109_ses-1: 20 patches  shape=(197, 233, 189)  lesion=16.00ml  1.2s
2026-02-21 11:32:52,364 - INFO -   sub-r009s110_ses-1: 20 patches  shape=(197, 233, 189)  lesion=1.81ml  1.3s
2026-02-21 11:32:53,721 - INFO -   sub-r009s111_ses-1: 20 patches  shape=(197, 233, 189)  lesion=0.12ml  1.4s
2026-02-21 11:32:54,865 - INFO -   sub-r009s113_ses-1: 20 patches  shape=(197, 233, 189)  lesion=1.11ml  1.1s
2026-02-21 11:32:56,213 - INFO -   sub-r009s114_ses-1: 20 patches  shape=(197, 233, 189)  lesion=3.81ml  1.3s
2026-02-21 11:32:57,493 - INFO -   sub-r009s115_ses-1: 20 patches  shape=(197, 233, 189)  lesion=3.52ml  1.3s
2026-02-21 11:32:58,950 - INFO -   sub-r009s117_ses-1: 20 patches  shape=(197, 233, 189)  lesion=0.95ml  1.5s
2026-02-21 11:33:00,202 - INFO -   sub-r009s118_ses-1: 20 patches  shape=(197, 233, 189)  lesion=1.27ml  1.2s
2026-02-21 11:33:01,474 - INFO -   sub-r009s119_ses-1: 20 patches  shape=(197, 233, 189)  lesion=1.95ml  1.3s
2026-02-21 11:33:02,912 - INFO -   sub-r009s120_ses-1: 20 patches  shape=(197, 233, 189)  lesion=0.83ml  1.4s
2026-02-21 11:33:04,355 - INFO -   sub-r009s121_ses-1: 20 patches  shape=(197, 233, 189)  lesion=0.95ml  1.4s
2026-02-21 11:33:05,613 - INFO -   sub-r009s122_ses-1: 20 patches  shape=(197, 233, 189)  lesion=0.07ml  1.3s
2026-02-21 11:33:06,860 - INFO -   sub-r009s123_ses-1: 20 patches  shape=(197, 233, 189)  lesion=5.25ml  1.2s
2026-02-21 11:33:08,091 - INFO -   sub-r009s124_ses-1: 20 patches  shape=(197, 233, 189)  lesion=1.40ml  1.2s
2026-02-21 11:33:09,334 - INFO -   sub-r009s125_ses-1: 20 patches  shape=(197, 233, 189)  lesion=2.49ml  1.2s
2026-02-21 11:33:10,495 - INFO -   sub-r009s126_ses-1: 20 patches  shape=(197, 233, 189)  lesion=4.52ml  1.2s
2026-02-21 11:33:11,628 - INFO -   sub-r010s001_ses-1: 20 patches  shape=(197, 233, 189)  lesion=1.64ml  1.1s
2026-02-21 11:33:12,734 - INFO -   sub-r010s002_ses-1: 20 patches  shape=(197, 233, 189)  lesion=6.96ml  1.1s
2026-02-21 11:33:13,982 - INFO -   sub-r010s003_ses-1: 20 patches  shape=(197, 233, 189)  lesion=8.66ml  1.2s
2026-02-21 11:33:15,559 - INFO -   sub-r010s004_ses-1: 20 patches  shape=(197, 233, 189)  lesion=0.56ml  1.6s
2026-02-21 11:33:16,735 - INFO -   sub-r010s005_ses-1: 20 patches  shape=(197, 233, 189)  lesion=10.98ml  1.2s
2026-02-21 11:33:17,811 - INFO -   sub-r010s006_ses-1: 20 patches  shape=(197, 233, 189)  lesion=2.02ml  1.1s
2026-02-21 11:33:18,986 - INFO -   sub-r010s007_ses-1: 20 patches  shape=(197, 233, 189)  lesion=5.83ml  1.2s
2026-02-21 11:33:20,070 - INFO -   sub-r010s008_ses-1: 20 patches  shape=(197, 233, 189)  lesion=0.95ml  1.1s
2026-02-21 11:33:21,156 - INFO -   sub-r010s009_ses-1: 20 patches  shape=(197, 233, 189)  lesion=1.57ml  1.1s
2026-02-21 11:33:22,232 - INFO -   sub-r010s010_ses-1: 20 patches  shape=(197, 233, 189)  lesion=0.74ml  1.1s
2026-02-21 11:33:23,314 - INFO -   sub-r010s011_ses-1: 20 patches  shape=(197, 233, 189)  lesion=0.77ml  1.1s
2026-02-21 11:33:24,451 - INFO -   sub-r010s012_ses-1: 20 patches  shape=(197, 233, 189)  lesion=0.84ml  1.1s
2026-02-21 11:33:25,568 - INFO -   sub-r010s013_ses-1: 20 patches  shape=(197, 233, 189)  lesion=1.55ml  1.1s
2026-02-21 11:33:26,777 - INFO -   sub-r010s014_ses-1: 20 patches  shape=(197, 233, 189)  lesion=0.32ml  1.2s
2026-02-21 11:33:27,884 - INFO -   sub-r010s016_ses-1: 20 patches  shape=(197, 233, 189)  lesion=1.65ml  1.1s
2026-02-21 11:33:29,125 - INFO -   sub-r010s018_ses-1: 20 patches  shape=(197, 233, 189)  lesion=2.38ml  1.2s
2026-02-21 11:33:30,286 - INFO -   sub-r010s019_ses-1: 20 patches  shape=(197, 233, 189)  lesion=0.42ml  1.2s
2026-02-21 11:33:31,466 - INFO -   sub-r010s021_ses-1: 20 patches  shape=(197, 233, 189)  lesion=0.56ml  1.2s
2026-02-21 11:33:32,640 - INFO -   sub-r010s022_ses-1: 20 patches  shape=(197, 233, 189)  lesion=0.12ml  1.2s
2026-02-21 11:33:33,806 - INFO -   sub-r010s023_ses-1: 20 patches  shape=(197, 233, 189)  lesion=0.15ml  1.2s
2026-02-21 11:33:34,948 - INFO -   sub-r010s024_ses-1: 20 patches  shape=(197, 233, 189)  lesion=0.88ml  1.1s
2026-02-21 11:33:36,079 - INFO -   sub-r010s026_ses-1: 20 patches  shape=(197, 233, 189)  lesion=0.84ml  1.1s
2026-02-21 11:33:37,233 - INFO -   sub-r010s027_ses-1: 20 patches  shape=(197, 233, 189)  lesion=0.83ml  1.1s
2026-02-21 11:33:38,381 - INFO -   sub-r010s028_ses-1: 20 patches  shape=(197, 233, 189)  lesion=13.03ml  1.1s
2026-02-21 11:33:39,492 - INFO -   sub-r010s029_ses-1: 20 patches  shape=(197, 233, 189)  lesion=0.14ml  1.1s
2026-02-21 11:33:40,625 - INFO -   sub-r010s032_ses-1: 20 patches  shape=(197, 233, 189)  lesion=0.37ml  1.1s
2026-02-21 11:33:41,694 - INFO -   sub-r011s001_ses-1: 20 patches  shape=(197, 233, 189)  lesion=1.67ml  1.1s
2026-02-21 11:33:42,800 - INFO -   sub-r011s002_ses-1: 20 patches  shape=(197, 233, 189)  lesion=2.36ml  1.1s
2026-02-21 11:33:44,005 - INFO -   sub-r011s003_ses-1: 20 patches  shape=(197, 233, 189)  lesion=0.31ml  1.2s
2026-02-21 11:33:45,194 - INFO -   sub-r011s008_ses-1: 20 patches  shape=(197, 233, 189)  lesion=3.71ml  1.2s
2026-02-21 11:33:46,341 - INFO -   sub-r011s010_ses-1: 20 patches  shape=(197, 233, 189)  lesion=4.92ml  1.1s
2026-02-21 11:33:46,586 - WARNING -     No patches passed overlap filter — using lesion centroid
2026-02-21 11:33:46,635 - INFO -   sub-r011s011_ses-1: 1 patches  shape=(197, 233, 189)  lesion=0.01ml  0.3s
2026-02-21 11:33:47,799 - INFO -   sub-r011s012_ses-1: 20 patches  shape=(197, 233, 189)  lesion=6.81ml  1.2s
2026-02-21 11:33:48,922 - INFO -   sub-r011s013_ses-1: 20 patches  shape=(197, 233, 189)  lesion=0.07ml  1.1s
2026-02-21 11:33:50,091 - INFO -   sub-r011s014_ses-1: 20 patches  shape=(197, 233, 189)  lesion=1.36ml  1.2s
2026-02-21 11:33:51,173 - INFO -   sub-r011s015_ses-1: 20 patches  shape=(197, 233, 189)  lesion=2.78ml  1.1s
2026-02-21 11:33:52,277 - INFO -   sub-r011s016_ses-1: 20 patches  shape=(197, 233, 189)  lesion=1.08ml  1.1s
2026-02-21 11:33:53,420 - INFO -   sub-r011s017_ses-1: 20 patches  shape=(197, 233, 189)  lesion=1.14ml  1.1s
2026-02-21 11:33:54,644 - INFO -   sub-r011s018_ses-1: 20 patches  shape=(197, 233, 189)  lesion=2.04ml  1.2s
2026-02-21 11:33:55,785 - INFO -   sub-r011s019_ses-1: 20 patches  shape=(197, 233, 189)  lesion=0.92ml  1.1s
2026-02-21 11:33:56,934 - INFO -   sub-r011s020_ses-1: 20 patches  shape=(197, 233, 189)  lesion=2.59ml  1.1s
2026-02-21 11:33:58,081 - INFO -   sub-r011s021_ses-1: 20 patches  shape=(197, 233, 189)  lesion=0.16ml  1.1s
2026-02-21 11:33:59,181 - INFO -   sub-r011s022_ses-1: 20 patches  shape=(197, 233, 189)  lesion=0.57ml  1.1s
2026-02-21 11:34:00,361 - INFO -   sub-r011s023_ses-1: 20 patches  shape=(197, 233, 189)  lesion=1.15ml  1.2s
2026-02-21 11:34:01,558 - INFO -   sub-r011s024_ses-1: 20 patches  shape=(197, 233, 189)  lesion=3.74ml  1.2s
2026-02-21 11:34:02,794 - INFO -   sub-r011s025_ses-1: 20 patches  shape=(197, 233, 189)  lesion=2.49ml  1.2s
2026-02-21 11:34:03,938 - INFO -   sub-r011s026_ses-1: 20 patches  shape=(197, 233, 189)  lesion=0.07ml  1.1s
2026-02-21 11:34:05,101 - INFO -   sub-r011s027_ses-1: 20 patches  shape=(197, 233, 189)  lesion=0.08ml  1.2s
2026-02-21 11:34:06,281 - INFO -   sub-r011s028_ses-1: 20 patches  shape=(197, 233, 189)  lesion=0.23ml  1.2s
2026-02-21 11:34:07,405 - INFO -   sub-r011s029_ses-1: 20 patches  shape=(197, 233, 189)  lesion=5.29ml  1.1s
2026-02-21 11:34:08,575 - INFO -   sub-r011s030_ses-1: 20 patches  shape=(197, 233, 189)  lesion=4.84ml  1.2s
2026-02-21 11:34:09,694 - INFO -   sub-r011s031_ses-1: 20 patches  shape=(197, 233, 189)  lesion=0.60ml  1.1s
2026-02-21 11:34:10,807 - INFO -   sub-r011s032_ses-1: 20 patches  shape=(197, 233, 189)  lesion=1.23ml  1.1s
2026-02-21 11:34:11,957 - INFO -   sub-r011s033_ses-1: 20 patches  shape=(197, 233, 189)  lesion=0.09ml  1.1s
2026-02-21 11:34:13,032 - INFO -   sub-r011s034_ses-1: 20 patches  shape=(197, 233, 189)  lesion=1.22ml  1.1s
2026-02-21 11:34:14,588 - INFO -   sub-r014s002_ses-1: 20 patches  shape=(197, 233, 189)  lesion=0.11ml  1.6s
2026-02-21 11:34:16,062 - INFO -   sub-r014s004_ses-1: 20 patches  shape=(197, 233, 189)  lesion=0.22ml  1.5s
2026-02-21 11:34:17,619 - INFO -   sub-r014s008_ses-1: 20 patches  shape=(197, 233, 189)  lesion=0.21ml  1.6s
2026-02-21 11:34:19,254 - INFO -   sub-r014s010_ses-1: 20 patches  shape=(197, 233, 189)  lesion=0.78ml  1.6s
2026-02-21 11:34:20,680 - INFO -   sub-r014s015_ses-1: 20 patches  shape=(197, 233, 189)  lesion=0.24ml  1.4s
2026-02-21 11:34:22,098 - INFO -   sub-r015s001_ses-1: 20 patches  shape=(197, 233, 189)  lesion=23.97ml  1.4s
2026-02-21 11:34:23,745 - INFO -   sub-r015s006_ses-1: 20 patches  shape=(197, 233, 189)  lesion=1.47ml  1.6s
2026-02-21 11:34:25,150 - INFO -   sub-r015s008_ses-1: 20 patches  shape=(197, 233, 189)  lesion=35.87ml  1.4s
2026-02-21 11:34:26,706 - INFO -   sub-r015s009_ses-1: 20 patches  shape=(197, 233, 189)  lesion=1.02ml  1.6s
2026-02-21 11:34:28,017 - INFO -   sub-r015s010_ses-1: 20 patches  shape=(197, 233, 189)  lesion=62.25ml  1.3s
2026-02-21 11:34:29,387 - INFO -   sub-r015s011_ses-1: 20 patches  shape=(197, 233, 189)  lesion=119.73ml  1.4s
2026-02-21 11:34:30,680 - INFO -   sub-r015s016_ses-1: 20 patches  shape=(197, 233, 189)  lesion=85.15ml  1.3s
2026-02-21 11:34:32,123 - INFO -   sub-r015s018_ses-1: 20 patches  shape=(197, 233, 189)  lesion=1.78ml  1.4s
2026-02-21 11:34:33,518 - INFO -   sub-r015s019_ses-1: 20 patches  shape=(197, 233, 189)  lesion=0.51ml  1.4s
2026-02-21 11:34:35,128 - INFO -   sub-r015s025_ses-1: 20 patches  shape=(197, 233, 189)  lesion=1.68ml  1.6s
2026-02-21 11:34:36,575 - INFO -   sub-r015s026_ses-1: 20 patches  shape=(197, 233, 189)  lesion=5.33ml  1.4s
2026-02-21 11:34:37,944 - INFO -   sub-r015s027_ses-1: 20 patches  shape=(197, 233, 189)  lesion=24.41ml  1.4s
2026-02-21 11:34:39,471 - INFO -   sub-r017s104_ses-1: 20 patches  shape=(197, 233, 189)  lesion=53.65ml  1.5s
2026-02-21 11:34:40,953 - INFO -   sub-r017s105_ses-1: 20 patches  shape=(197, 233, 189)  lesion=1.08ml  1.5s
2026-02-21 11:34:42,340 - INFO -   sub-r017s106_ses-1: 20 patches  shape=(197, 233, 189)  lesion=84.23ml  1.4s
2026-02-21 11:34:43,708 - INFO -   sub-r017s110_ses-1: 20 patches  shape=(197, 233, 189)  lesion=120.01ml  1.4s
2026-02-21 11:34:45,054 - INFO -   sub-r017s116_ses-1: 20 patches  shape=(197, 233, 189)  lesion=52.39ml  1.3s
2026-02-21 11:34:46,637 - INFO -   sub-r017s117_ses-1: 20 patches  shape=(197, 233, 189)  lesion=0.51ml  1.6s
2026-02-21 11:34:48,163 - INFO -   sub-r017s118_ses-1: 20 patches  shape=(197, 233, 189)  lesion=0.69ml  1.5s
2026-02-21 11:34:49,535 - INFO -   sub-r017s119_ses-1: 20 patches  shape=(197, 233, 189)  lesion=19.16ml  1.4s
2026-02-21 11:34:50,915 - INFO -   sub-r018s001_ses-1: 20 patches  shape=(197, 233, 189)  lesion=30.12ml  1.4s
2026-02-21 11:34:52,369 - INFO -   sub-r018s007_ses-1: 20 patches  shape=(197, 233, 189)  lesion=67.23ml  1.4s
2026-02-21 11:34:53,900 - INFO -   sub-r018s008_ses-1: 20 patches  shape=(197, 233, 189)  lesion=52.33ml  1.5s
2026-02-21 11:34:55,412 - INFO -   sub-r018s010_ses-1: 20 patches  shape=(197, 233, 189)  lesion=0.58ml  1.5s
2026-02-21 11:34:56,909 - INFO -   sub-r018s011_ses-1: 20 patches  shape=(197, 233, 189)  lesion=108.09ml  1.5s
2026-02-21 11:34:58,439 - INFO -   sub-r018s012_ses-1: 20 patches  shape=(197, 233, 189)  lesion=52.79ml  1.5s
2026-02-21 11:34:59,942 - INFO -   sub-r019s001_ses-1: 20 patches  shape=(197, 233, 189)  lesion=0.24ml  1.5s
2026-02-21 11:35:01,218 - INFO -   sub-r019s004_ses-1: 20 patches  shape=(197, 233, 189)  lesion=99.44ml  1.3s
2026-02-21 11:35:02,608 - INFO -   sub-r019s007_ses-1: 20 patches  shape=(197, 233, 189)  lesion=8.24ml  1.4s
2026-02-21 11:35:04,170 - INFO -   sub-r019s008_ses-1: 20 patches  shape=(197, 233, 189)  lesion=2.63ml  1.6s
2026-02-21 11:35:05,725 - INFO -   sub-r019s009_ses-1: 20 patches  shape=(197, 233, 189)  lesion=16.16ml  1.6s
2026-02-21 11:35:07,173 - INFO -   sub-r019s010_ses-1: 20 patches  shape=(197, 233, 189)  lesion=1.23ml  1.4s
2026-02-21 11:35:08,710 - INFO -   sub-r019s012_ses-1: 20 patches  shape=(197, 233, 189)  lesion=2.85ml  1.5s
2026-02-21 11:35:10,159 - INFO -   sub-r023s001_ses-1: 20 patches  shape=(197, 233, 189)  lesion=2.56ml  1.4s
2026-02-21 11:35:11,614 - INFO -   sub-r023s002_ses-1: 20 patches  shape=(197, 233, 189)  lesion=69.39ml  1.5s
2026-02-21 11:35:13,082 - INFO -   sub-r023s003_ses-1: 20 patches  shape=(197, 233, 189)  lesion=152.70ml  1.5s
2026-02-21 11:35:14,573 - INFO -   sub-r023s007_ses-1: 20 patches  shape=(197, 233, 189)  lesion=4.31ml  1.5s
2026-02-21 11:35:16,115 - INFO -   sub-r023s008_ses-1: 20 patches  shape=(197, 233, 189)  lesion=204.50ml  1.5s
2026-02-21 11:35:17,507 - INFO -   sub-r023s009_ses-1: 20 patches  shape=(197, 233, 189)  lesion=141.28ml  1.4s
2026-02-21 11:35:18,909 - INFO -   sub-r023s014_ses-1: 20 patches  shape=(197, 233, 189)  lesion=4.15ml  1.4s
2026-02-21 11:35:20,186 - INFO -   sub-r023s017_ses-1: 20 patches  shape=(197, 233, 189)  lesion=131.16ml  1.3s
2026-02-21 11:35:21,599 - INFO -   sub-r024s002_ses-1: 20 patches  shape=(197, 233, 189)  lesion=123.84ml  1.4s
2026-02-21 11:35:23,007 - INFO -   sub-r024s003_ses-1: 20 patches  shape=(197, 233, 189)  lesion=33.78ml  1.4s
2026-02-21 11:35:24,414 - INFO -   sub-r024s005_ses-1: 20 patches  shape=(197, 233, 189)  lesion=51.29ml  1.4s
2026-02-21 11:35:25,735 - INFO -   sub-r024s008_ses-1: 20 patches  shape=(197, 233, 189)  lesion=5.48ml  1.3s
2026-02-21 11:35:27,227 - INFO -   sub-r024s011_ses-1: 20 patches  shape=(197, 233, 189)  lesion=5.57ml  1.5s
2026-02-21 11:35:28,644 - INFO -   sub-r024s012_ses-1: 20 patches  shape=(197, 233, 189)  lesion=0.53ml  1.4s
2026-02-21 11:35:30,138 - INFO -   sub-r024s013_ses-1: 20 patches  shape=(197, 233, 189)  lesion=0.55ml  1.5s
2026-02-21 11:35:31,387 - INFO -   sub-r024s014_ses-1: 20 patches  shape=(197, 233, 189)  lesion=5.16ml  1.2s
2026-02-21 11:35:32,736 - INFO -   sub-r024s018_ses-1: 20 patches  shape=(197, 233, 189)  lesion=19.14ml  1.3s
2026-02-21 11:35:34,055 - INFO -   sub-r024s019_ses-1: 20 patches  shape=(197, 233, 189)  lesion=123.25ml  1.3s
2026-02-21 11:35:35,422 - INFO -   sub-r024s021_ses-1: 20 patches  shape=(197, 233, 189)  lesion=0.87ml  1.4s
2026-02-21 11:35:36,873 - INFO -   sub-r027s001_ses-1: 20 patches  shape=(197, 233, 189)  lesion=4.25ml  1.4s
2026-02-21 11:35:38,326 - INFO -   sub-r027s006_ses-1: 20 patches  shape=(197, 233, 189)  lesion=0.64ml  1.4s
2026-02-21 11:35:39,639 - INFO -   sub-r027s009_ses-1: 20 patches  shape=(197, 233, 189)  lesion=63.30ml  1.3s
2026-02-21 11:35:41,124 - INFO -   sub-r027s013_ses-1: 20 patches  shape=(197, 233, 189)  lesion=1.50ml  1.5s
2026-02-21 11:35:42,624 - INFO -   sub-r027s015_ses-1: 20 patches  shape=(197, 233, 189)  lesion=5.25ml  1.5s
2026-02-21 11:35:44,032 - INFO -   sub-r027s017_ses-1: 20 patches  shape=(197, 233, 189)  lesion=10.92ml  1.4s
2026-02-21 11:35:45,429 - INFO -   sub-r027s023_ses-1: 20 patches  shape=(197, 233, 189)  lesion=34.33ml  1.4s
2026-02-21 11:35:46,801 - INFO -   sub-r027s031_ses-1: 20 patches  shape=(197, 233, 189)  lesion=91.44ml  1.4s
2026-02-21 11:35:48,302 - INFO -   sub-r027s032_ses-1: 20 patches  shape=(197, 233, 189)  lesion=1.43ml  1.5s
2026-02-21 11:35:49,581 - INFO -   sub-r027s035_ses-1: 20 patches  shape=(197, 233, 189)  lesion=26.10ml  1.3s
2026-02-21 11:35:50,972 - INFO -   sub-r027s041_ses-1: 20 patches  shape=(197, 233, 189)  lesion=2.78ml  1.4s
2026-02-21 11:35:52,591 - INFO -   sub-r027s042_ses-1: 20 patches  shape=(197, 233, 189)  lesion=17.93ml  1.6s
2026-02-21 11:35:53,973 - INFO -   sub-r027s047_ses-1: 20 patches  shape=(197, 233, 189)  lesion=12.54ml  1.4s
2026-02-21 11:35:55,446 - INFO -   sub-r027s048_ses-1: 20 patches  shape=(197, 233, 189)  lesion=146.58ml  1.5s
2026-02-21 11:35:56,746 - INFO -   sub-r027s050_ses-1: 20 patches  shape=(197, 233, 189)  lesion=12.15ml  1.3s
2026-02-21 11:35:57,942 - INFO -   sub-r027s052_ses-1: 20 patches  shape=(197, 233, 189)  lesion=0.68ml  1.2s
2026-02-21 11:35:59,527 - INFO -   sub-r028s002_ses-1: 20 patches  shape=(197, 233, 189)  lesion=33.96ml  1.6s
2026-02-21 11:36:01,135 - INFO -   sub-r028s004_ses-1: 20 patches  shape=(197, 233, 189)  lesion=3.30ml  1.6s
2026-02-21 11:36:02,699 - INFO -   sub-r028s005_ses-1: 20 patches  shape=(197, 233, 189)  lesion=4.92ml  1.6s
2026-02-21 11:36:04,247 - INFO -   sub-r028s007_ses-1: 20 patches  shape=(197, 233, 189)  lesion=5.09ml  1.5s
2026-02-21 11:36:05,806 - INFO -   sub-r028s008_ses-1: 20 patches  shape=(197, 233, 189)  lesion=75.07ml  1.6s
2026-02-21 11:36:07,381 - INFO -   sub-r028s009_ses-1: 20 patches  shape=(197, 233, 189)  lesion=4.64ml  1.6s
2026-02-21 11:36:08,985 - INFO -   sub-r028s011_ses-1: 20 patches  shape=(197, 233, 189)  lesion=0.43ml  1.6s
2026-02-21 11:36:10,534 - INFO -   sub-r028s012_ses-1: 20 patches  shape=(197, 233, 189)  lesion=3.62ml  1.5s
2026-02-21 11:36:12,164 - INFO -   sub-r028s013_ses-1: 20 patches  shape=(197, 233, 189)  lesion=12.38ml  1.6s
2026-02-21 11:36:13,776 - INFO -   sub-r028s014_ses-1: 20 patches  shape=(197, 233, 189)  lesion=8.65ml  1.6s
2026-02-21 11:36:15,292 - INFO -   sub-r028s017_ses-1: 20 patches  shape=(197, 233, 189)  lesion=3.08ml  1.5s
2026-02-21 11:36:16,887 - INFO -   sub-r028s020_ses-1: 20 patches  shape=(197, 233, 189)  lesion=25.26ml  1.6s
2026-02-21 11:36:18,458 - INFO -   sub-r028s026_ses-1: 20 patches  shape=(197, 233, 189)  lesion=4.25ml  1.6s
2026-02-21 11:36:19,606 - INFO -   sub-r029s003_ses-1: 20 patches  shape=(197, 233, 189)  lesion=67.08ml  1.1s
2026-02-21 11:36:20,727 - INFO -   sub-r029s004_ses-1: 20 patches  shape=(197, 233, 189)  lesion=22.69ml  1.1s
2026-02-21 11:36:21,929 - INFO -   sub-r029s007_ses-1: 20 patches  shape=(197, 233, 189)  lesion=50.46ml  1.2s
2026-02-21 11:36:23,086 - INFO -   sub-r029s009_ses-1: 20 patches  shape=(197, 233, 189)  lesion=2.79ml  1.2s
2026-02-21 11:36:24,355 - INFO -   sub-r029s010_ses-1: 20 patches  shape=(197, 233, 189)  lesion=0.98ml  1.3s
2026-02-21 11:36:25,969 - INFO -   sub-r031s001_ses-1: 20 patches  shape=(197, 233, 189)  lesion=133.78ml  1.6s
2026-02-21 11:36:27,553 - INFO -   sub-r031s002_ses-1: 20 patches  shape=(197, 233, 189)  lesion=31.37ml  1.6s
2026-02-21 11:36:29,110 - INFO -   sub-r031s003_ses-1: 20 patches  shape=(197, 233, 189)  lesion=48.07ml  1.6s
2026-02-21 11:36:30,455 - INFO -   sub-r031s004_ses-1: 20 patches  shape=(197, 233, 189)  lesion=3.10ml  1.3s
2026-02-21 11:36:31,968 - INFO -   sub-r031s005_ses-1: 20 patches  shape=(197, 233, 189)  lesion=2.75ml  1.5s
2026-02-21 11:36:33,518 - INFO -   sub-r031s006_ses-1: 20 patches  shape=(197, 233, 189)  lesion=36.54ml  1.5s
2026-02-21 11:36:35,116 - INFO -   sub-r031s007_ses-1: 20 patches  shape=(197, 233, 189)  lesion=86.77ml  1.6s
2026-02-21 11:36:36,767 - INFO -   sub-r031s008_ses-1: 20 patches  shape=(197, 233, 189)  lesion=2.44ml  1.6s
2026-02-21 11:36:38,333 - INFO -   sub-r031s009_ses-1: 20 patches  shape=(197, 233, 189)  lesion=85.45ml  1.6s
2026-02-21 11:36:39,878 - INFO -   sub-r031s010_ses-1: 20 patches  shape=(197, 233, 189)  lesion=2.89ml  1.5s
2026-02-21 11:36:41,439 - INFO -   sub-r031s011_ses-1: 20 patches  shape=(197, 233, 189)  lesion=49.66ml  1.6s
2026-02-21 11:36:43,015 - INFO -   sub-r031s012_ses-1: 20 patches  shape=(197, 233, 189)  lesion=8.36ml  1.6s
2026-02-21 11:36:44,617 - INFO -   sub-r031s013_ses-1: 20 patches  shape=(197, 233, 189)  lesion=222.00ml  1.6s
2026-02-21 11:36:46,236 - INFO -   sub-r031s014_ses-1: 20 patches  shape=(197, 233, 189)  lesion=1.77ml  1.6s
2026-02-21 11:36:47,780 - INFO -   sub-r031s015_ses-1: 20 patches  shape=(197, 233, 189)  lesion=6.38ml  1.5s
2026-02-21 11:36:49,376 - INFO -   sub-r031s016_ses-1: 20 patches  shape=(197, 233, 189)  lesion=2.51ml  1.6s
2026-02-21 11:36:51,009 - INFO -   sub-r031s017_ses-1: 20 patches  shape=(197, 233, 189)  lesion=0.69ml  1.6s
2026-02-21 11:36:52,549 - INFO -   sub-r031s018_ses-1: 20 patches  shape=(197, 233, 189)  lesion=15.03ml  1.5s
2026-02-21 11:36:54,102 - INFO -   sub-r031s019_ses-1: 20 patches  shape=(197, 233, 189)  lesion=11.62ml  1.5s
2026-02-21 11:36:55,645 - INFO -   sub-r031s020_ses-1: 20 patches  shape=(197, 233, 189)  lesion=9.65ml  1.5s
2026-02-21 11:36:57,273 - INFO -   sub-r031s021_ses-1: 20 patches  shape=(197, 233, 189)  lesion=3.25ml  1.6s
2026-02-21 11:36:58,806 - INFO -   sub-r031s022_ses-1: 20 patches  shape=(197, 233, 189)  lesion=212.19ml  1.5s
2026-02-21 11:37:00,285 - INFO -   sub-r031s023_ses-1: 20 patches  shape=(197, 233, 189)  lesion=0.73ml  1.5s
2026-02-21 11:37:01,929 - INFO -   sub-r031s024_ses-1: 20 patches  shape=(197, 233, 189)  lesion=40.82ml  1.6s
2026-02-21 11:37:03,486 - INFO -   sub-r031s025_ses-1: 20 patches  shape=(197, 233, 189)  lesion=39.12ml  1.6s
2026-02-21 11:37:05,054 - INFO -   sub-r031s026_ses-1: 20 patches  shape=(197, 233, 189)  lesion=1.28ml  1.6s
2026-02-21 11:37:06,622 - INFO -   sub-r031s027_ses-1: 20 patches  shape=(197, 233, 189)  lesion=1.76ml  1.6s
2026-02-21 11:37:08,257 - INFO -   sub-r031s028_ses-1: 20 patches  shape=(197, 233, 189)  lesion=28.07ml  1.6s
2026-02-21 11:37:09,870 - INFO -   sub-r031s029_ses-1: 20 patches  shape=(197, 233, 189)  lesion=5.98ml  1.6s
2026-02-21 11:37:11,318 - INFO -   sub-r031s030_ses-1: 20 patches  shape=(197, 233, 189)  lesion=34.75ml  1.4s
2026-02-21 11:37:12,869 - INFO -   sub-r031s031_ses-1: 20 patches  shape=(197, 233, 189)  lesion=3.22ml  1.5s
2026-02-21 11:37:14,448 - INFO -   sub-r031s032_ses-1: 20 patches  shape=(197, 233, 189)  lesion=0.72ml  1.6s
2026-02-21 11:37:16,016 - INFO -   sub-r031s033_ses-1: 20 patches  shape=(197, 233, 189)  lesion=44.89ml  1.6s
2026-02-21 11:37:17,551 - INFO -   sub-r031s034_ses-1: 20 patches  shape=(197, 233, 189)  lesion=147.55ml  1.5s
2026-02-21 11:37:19,107 - INFO -   sub-r031s035_ses-1: 20 patches  shape=(197, 233, 189)  lesion=79.46ml  1.6s
2026-02-21 11:37:20,654 - INFO -   sub-r031s036_ses-1: 20 patches  shape=(197, 233, 189)  lesion=7.70ml  1.5s
2026-02-21 11:37:22,302 - INFO -   sub-r031s037_ses-1: 20 patches  shape=(197, 233, 189)  lesion=7.20ml  1.6s
2026-02-21 11:37:23,664 - INFO -   sub-r034s003_ses-1: 20 patches  shape=(197, 233, 189)  lesion=45.07ml  1.4s
2026-02-21 11:37:25,134 - INFO -   sub-r034s006_ses-1: 20 patches  shape=(197, 233, 189)  lesion=4.03ml  1.5s
2026-02-21 11:37:26,550 - INFO -   sub-r034s007_ses-1: 20 patches  shape=(197, 233, 189)  lesion=81.64ml  1.4s
2026-02-21 11:37:28,008 - INFO -   sub-r034s008_ses-1: 20 patches  shape=(197, 233, 189)  lesion=2.46ml  1.5s
2026-02-21 11:37:29,496 - INFO -   sub-r034s009_ses-1: 20 patches  shape=(197, 233, 189)  lesion=33.59ml  1.5s
2026-02-21 11:37:30,882 - INFO -   sub-r034s010_ses-1: 20 patches  shape=(197, 233, 189)  lesion=0.24ml  1.4s
2026-02-21 11:37:32,415 - INFO -   sub-r034s011_ses-1: 20 patches  shape=(197, 233, 189)  lesion=7.21ml  1.5s
2026-02-21 11:37:33,750 - INFO -   sub-r034s012_ses-1: 20 patches  shape=(197, 233, 189)  lesion=2.04ml  1.3s
2026-02-21 11:37:35,187 - INFO -   sub-r034s013_ses-1: 20 patches  shape=(197, 233, 189)  lesion=110.64ml  1.4s
2026-02-21 11:37:36,707 - INFO -   sub-r034s014_ses-1: 20 patches  shape=(197, 233, 189)  lesion=22.88ml  1.5s
2026-02-21 11:37:38,213 - INFO -   sub-r034s015_ses-1: 20 patches  shape=(197, 233, 189)  lesion=6.93ml  1.5s
2026-02-21 11:37:39,687 - INFO -   sub-r034s021_ses-1: 20 patches  shape=(197, 233, 189)  lesion=8.16ml  1.5s
2026-02-21 11:37:41,187 - INFO -   sub-r034s022_ses-1: 20 patches  shape=(197, 233, 189)  lesion=0.36ml  1.5s
2026-02-21 11:37:42,685 - INFO -   sub-r034s025_ses-1: 20 patches  shape=(197, 233, 189)  lesion=4.51ml  1.5s
2026-02-21 11:37:44,062 - INFO -   sub-r034s026_ses-1: 20 patches  shape=(197, 233, 189)  lesion=67.19ml  1.4s
2026-02-21 11:37:45,480 - INFO -   sub-r034s032_ses-1: 20 patches  shape=(197, 233, 189)  lesion=0.40ml  1.4s
2026-02-21 11:37:46,824 - INFO -   sub-r034s033_ses-1: 20 patches  shape=(197, 233, 189)  lesion=0.70ml  1.3s
2026-02-21 11:37:48,346 - INFO -   sub-r034s036_ses-1: 20 patches  shape=(197, 233, 189)  lesion=0.12ml  1.5s
2026-02-21 11:37:49,831 - INFO -   sub-r034s037_ses-1: 20 patches  shape=(197, 233, 189)  lesion=0.63ml  1.5s
2026-02-21 11:37:51,204 - INFO -   sub-r034s039_ses-1: 20 patches  shape=(197, 233, 189)  lesion=65.45ml  1.4s
2026-02-21 11:37:52,702 - INFO -   sub-r034s040_ses-1: 20 patches  shape=(197, 233, 189)  lesion=1.86ml  1.5s
2026-02-21 11:37:54,088 - INFO -   sub-r034s046_ses-1: 20 patches  shape=(197, 233, 189)  lesion=1.03ml  1.4s
2026-02-21 11:37:55,628 - INFO -   sub-r034s047_ses-1: 20 patches  shape=(197, 233, 189)  lesion=1.18ml  1.5s
2026-02-21 11:37:57,080 - INFO -   sub-r034s048_ses-1: 20 patches  shape=(197, 233, 189)  lesion=1.64ml  1.4s
2026-02-21 11:37:58,409 - INFO -   sub-r035s003_ses-1: 20 patches  shape=(197, 233, 189)  lesion=0.27ml  1.3s
2026-02-21 11:37:59,892 - INFO -   sub-r035s005_ses-1: 20 patches  shape=(197, 233, 189)  lesion=1.16ml  1.5s
2026-02-21 11:38:01,365 - INFO -   sub-r035s006_ses-1: 20 patches  shape=(197, 233, 189)  lesion=25.13ml  1.5s
2026-02-21 11:38:02,675 - INFO -   sub-r035s007_ses-1: 20 patches  shape=(197, 233, 189)  lesion=5.85ml  1.3s
2026-02-21 11:38:04,093 - INFO -   sub-r035s011_ses-1: 20 patches  shape=(197, 233, 189)  lesion=1.91ml  1.4s
2026-02-21 11:38:05,378 - INFO -   sub-r035s012_ses-1: 20 patches  shape=(197, 233, 189)  lesion=33.99ml  1.3s
2026-02-21 11:38:06,964 - INFO -   sub-r035s013_ses-1: 20 patches  shape=(197, 233, 189)  lesion=0.95ml  1.6s
2026-02-21 11:38:08,704 - INFO -   sub-r035s014_ses-1: 20 patches  shape=(197, 233, 189)  lesion=47.63ml  1.7s
2026-02-21 11:38:10,294 - INFO -   sub-r038s005_ses-1: 20 patches  shape=(197, 233, 189)  lesion=130.50ml  1.6s
2026-02-21 11:38:11,858 - INFO -   sub-r038s006_ses-1: 20 patches  shape=(197, 233, 189)  lesion=1.73ml  1.6s
2026-02-21 11:38:13,194 - INFO -   sub-r038s007_ses-1: 20 patches  shape=(197, 233, 189)  lesion=0.48ml  1.3s
2026-02-21 11:38:14,766 - INFO -   sub-r038s010_ses-1: 20 patches  shape=(197, 233, 189)  lesion=1.14ml  1.6s
2026-02-21 11:38:16,143 - INFO -   sub-r038s014_ses-1: 20 patches  shape=(197, 233, 189)  lesion=137.75ml  1.4s
2026-02-21 11:38:17,608 - INFO -   sub-r038s016_ses-1: 20 patches  shape=(197, 233, 189)  lesion=6.26ml  1.5s
2026-02-21 11:38:19,012 - INFO -   sub-r038s017_ses-1: 20 patches  shape=(197, 233, 189)  lesion=59.86ml  1.4s
2026-02-21 11:38:20,515 - INFO -   sub-r038s018_ses-1: 20 patches  shape=(197, 233, 189)  lesion=1.79ml  1.5s
2026-02-21 11:38:22,107 - INFO -   sub-r038s020_ses-1: 20 patches  shape=(197, 233, 189)  lesion=3.94ml  1.6s
2026-02-21 11:38:23,628 - INFO -   sub-r038s021_ses-1: 20 patches  shape=(197, 233, 189)  lesion=0.54ml  1.5s
2026-02-21 11:38:25,222 - INFO -   sub-r038s022_ses-1: 20 patches  shape=(197, 233, 189)  lesion=42.79ml  1.6s
2026-02-21 11:38:26,753 - INFO -   sub-r038s023_ses-1: 20 patches  shape=(197, 233, 189)  lesion=2.12ml  1.5s
2026-02-21 11:38:28,201 - INFO -   sub-r038s024_ses-1: 20 patches  shape=(197, 233, 189)  lesion=0.98ml  1.4s
2026-02-21 11:38:29,615 - INFO -   sub-r038s025_ses-1: 20 patches  shape=(197, 233, 189)  lesion=29.36ml  1.4s
2026-02-21 11:38:31,140 - INFO -   sub-r038s026_ses-1: 20 patches  shape=(197, 233, 189)  lesion=0.52ml  1.5s
2026-02-21 11:38:32,596 - INFO -   sub-r038s028_ses-1: 20 patches  shape=(197, 233, 189)  lesion=51.86ml  1.5s
2026-02-21 11:38:34,159 - INFO -   sub-r038s032_ses-1: 20 patches  shape=(197, 233, 189)  lesion=15.53ml  1.6s
2026-02-21 11:38:35,832 - INFO -   sub-r038s033_ses-1: 20 patches  shape=(197, 233, 189)  lesion=8.12ml  1.7s
2026-02-21 11:38:37,375 - INFO -   sub-r038s035_ses-1: 20 patches  shape=(197, 233, 189)  lesion=3.55ml  1.5s
2026-02-21 11:38:38,983 - INFO -   sub-r038s036_ses-1: 20 patches  shape=(197, 233, 189)  lesion=14.62ml  1.6s
2026-02-21 11:38:40,588 - INFO -   sub-r038s040_ses-1: 20 patches  shape=(197, 233, 189)  lesion=36.76ml  1.6s
2026-02-21 11:38:41,959 - INFO -   sub-r038s041_ses-1: 20 patches  shape=(197, 233, 189)  lesion=2.82ml  1.4s
2026-02-21 11:38:43,533 - INFO -   sub-r038s043_ses-1: 20 patches  shape=(197, 233, 189)  lesion=89.75ml  1.6s
2026-02-21 11:38:45,148 - INFO -   sub-r038s047_ses-1: 20 patches  shape=(197, 233, 189)  lesion=17.64ml  1.6s
2026-02-21 11:38:46,573 - INFO -   sub-r038s048_ses-1: 20 patches  shape=(197, 233, 189)  lesion=61.10ml  1.4s
2026-02-21 11:38:47,968 - INFO -   sub-r038s049_ses-1: 20 patches  shape=(197, 233, 189)  lesion=118.72ml  1.4s
2026-02-21 11:38:49,443 - INFO -   sub-r038s054_ses-1: 20 patches  shape=(197, 233, 189)  lesion=8.09ml  1.5s
2026-02-21 11:38:50,861 - INFO -   sub-r038s056_ses-1: 20 patches  shape=(197, 233, 189)  lesion=205.68ml  1.4s
2026-02-21 11:38:52,293 - INFO -   sub-r038s057_ses-1: 20 patches  shape=(197, 233, 189)  lesion=1.10ml  1.4s
2026-02-21 11:38:53,797 - INFO -   sub-r038s058_ses-1: 20 patches  shape=(197, 233, 189)  lesion=0.55ml  1.5s
2026-02-21 11:38:55,361 - INFO -   sub-r038s060_ses-1: 20 patches  shape=(197, 233, 189)  lesion=76.07ml  1.6s
2026-02-21 11:38:56,829 - INFO -   sub-r038s061_ses-1: 20 patches  shape=(197, 233, 189)  lesion=196.00ml  1.5s
2026-02-21 11:38:58,326 - INFO -   sub-r038s064_ses-1: 20 patches  shape=(197, 233, 189)  lesion=6.62ml  1.5s
2026-02-21 11:38:59,846 - INFO -   sub-r038s065_ses-1: 20 patches  shape=(197, 233, 189)  lesion=3.15ml  1.5s
2026-02-21 11:39:01,173 - INFO -   sub-r038s067_ses-1: 20 patches  shape=(197, 233, 189)  lesion=2.10ml  1.3s
2026-02-21 11:39:02,658 - INFO -   sub-r038s068_ses-1: 20 patches  shape=(197, 233, 189)  lesion=0.58ml  1.5s
2026-02-21 11:39:04,293 - INFO -   sub-r038s069_ses-1: 20 patches  shape=(197, 233, 189)  lesion=2.50ml  1.6s
2026-02-21 11:39:05,622 - INFO -   sub-r038s071_ses-1: 20 patches  shape=(197, 233, 189)  lesion=113.29ml  1.3s
2026-02-21 11:39:07,200 - INFO -   sub-r038s074_ses-1: 20 patches  shape=(197, 233, 189)  lesion=0.63ml  1.6s
2026-02-21 11:39:08,586 - INFO -   sub-r038s078_ses-1: 20 patches  shape=(197, 233, 189)  lesion=285.72ml  1.4s
2026-02-21 11:39:09,945 - INFO -   sub-r038s081_ses-1: 20 patches  shape=(197, 233, 189)  lesion=52.90ml  1.4s
2026-02-21 11:39:11,447 - INFO -   sub-r038s082_ses-1: 20 patches  shape=(197, 233, 189)  lesion=2.60ml  1.5s
2026-02-21 11:39:12,934 - INFO -   sub-r038s084_ses-1: 20 patches  shape=(197, 233, 189)  lesion=41.86ml  1.5s
2026-02-21 11:39:14,336 - INFO -   sub-r038s085_ses-1: 20 patches  shape=(197, 233, 189)  lesion=27.03ml  1.4s
2026-02-21 11:39:15,679 - INFO -   sub-r038s089_ses-1: 20 patches  shape=(197, 233, 189)  lesion=4.34ml  1.3s
2026-02-21 11:39:17,253 - INFO -   sub-r038s091_ses-1: 20 patches  shape=(197, 233, 189)  lesion=6.19ml  1.6s
2026-02-21 11:39:18,799 - INFO -   sub-r038s093_ses-1: 20 patches  shape=(197, 233, 189)  lesion=0.90ml  1.5s
2026-02-21 11:39:20,290 - INFO -   sub-r038s096_ses-1: 20 patches  shape=(197, 233, 189)  lesion=1.91ml  1.5s
2026-02-21 11:39:21,679 - INFO -   sub-r038s097_ses-1: 20 patches  shape=(197, 233, 189)  lesion=2.61ml  1.4s
2026-02-21 11:39:21,892 - WARNING -     No lesion voxels found — skipping lesion-focused sampling
2026-02-21 11:39:21,892 - WARNING -   SKIP sub-r039s002_ses-1: could not extract any patches
2026-02-21 11:39:23,342 - INFO -   sub-r039s003_ses-1: 20 patches  shape=(197, 233, 189)  lesion=0.92ml  1.4s
2026-02-21 11:39:24,616 - INFO -   sub-r040s001_ses-1: 20 patches  shape=(197, 233, 189)  lesion=1.42ml  1.3s
2026-02-21 11:39:26,009 - INFO -   sub-r040s002_ses-1: 20 patches  shape=(197, 233, 189)  lesion=1.05ml  1.4s
2026-02-21 11:39:27,589 - INFO -   sub-r040s004_ses-1: 20 patches  shape=(197, 233, 189)  lesion=2.29ml  1.6s
2026-02-21 11:39:28,972 - INFO -   sub-r040s008_ses-1: 20 patches  shape=(197, 233, 189)  lesion=9.26ml  1.4s
2026-02-21 11:39:30,522 - INFO -   sub-r040s010_ses-1: 20 patches  shape=(197, 233, 189)  lesion=75.85ml  1.5s
2026-02-21 11:39:32,188 - INFO -   sub-r040s011_ses-1: 20 patches  shape=(197, 233, 189)  lesion=13.17ml  1.7s
2026-02-21 11:39:33,663 - INFO -   sub-r040s013_ses-1: 20 patches  shape=(197, 233, 189)  lesion=4.58ml  1.5s
2026-02-21 11:39:34,916 - INFO -   sub-r040s015_ses-1: 20 patches  shape=(197, 233, 189)  lesion=127.86ml  1.2s
2026-02-21 11:39:36,510 - INFO -   sub-r040s016_ses-1: 20 patches  shape=(197, 233, 189)  lesion=25.21ml  1.6s
2026-02-21 11:39:38,137 - INFO -   sub-r040s017_ses-1: 20 patches  shape=(197, 233, 189)  lesion=0.93ml  1.6s
2026-02-21 11:39:39,407 - INFO -   sub-r040s020_ses-1: 20 patches  shape=(197, 233, 189)  lesion=26.59ml  1.3s
2026-02-21 11:39:40,571 - INFO -   sub-r040s022_ses-1: 20 patches  shape=(197, 233, 189)  lesion=2.20ml  1.2s
2026-02-21 11:39:41,832 - INFO -   sub-r040s024_ses-1: 20 patches  shape=(197, 233, 189)  lesion=37.87ml  1.3s
2026-02-21 11:39:43,120 - INFO -   sub-r040s028_ses-1: 20 patches  shape=(197, 233, 189)  lesion=238.00ml  1.3s
2026-02-21 11:39:44,259 - INFO -   sub-r040s030_ses-1: 20 patches  shape=(197, 233, 189)  lesion=359.83ml  1.1s
2026-02-21 11:39:45,530 - INFO -   sub-r040s031_ses-1: 20 patches  shape=(197, 233, 189)  lesion=238.16ml  1.3s
2026-02-21 11:39:46,660 - INFO -   sub-r040s032_ses-1: 20 patches  shape=(197, 233, 189)  lesion=130.66ml  1.1s
2026-02-21 11:39:47,741 - INFO -   sub-r040s037_ses-1: 20 patches  shape=(197, 233, 189)  lesion=373.95ml  1.1s
2026-02-21 11:39:48,905 - INFO -   sub-r040s039_ses-1: 20 patches  shape=(197, 233, 189)  lesion=29.25ml  1.2s
2026-02-21 11:39:50,178 - INFO -   sub-r040s042_ses-1: 20 patches  shape=(197, 233, 189)  lesion=61.71ml  1.3s
2026-02-21 11:39:51,408 - INFO -   sub-r040s043_ses-1: 20 patches  shape=(197, 233, 189)  lesion=5.35ml  1.2s
2026-02-21 11:39:52,630 - INFO -   sub-r040s044_ses-1: 20 patches  shape=(197, 233, 189)  lesion=275.32ml  1.2s
2026-02-21 11:39:53,840 - INFO -   sub-r040s045_ses-1: 20 patches  shape=(197, 233, 189)  lesion=3.18ml  1.2s
2026-02-21 11:39:54,931 - INFO -   sub-r040s046_ses-1: 20 patches  shape=(197, 233, 189)  lesion=0.39ml  1.1s
2026-02-21 11:39:56,106 - INFO -   sub-r040s047_ses-1: 20 patches  shape=(197, 233, 189)  lesion=4.55ml  1.2s
2026-02-21 11:39:57,321 - INFO -   sub-r040s048_ses-1: 20 patches  shape=(197, 233, 189)  lesion=2.75ml  1.2s
2026-02-21 11:39:58,517 - INFO -   sub-r040s049_ses-1: 20 patches  shape=(197, 233, 189)  lesion=9.59ml  1.2s
2026-02-21 11:39:59,711 - INFO -   sub-r040s051_ses-1: 20 patches  shape=(197, 233, 189)  lesion=0.19ml  1.2s
2026-02-21 11:40:00,866 - INFO -   sub-r040s053_ses-1: 20 patches  shape=(197, 233, 189)  lesion=140.12ml  1.2s
2026-02-21 11:40:02,094 - INFO -   sub-r040s054_ses-1: 20 patches  shape=(197, 233, 189)  lesion=7.05ml  1.2s
2026-02-21 11:40:03,249 - INFO -   sub-r040s056_ses-1: 20 patches  shape=(197, 233, 189)  lesion=1.07ml  1.2s
2026-02-21 11:40:04,441 - INFO -   sub-r040s059_ses-1: 20 patches  shape=(197, 233, 189)  lesion=80.55ml  1.2s
2026-02-21 11:40:05,621 - INFO -   sub-r040s063_ses-1: 20 patches  shape=(197, 233, 189)  lesion=1.54ml  1.2s
2026-02-21 11:40:06,916 - INFO -   sub-r040s064_ses-1: 20 patches  shape=(197, 233, 189)  lesion=15.22ml  1.3s
2026-02-21 11:40:08,095 - INFO -   sub-r040s067_ses-1: 20 patches  shape=(197, 233, 189)  lesion=221.03ml  1.2s
2026-02-21 11:40:09,265 - INFO -   sub-r040s069_ses-1: 20 patches  shape=(197, 233, 189)  lesion=72.79ml  1.2s
2026-02-21 11:40:10,389 - INFO -   sub-r040s070_ses-1: 20 patches  shape=(197, 233, 189)  lesion=12.26ml  1.1s
2026-02-21 11:40:11,635 - INFO -   sub-r040s071_ses-1: 20 patches  shape=(197, 233, 189)  lesion=75.70ml  1.2s
2026-02-21 11:40:12,841 - INFO -   sub-r040s072_ses-1: 20 patches  shape=(197, 233, 189)  lesion=46.76ml  1.2s
2026-02-21 11:40:14,198 - INFO -   sub-r040s074_ses-1: 20 patches  shape=(197, 233, 189)  lesion=1.18ml  1.4s
2026-02-21 11:40:15,346 - INFO -   sub-r040s075_ses-1: 20 patches  shape=(197, 233, 189)  lesion=61.07ml  1.1s
2026-02-21 11:40:16,538 - INFO -   sub-r040s076_ses-1: 20 patches  shape=(197, 233, 189)  lesion=194.64ml  1.2s
2026-02-21 11:40:17,711 - INFO -   sub-r040s078_ses-1: 20 patches  shape=(197, 233, 189)  lesion=6.46ml  1.2s
2026-02-21 11:40:18,888 - INFO -   sub-r040s085_ses-1: 20 patches  shape=(197, 233, 189)  lesion=0.16ml  1.2s
2026-02-21 11:40:20,111 - INFO -   sub-r040s086_ses-1: 20 patches  shape=(197, 233, 189)  lesion=297.07ml  1.2s
2026-02-21 11:40:21,257 - INFO -   sub-r042s001_ses-1: 20 patches  shape=(197, 233, 189)  lesion=0.03ml  1.1s
2026-02-21 11:40:22,386 - INFO -   sub-r042s003_ses-1: 20 patches  shape=(197, 233, 189)  lesion=1.81ml  1.1s
2026-02-21 11:40:23,402 - INFO -   sub-r042s004_ses-1: 20 patches  shape=(197, 233, 189)  lesion=0.32ml  1.0s
2026-02-21 11:40:24,590 - INFO -   sub-r042s008_ses-1: 20 patches  shape=(197, 233, 189)  lesion=169.72ml  1.2s
2026-02-21 11:40:25,700 - INFO -   sub-r042s010_ses-1: 20 patches  shape=(197, 233, 189)  lesion=16.15ml  1.1s
2026-02-21 11:40:26,761 - INFO -   sub-r042s011_ses-1: 20 patches  shape=(197, 233, 189)  lesion=4.79ml  1.1s
2026-02-21 11:40:27,771 - INFO -   sub-r042s013_ses-1: 20 patches  shape=(197, 233, 189)  lesion=14.62ml  1.0s
2026-02-21 11:40:28,901 - INFO -   sub-r042s015_ses-1: 20 patches  shape=(197, 233, 189)  lesion=14.41ml  1.1s
2026-02-21 11:40:30,105 - INFO -   sub-r042s018_ses-1: 20 patches  shape=(197, 233, 189)  lesion=224.06ml  1.2s
2026-02-21 11:40:31,354 - INFO -   sub-r042s021_ses-1: 20 patches  shape=(197, 233, 189)  lesion=6.83ml  1.2s
2026-02-21 11:40:32,597 - INFO -   sub-r042s023_ses-1: 20 patches  shape=(197, 233, 189)  lesion=51.37ml  1.2s
2026-02-21 11:40:33,872 - INFO -   sub-r042s025_ses-1: 20 patches  shape=(197, 233, 189)  lesion=217.91ml  1.3s
2026-02-21 11:40:35,182 - INFO -   sub-r042s028_ses-1: 20 patches  shape=(197, 233, 189)  lesion=219.59ml  1.3s
2026-02-21 11:40:36,525 - INFO -   sub-r042s029_ses-1: 20 patches  shape=(197, 233, 189)  lesion=41.07ml  1.3s
2026-02-21 11:40:37,886 - INFO -   sub-r042s030_ses-1: 20 patches  shape=(197, 233, 189)  lesion=6.37ml  1.4s
2026-02-21 11:40:39,220 - INFO -   sub-r042s032_ses-1: 20 patches  shape=(197, 233, 189)  lesion=126.90ml  1.3s
2026-02-21 11:40:40,580 - INFO -   sub-r042s033_ses-1: 20 patches  shape=(197, 233, 189)  lesion=12.75ml  1.4s
2026-02-21 11:40:41,954 - INFO -   sub-r042s035_ses-1: 20 patches  shape=(197, 233, 189)  lesion=9.43ml  1.4s
2026-02-21 11:40:43,393 - INFO -   sub-r044s002_ses-1: 20 patches  shape=(197, 233, 189)  lesion=168.00ml  1.4s
2026-02-21 11:40:44,765 - INFO -   sub-r044s003_ses-1: 20 patches  shape=(197, 233, 189)  lesion=43.27ml  1.4s
2026-02-21 11:40:45,931 - INFO -   sub-r045s002_ses-1: 20 patches  shape=(197, 233, 189)  lesion=5.29ml  1.2s
2026-02-21 11:40:47,148 - INFO -   sub-r045s003_ses-1: 20 patches  shape=(197, 233, 189)  lesion=9.75ml  1.2s
2026-02-21 11:40:48,410 - INFO -   sub-r046s001_ses-1: 20 patches  shape=(197, 233, 189)  lesion=5.23ml  1.3s
2026-02-21 11:40:49,747 - INFO -   sub-r046s005_ses-1: 20 patches  shape=(197, 233, 189)  lesion=217.08ml  1.3s
2026-02-21 11:40:50,964 - INFO -   sub-r046s006_ses-1: 20 patches  shape=(197, 233, 189)  lesion=1.21ml  1.2s
2026-02-21 11:40:52,135 - INFO -   sub-r046s007_ses-1: 20 patches  shape=(197, 233, 189)  lesion=1.43ml  1.2s
2026-02-21 11:40:53,284 - INFO -   sub-r046s008_ses-1: 20 patches  shape=(197, 233, 189)  lesion=1.14ml  1.1s
2026-02-21 11:40:54,527 - INFO -   sub-r046s011_ses-1: 20 patches  shape=(197, 233, 189)  lesion=4.63ml  1.2s
2026-02-21 11:40:55,756 - INFO -   sub-r046s012_ses-1: 20 patches  shape=(197, 233, 189)  lesion=4.51ml  1.2s
2026-02-21 11:40:56,980 - INFO -   sub-r047s001_ses-1: 20 patches  shape=(197, 233, 189)  lesion=61.83ml  1.2s
2026-02-21 11:40:58,368 - INFO -   sub-r047s006_ses-1: 20 patches  shape=(197, 233, 189)  lesion=1.20ml  1.4s
2026-02-21 11:40:59,641 - INFO -   sub-r047s007_ses-1: 20 patches  shape=(197, 233, 189)  lesion=15.65ml  1.3s
2026-02-21 11:41:00,915 - INFO -   sub-r047s010_ses-1: 20 patches  shape=(197, 233, 189)  lesion=28.53ml  1.3s
2026-02-21 11:41:02,119 - INFO -   sub-r047s013_ses-1: 20 patches  shape=(197, 233, 189)  lesion=2.36ml  1.2s
2026-02-21 11:41:03,386 - INFO -   sub-r047s014_ses-1: 20 patches  shape=(197, 233, 189)  lesion=28.80ml  1.3s
2026-02-21 11:41:04,778 - INFO -   sub-r047s015_ses-1: 20 patches  shape=(197, 233, 189)  lesion=0.36ml  1.4s
2026-02-21 11:41:06,133 - INFO -   sub-r047s016_ses-1: 20 patches  shape=(197, 233, 189)  lesion=8.20ml  1.4s
2026-02-21 11:41:07,423 - INFO -   sub-r047s017_ses-1: 20 patches  shape=(197, 233, 189)  lesion=9.61ml  1.3s
2026-02-21 11:41:08,687 - INFO -   sub-r047s018_ses-1: 20 patches  shape=(197, 233, 189)  lesion=66.06ml  1.3s
2026-02-21 11:41:10,037 - INFO -   sub-r047s021_ses-1: 20 patches  shape=(197, 233, 189)  lesion=192.78ml  1.3s
2026-02-21 11:41:11,326 - INFO -   sub-r047s026_ses-1: 20 patches  shape=(197, 233, 189)  lesion=153.16ml  1.3s
2026-02-21 11:41:12,625 - INFO -   sub-r047s027_ses-1: 20 patches  shape=(197, 233, 189)  lesion=21.61ml  1.3s
2026-02-21 11:41:13,979 - INFO -   sub-r047s031_ses-1: 20 patches  shape=(197, 233, 189)  lesion=73.86ml  1.3s
2026-02-21 11:41:15,288 - INFO -   sub-r047s035_ses-1: 20 patches  shape=(197, 233, 189)  lesion=116.03ml  1.3s
2026-02-21 11:41:16,515 - INFO -   sub-r047s036_ses-1: 20 patches  shape=(197, 233, 189)  lesion=4.38ml  1.2s
2026-02-21 11:41:17,851 - INFO -   sub-r047s037_ses-1: 20 patches  shape=(197, 233, 189)  lesion=48.02ml  1.3s
2026-02-21 11:41:19,223 - INFO -   sub-r047s038_ses-1: 20 patches  shape=(197, 233, 189)  lesion=76.51ml  1.4s
2026-02-21 11:41:20,467 - INFO -   sub-r047s039_ses-1: 20 patches  shape=(197, 233, 189)  lesion=7.23ml  1.2s
2026-02-21 11:41:21,751 - INFO -   sub-r047s041_ses-1: 20 patches  shape=(197, 233, 189)  lesion=179.82ml  1.3s
2026-02-21 11:41:23,109 - INFO -   sub-r047s043_ses-1: 20 patches  shape=(197, 233, 189)  lesion=2.79ml  1.4s
2026-02-21 11:41:24,476 - INFO -   sub-r047s044_ses-1: 20 patches  shape=(197, 233, 189)  lesion=28.81ml  1.4s
2026-02-21 11:41:25,822 - INFO -   sub-r047s046_ses-1: 20 patches  shape=(197, 233, 189)  lesion=1.01ml  1.3s
2026-02-21 11:41:27,102 - INFO -   sub-r047s048_ses-1: 20 patches  shape=(197, 233, 189)  lesion=1.56ml  1.3s
2026-02-21 11:41:28,503 - INFO -   sub-r047s050_ses-1: 20 patches  shape=(197, 233, 189)  lesion=2.57ml  1.4s
2026-02-21 11:41:29,880 - INFO -   sub-r048s002_ses-1: 20 patches  shape=(197, 233, 189)  lesion=281.56ml  1.4s
2026-02-21 11:41:31,225 - INFO -   sub-r048s004_ses-1: 20 patches  shape=(197, 233, 189)  lesion=59.31ml  1.3s
2026-02-21 11:41:32,548 - INFO -   sub-r048s006_ses-1: 20 patches  shape=(197, 233, 189)  lesion=50.44ml  1.3s
2026-02-21 11:41:33,943 - INFO -   sub-r048s008_ses-1: 20 patches  shape=(197, 233, 189)  lesion=32.84ml  1.4s
2026-02-21 11:41:35,336 - INFO -   sub-r048s010_ses-1: 20 patches  shape=(197, 233, 189)  lesion=1.42ml  1.4s
2026-02-21 11:41:36,680 - INFO -   sub-r048s011_ses-1: 20 patches  shape=(197, 233, 189)  lesion=1.16ml  1.3s
2026-02-21 11:41:38,024 - INFO -   sub-r048s012_ses-1: 20 patches  shape=(197, 233, 189)  lesion=63.73ml  1.3s
2026-02-21 11:41:39,361 - INFO -   sub-r048s014_ses-1: 20 patches  shape=(197, 233, 189)  lesion=1.11ml  1.3s
2026-02-21 11:41:40,759 - INFO -   sub-r048s015_ses-1: 20 patches  shape=(197, 233, 189)  lesion=267.07ml  1.4s
2026-02-21 11:41:42,059 - INFO -   sub-r048s016_ses-1: 20 patches  shape=(197, 233, 189)  lesion=280.19ml  1.3s
2026-02-21 11:41:43,435 - INFO -   sub-r048s018_ses-1: 20 patches  shape=(197, 233, 189)  lesion=107.54ml  1.4s
2026-02-21 11:41:44,760 - INFO -   sub-r048s021_ses-1: 20 patches  shape=(197, 233, 189)  lesion=46.71ml  1.3s
2026-02-21 11:41:46,092 - INFO -   sub-r048s022_ses-1: 20 patches  shape=(197, 233, 189)  lesion=3.60ml  1.3s
2026-02-21 11:41:47,442 - INFO -   sub-r048s029_ses-1: 20 patches  shape=(197, 233, 189)  lesion=0.48ml  1.3s
2026-02-21 11:41:48,850 - INFO -   sub-r048s031_ses-1: 20 patches  shape=(197, 233, 189)  lesion=0.44ml  1.4s
2026-02-21 11:41:50,235 - INFO -   sub-r048s032_ses-1: 20 patches  shape=(197, 233, 189)  lesion=7.47ml  1.4s
2026-02-21 11:41:51,602 - INFO -   sub-r048s034_ses-1: 20 patches  shape=(197, 233, 189)  lesion=13.36ml  1.4s
2026-02-21 11:41:52,874 - INFO -   sub-r048s035_ses-1: 20 patches  shape=(197, 233, 189)  lesion=7.74ml  1.3s
2026-02-21 11:41:54,240 - INFO -   sub-r048s036_ses-1: 20 patches  shape=(197, 233, 189)  lesion=7.69ml  1.4s
2026-02-21 11:41:55,532 - INFO -   sub-r048s037_ses-1: 20 patches  shape=(197, 233, 189)  lesion=95.22ml  1.3s
2026-02-21 11:41:56,944 - INFO -   sub-r048s038_ses-1: 20 patches  shape=(197, 233, 189)  lesion=5.68ml  1.4s
2026-02-21 11:41:58,345 - INFO -   sub-r048s039_ses-1: 20 patches  shape=(197, 233, 189)  lesion=1.91ml  1.4s
2026-02-21 11:41:59,682 - INFO -   sub-r048s043_ses-1: 20 patches  shape=(197, 233, 189)  lesion=3.23ml  1.3s
2026-02-21 11:42:00,895 - INFO -   sub-r049s005_ses-1: 20 patches  shape=(197, 233, 189)  lesion=1.40ml  1.2s
2026-02-21 11:42:02,202 - INFO -   sub-r049s007_ses-1: 20 patches  shape=(197, 233, 189)  lesion=2.64ml  1.3s
2026-02-21 11:42:03,298 - INFO -   sub-r049s010_ses-1: 20 patches  shape=(197, 233, 189)  lesion=0.59ml  1.1s
2026-02-21 11:42:04,568 - INFO -   sub-r049s011_ses-1: 20 patches  shape=(197, 233, 189)  lesion=3.66ml  1.3s
2026-02-21 11:42:05,815 - INFO -   sub-r049s012_ses-1: 20 patches  shape=(197, 233, 189)  lesion=3.26ml  1.2s
2026-02-21 11:42:07,186 - INFO -   sub-r049s016_ses-1: 20 patches  shape=(197, 233, 189)  lesion=1.53ml  1.4s
2026-02-21 11:42:08,372 - INFO -   sub-r049s018_ses-1: 20 patches  shape=(197, 233, 189)  lesion=0.22ml  1.2s
2026-02-21 11:42:09,501 - INFO -   sub-r049s020_ses-1: 20 patches  shape=(197, 233, 189)  lesion=0.35ml  1.1s
2026-02-21 11:42:10,761 - INFO -   sub-r049s024_ses-1: 20 patches  shape=(197, 233, 189)  lesion=1.39ml  1.3s
2026-02-21 11:42:12,062 - INFO -   sub-r049s025_ses-1: 20 patches  shape=(197, 233, 189)  lesion=0.52ml  1.3s
2026-02-21 11:42:13,371 - INFO -   sub-r049s026_ses-1: 20 patches  shape=(197, 233, 189)  lesion=0.92ml  1.3s
2026-02-21 11:42:14,688 - INFO -   sub-r049s028_ses-1: 20 patches  shape=(197, 233, 189)  lesion=0.74ml  1.3s
2026-02-21 11:42:16,016 - INFO -   sub-r050s002_ses-1: 20 patches  shape=(197, 233, 189)  lesion=0.88ml  1.3s
2026-02-21 11:42:17,312 - INFO -   sub-r050s003_ses-1: 20 patches  shape=(197, 233, 189)  lesion=0.10ml  1.3s
2026-02-21 11:42:18,594 - INFO -   sub-r050s005_ses-1: 20 patches  shape=(197, 233, 189)  lesion=5.76ml  1.3s
2026-02-21 11:42:19,924 - INFO -   sub-r050s006_ses-1: 20 patches  shape=(197, 233, 189)  lesion=0.18ml  1.3s
2026-02-21 11:42:21,184 - INFO -   sub-r050s008_ses-1: 20 patches  shape=(197, 233, 189)  lesion=0.38ml  1.3s
2026-02-21 11:42:22,519 - INFO -   sub-r050s009_ses-1: 20 patches  shape=(197, 233, 189)  lesion=0.20ml  1.3s
2026-02-21 11:42:23,853 - INFO -   sub-r050s015_ses-1: 20 patches  shape=(197, 233, 189)  lesion=0.43ml  1.3s
2026-02-21 11:42:25,388 - INFO -   sub-r052s001_ses-1: 20 patches  shape=(197, 233, 189)  lesion=3.48ml  1.5s
2026-02-21 11:42:27,008 - INFO -   sub-r052s002_ses-1: 20 patches  shape=(197, 233, 189)  lesion=1.70ml  1.6s
2026-02-21 11:42:28,456 - INFO -   sub-r052s007_ses-1: 20 patches  shape=(197, 233, 189)  lesion=1.09ml  1.4s
2026-02-21 11:42:29,876 - INFO -   sub-r052s010_ses-1: 20 patches  shape=(197, 233, 189)  lesion=228.65ml  1.4s
2026-02-21 11:42:31,454 - INFO -   sub-r052s011_ses-1: 20 patches  shape=(197, 233, 189)  lesion=3.07ml  1.6s
2026-02-21 11:42:32,777 - INFO -   sub-r052s014_ses-1: 20 patches  shape=(197, 233, 189)  lesion=55.38ml  1.3s
2026-02-21 11:42:34,172 - INFO -   sub-r052s015_ses-1: 20 patches  shape=(197, 233, 189)  lesion=1.34ml  1.4s
2026-02-21 11:42:35,643 - INFO -   sub-r052s016_ses-1: 20 patches  shape=(197, 233, 189)  lesion=5.13ml  1.5s
2026-02-21 11:42:37,055 - INFO -   sub-r052s019_ses-1: 20 patches  shape=(197, 233, 189)  lesion=30.80ml  1.4s
2026-02-21 11:42:38,500 - INFO -   sub-r052s021_ses-1: 20 patches  shape=(197, 233, 189)  lesion=74.93ml  1.4s
2026-02-21 11:42:40,023 - INFO -   sub-r052s023_ses-1: 20 patches  shape=(197, 233, 189)  lesion=1.02ml  1.5s
2026-02-21 11:42:41,390 - INFO -   sub-r052s025_ses-1: 20 patches  shape=(197, 233, 189)  lesion=10.22ml  1.4s
2026-02-21 11:42:42,733 - INFO -   sub-r052s026_ses-1: 20 patches  shape=(197, 233, 189)  lesion=100.14ml  1.3s
2026-02-21 11:42:44,192 - INFO -   sub-r052s027_ses-1: 20 patches  shape=(197, 233, 189)  lesion=1.76ml  1.5s
2026-02-21 11:42:45,714 - INFO -   sub-r052s029_ses-1: 20 patches  shape=(197, 233, 189)  lesion=1.04ml  1.5s
2026-02-21 11:42:47,316 - INFO -   sub-r052s031_ses-1: 20 patches  shape=(197, 233, 189)  lesion=23.62ml  1.6s
2026-02-21 11:42:48,465 - INFO -   sub-r052s032_ses-1: 20 patches  shape=(197, 233, 189)  lesion=18.82ml  1.1s
