2026-02-21 11:48:43,416 - INFO - ======================================================================
2026-02-21 11:48:43,416 - INFO - EXTRACTING 64x64x64 LESION-FOCUSED PATCHES
2026-02-21 11:48:43,416 - INFO -   input_dir:           /hpc/pahm409/harvard/preprocessed_stroke_foundation
2026-02-21 11:48:43,416 - INFO -   output_dir:          /hpc/pahm409/harvard/preprocessed_stroke_foundation
2026-02-21 11:48:43,416 - INFO -   datasets:            ['ATLAS', 'UOA_Private']
2026-02-21 11:48:43,416 - INFO -   patch_size:          64³
2026-02-21 11:48:43,416 - INFO -   max_patches:         20
2026-02-21 11:48:43,416 - INFO -   min_lesion_overlap:  0.0001
2026-02-21 11:48:43,416 - INFO -   seed:                42
2026-02-21 11:48:43,416 - INFO - ======================================================================
2026-02-21 11:48:43,417 - INFO - 
======================================================================
2026-02-21 11:48:43,417 - INFO - Processing: ATLAS
2026-02-21 11:48:43,417 - INFO -   Input:  /hpc/pahm409/harvard/preprocessed_stroke_foundation/ATLAS
2026-02-21 11:48:43,417 - INFO -   Output: /hpc/pahm409/harvard/preprocessed_stroke_foundation/ATLAS_64x64x64
2026-02-21 11:48:43,417 - INFO - ======================================================================
2026-02-21 11:48:43,422 - INFO -   Found 655 NPZ files in ATLAS
2026-02-21 11:48:44,518 - INFO -   sub-r001s001_ses-1: 20 patches  shape=(197, 233, 189)  lesion=112.45ml  1.1s
2026-02-21 11:48:45,611 - INFO -   sub-r001s002_ses-1: 20 patches  shape=(197, 233, 189)  lesion=132.59ml  1.1s
2026-02-21 11:48:46,679 - INFO -   sub-r001s003_ses-1: 20 patches  shape=(197, 233, 189)  lesion=1.48ml  1.1s
2026-02-21 11:48:47,770 - INFO -   sub-r001s004_ses-1: 20 patches  shape=(197, 233, 189)  lesion=44.66ml  1.1s
2026-02-21 11:48:48,892 - INFO -   sub-r001s005_ses-1: 20 patches  shape=(197, 233, 189)  lesion=31.79ml  1.1s
2026-02-21 11:48:50,049 - INFO -   sub-r001s006_ses-1: 20 patches  shape=(197, 233, 189)  lesion=3.01ml  1.2s
2026-02-21 11:48:51,307 - INFO -   sub-r001s007_ses-1: 20 patches  shape=(197, 233, 189)  lesion=4.10ml  1.3s
2026-02-21 11:48:52,485 - INFO -   sub-r001s008_ses-1: 20 patches  shape=(197, 233, 189)  lesion=2.08ml  1.2s
2026-02-21 11:48:53,669 - INFO -   sub-r001s009_ses-1: 20 patches  shape=(197, 233, 189)  lesion=8.84ml  1.2s
2026-02-21 11:48:54,793 - INFO -   sub-r001s010_ses-1: 20 patches  shape=(197, 233, 189)  lesion=108.39ml  1.1s
2026-02-21 11:48:55,883 - INFO -   sub-r001s011_ses-1: 20 patches  shape=(197, 233, 189)  lesion=16.62ml  1.1s
2026-02-21 11:48:56,983 - INFO -   sub-r001s012_ses-1: 20 patches  shape=(197, 233, 189)  lesion=13.80ml  1.1s
2026-02-21 11:48:58,101 - INFO -   sub-r001s013_ses-1: 20 patches  shape=(197, 233, 189)  lesion=9.46ml  1.1s
2026-02-21 11:48:59,185 - INFO -   sub-r001s014_ses-1: 20 patches  shape=(197, 233, 189)  lesion=15.15ml  1.1s
2026-02-21 11:49:00,300 - INFO -   sub-r001s015_ses-1: 20 patches  shape=(197, 233, 189)  lesion=5.96ml  1.1s
2026-02-21 11:49:01,467 - INFO -   sub-r001s016_ses-1: 20 patches  shape=(197, 233, 189)  lesion=6.15ml  1.2s
2026-02-21 11:49:02,560 - INFO -   sub-r001s017_ses-1: 20 patches  shape=(197, 233, 189)  lesion=2.44ml  1.1s
2026-02-21 11:49:03,631 - INFO -   sub-r001s018_ses-1: 20 patches  shape=(197, 233, 189)  lesion=0.25ml  1.1s
2026-02-21 11:49:04,727 - INFO -   sub-r001s019_ses-1: 20 patches  shape=(197, 233, 189)  lesion=80.00ml  1.1s
2026-02-21 11:49:05,796 - INFO -   sub-r001s020_ses-1: 20 patches  shape=(197, 233, 189)  lesion=78.35ml  1.1s
2026-02-21 11:49:06,903 - INFO -   sub-r001s021_ses-1: 20 patches  shape=(197, 233, 189)  lesion=2.51ml  1.1s
2026-02-21 11:49:08,146 - INFO -   sub-r001s022_ses-1: 20 patches  shape=(197, 233, 189)  lesion=0.06ml  1.2s
2026-02-21 11:49:08,363 - WARNING -     No patches passed overlap filter — using lesion centroid
2026-02-21 11:49:08,414 - INFO -   sub-r001s023_ses-1: 1 patches  shape=(197, 233, 189)  lesion=0.01ml  0.3s
2026-02-21 11:49:09,499 - INFO -   sub-r001s024_ses-1: 20 patches  shape=(197, 233, 189)  lesion=1.04ml  1.1s
2026-02-21 11:49:10,644 - INFO -   sub-r001s025_ses-1: 20 patches  shape=(197, 233, 189)  lesion=4.37ml  1.1s
2026-02-21 11:49:11,723 - INFO -   sub-r001s026_ses-1: 20 patches  shape=(197, 233, 189)  lesion=3.05ml  1.1s
2026-02-21 11:49:12,790 - INFO -   sub-r001s027_ses-1: 20 patches  shape=(197, 233, 189)  lesion=1.18ml  1.1s
2026-02-21 11:49:13,835 - INFO -   sub-r001s028_ses-1: 20 patches  shape=(197, 233, 189)  lesion=0.28ml  1.0s
2026-02-21 11:49:14,961 - INFO -   sub-r001s029_ses-1: 20 patches  shape=(197, 233, 189)  lesion=2.68ml  1.1s
2026-02-21 11:49:16,023 - INFO -   sub-r001s030_ses-1: 20 patches  shape=(197, 233, 189)  lesion=6.99ml  1.1s
2026-02-21 11:49:17,159 - INFO -   sub-r001s031_ses-1: 20 patches  shape=(197, 233, 189)  lesion=38.27ml  1.1s
2026-02-21 11:49:18,254 - INFO -   sub-r001s032_ses-1: 20 patches  shape=(197, 233, 189)  lesion=6.31ml  1.1s
2026-02-21 11:49:19,383 - INFO -   sub-r001s033_ses-1: 20 patches  shape=(197, 233, 189)  lesion=33.23ml  1.1s
2026-02-21 11:49:20,451 - INFO -   sub-r001s034_ses-1: 20 patches  shape=(197, 233, 189)  lesion=3.19ml  1.1s
2026-02-21 11:49:21,585 - INFO -   sub-r001s036_ses-1: 20 patches  shape=(197, 233, 189)  lesion=6.78ml  1.1s
2026-02-21 11:49:22,679 - INFO -   sub-r001s037_ses-1: 20 patches  shape=(197, 233, 189)  lesion=24.77ml  1.1s
2026-02-21 11:49:23,820 - INFO -   sub-r001s038_ses-1: 20 patches  shape=(197, 233, 189)  lesion=0.20ml  1.1s
2026-02-21 11:49:25,008 - INFO -   sub-r001s039_ses-1: 20 patches  shape=(197, 233, 189)  lesion=1.10ml  1.2s
2026-02-21 11:49:26,479 - INFO -   sub-r002s001_ses-1: 20 patches  shape=(197, 233, 189)  lesion=11.07ml  1.5s
2026-02-21 11:49:27,910 - INFO -   sub-r002s002_ses-1: 20 patches  shape=(197, 233, 189)  lesion=34.03ml  1.4s
2026-02-21 11:49:29,378 - INFO -   sub-r002s003_ses-1: 20 patches  shape=(197, 233, 189)  lesion=3.60ml  1.5s
2026-02-21 11:49:30,835 - INFO -   sub-r002s004_ses-1: 20 patches  shape=(197, 233, 189)  lesion=11.41ml  1.5s
2026-02-21 11:49:32,320 - INFO -   sub-r002s005_ses-1: 20 patches  shape=(197, 233, 189)  lesion=4.15ml  1.5s
2026-02-21 11:49:33,868 - INFO -   sub-r002s006_ses-1: 20 patches  shape=(197, 233, 189)  lesion=29.18ml  1.5s
2026-02-21 11:49:35,386 - INFO -   sub-r002s007_ses-1: 20 patches  shape=(197, 233, 189)  lesion=7.93ml  1.5s
2026-02-21 11:49:36,798 - INFO -   sub-r002s008_ses-1: 20 patches  shape=(197, 233, 189)  lesion=78.68ml  1.4s
2026-02-21 11:49:38,322 - INFO -   sub-r002s009_ses-1: 20 patches  shape=(197, 233, 189)  lesion=55.55ml  1.5s
2026-02-21 11:49:39,736 - INFO -   sub-r002s010_ses-1: 20 patches  shape=(197, 233, 189)  lesion=152.15ml  1.4s
2026-02-21 11:49:41,193 - INFO -   sub-r002s011_ses-1: 20 patches  shape=(197, 233, 189)  lesion=36.24ml  1.5s
2026-02-21 11:49:42,617 - INFO -   sub-r002s012_ses-1: 20 patches  shape=(197, 233, 189)  lesion=32.31ml  1.4s
2026-02-21 11:49:44,136 - INFO -   sub-r003s001_ses-1: 20 patches  shape=(197, 233, 189)  lesion=26.32ml  1.5s
2026-02-21 11:49:45,669 - INFO -   sub-r003s002_ses-1: 20 patches  shape=(197, 233, 189)  lesion=6.69ml  1.5s
2026-02-21 11:49:47,181 - INFO -   sub-r003s003_ses-1: 20 patches  shape=(197, 233, 189)  lesion=171.93ml  1.5s
2026-02-21 11:49:48,669 - INFO -   sub-r003s004_ses-1: 20 patches  shape=(197, 233, 189)  lesion=144.03ml  1.5s
2026-02-21 11:49:50,211 - INFO -   sub-r003s005_ses-1: 20 patches  shape=(197, 233, 189)  lesion=230.75ml  1.5s
2026-02-21 11:49:51,751 - INFO -   sub-r003s006_ses-1: 20 patches  shape=(197, 233, 189)  lesion=1.10ml  1.5s
2026-02-21 11:49:53,186 - INFO -   sub-r003s007_ses-1: 20 patches  shape=(197, 233, 189)  lesion=4.25ml  1.4s
2026-02-21 11:49:54,598 - INFO -   sub-r003s008_ses-1: 20 patches  shape=(197, 233, 189)  lesion=140.21ml  1.4s
2026-02-21 11:49:56,081 - INFO -   sub-r003s009_ses-1: 20 patches  shape=(197, 233, 189)  lesion=43.98ml  1.5s
2026-02-21 11:49:57,600 - INFO -   sub-r003s010_ses-1: 20 patches  shape=(197, 233, 189)  lesion=0.36ml  1.5s
2026-02-21 11:49:59,065 - INFO -   sub-r003s011_ses-1: 20 patches  shape=(197, 233, 189)  lesion=13.19ml  1.5s
2026-02-21 11:50:00,627 - INFO -   sub-r003s012_ses-1: 20 patches  shape=(197, 233, 189)  lesion=31.04ml  1.6s
2026-02-21 11:50:02,150 - INFO -   sub-r003s013_ses-1: 20 patches  shape=(197, 233, 189)  lesion=7.35ml  1.5s
2026-02-21 11:50:03,554 - INFO -   sub-r003s014_ses-1: 20 patches  shape=(197, 233, 189)  lesion=22.30ml  1.4s
2026-02-21 11:50:05,066 - INFO -   sub-r003s015_ses-1: 20 patches  shape=(197, 233, 189)  lesion=7.83ml  1.5s
2026-02-21 11:50:06,418 - INFO -   sub-r004s001_ses-1: 20 patches  shape=(197, 233, 189)  lesion=47.79ml  1.3s
2026-02-21 11:50:07,736 - INFO -   sub-r004s002_ses-1: 20 patches  shape=(197, 233, 189)  lesion=53.08ml  1.3s
2026-02-21 11:50:09,122 - INFO -   sub-r004s003_ses-1: 20 patches  shape=(197, 233, 189)  lesion=51.95ml  1.4s
2026-02-21 11:50:10,591 - INFO -   sub-r004s004_ses-1: 20 patches  shape=(197, 233, 189)  lesion=339.64ml  1.5s
2026-02-21 11:50:11,895 - INFO -   sub-r004s005_ses-1: 20 patches  shape=(197, 233, 189)  lesion=3.98ml  1.3s
2026-02-21 11:50:13,270 - INFO -   sub-r004s006_ses-1: 20 patches  shape=(197, 233, 189)  lesion=5.86ml  1.4s
2026-02-21 11:50:14,719 - INFO -   sub-r004s007_ses-1: 20 patches  shape=(197, 233, 189)  lesion=9.90ml  1.4s
2026-02-21 11:50:16,099 - INFO -   sub-r004s008_ses-1: 20 patches  shape=(197, 233, 189)  lesion=1.91ml  1.4s
2026-02-21 11:50:17,548 - INFO -   sub-r004s009_ses-1: 20 patches  shape=(197, 233, 189)  lesion=97.18ml  1.4s
2026-02-21 11:50:18,976 - INFO -   sub-r004s010_ses-1: 20 patches  shape=(197, 233, 189)  lesion=25.08ml  1.4s
2026-02-21 11:50:20,376 - INFO -   sub-r004s011_ses-1: 20 patches  shape=(197, 233, 189)  lesion=66.20ml  1.4s
2026-02-21 11:50:21,721 - INFO -   sub-r004s012_ses-1: 20 patches  shape=(197, 233, 189)  lesion=15.66ml  1.3s
2026-02-21 11:50:23,110 - INFO -   sub-r004s013_ses-1: 20 patches  shape=(197, 233, 189)  lesion=74.48ml  1.4s
2026-02-21 11:50:24,524 - INFO -   sub-r004s014_ses-1: 20 patches  shape=(197, 233, 189)  lesion=12.58ml  1.4s
2026-02-21 11:50:25,891 - INFO -   sub-r004s015_ses-1: 20 patches  shape=(197, 233, 189)  lesion=66.52ml  1.4s
2026-02-21 11:50:27,263 - INFO -   sub-r004s016_ses-1: 20 patches  shape=(197, 233, 189)  lesion=7.42ml  1.4s
2026-02-21 11:50:28,618 - INFO -   sub-r004s017_ses-1: 20 patches  shape=(197, 233, 189)  lesion=47.10ml  1.4s
2026-02-21 11:50:29,974 - INFO -   sub-r004s018_ses-1: 20 patches  shape=(197, 233, 189)  lesion=58.01ml  1.4s
2026-02-21 11:50:31,381 - INFO -   sub-r004s019_ses-1: 20 patches  shape=(197, 233, 189)  lesion=72.67ml  1.4s
2026-02-21 11:50:32,732 - INFO -   sub-r004s020_ses-1: 20 patches  shape=(197, 233, 189)  lesion=122.61ml  1.3s
2026-02-21 11:50:34,066 - INFO -   sub-r004s021_ses-1: 20 patches  shape=(197, 233, 189)  lesion=32.29ml  1.3s
2026-02-21 11:50:35,364 - INFO -   sub-r004s022_ses-1: 20 patches  shape=(197, 233, 189)  lesion=59.35ml  1.3s
2026-02-21 11:50:36,646 - INFO -   sub-r004s023_ses-1: 20 patches  shape=(197, 233, 189)  lesion=38.73ml  1.3s
2026-02-21 11:50:37,990 - INFO -   sub-r004s024_ses-1: 20 patches  shape=(197, 233, 189)  lesion=47.54ml  1.3s
2026-02-21 11:50:39,404 - INFO -   sub-r004s025_ses-1: 20 patches  shape=(197, 233, 189)  lesion=22.02ml  1.4s
2026-02-21 11:50:40,814 - INFO -   sub-r004s026_ses-1: 20 patches  shape=(197, 233, 189)  lesion=115.45ml  1.4s
2026-02-21 11:50:42,191 - INFO -   sub-r004s027_ses-1: 20 patches  shape=(197, 233, 189)  lesion=118.20ml  1.4s
2026-02-21 11:50:43,475 - INFO -   sub-r004s028_ses-1: 20 patches  shape=(197, 233, 189)  lesion=79.16ml  1.3s
2026-02-21 11:50:44,853 - INFO -   sub-r004s029_ses-1: 20 patches  shape=(197, 233, 189)  lesion=64.56ml  1.4s
2026-02-21 11:50:46,280 - INFO -   sub-r004s030_ses-1: 20 patches  shape=(197, 233, 189)  lesion=152.49ml  1.4s
2026-02-21 11:50:47,626 - INFO -   sub-r004s031_ses-1: 20 patches  shape=(197, 233, 189)  lesion=10.67ml  1.3s
2026-02-21 11:50:49,054 - INFO -   sub-r004s032_ses-1: 20 patches  shape=(197, 233, 189)  lesion=94.48ml  1.4s
2026-02-21 11:50:50,356 - INFO -   sub-r004s033_ses-1: 20 patches  shape=(197, 233, 189)  lesion=396.19ml  1.3s
2026-02-21 11:50:51,664 - INFO -   sub-r004s034_ses-1: 20 patches  shape=(197, 233, 189)  lesion=24.14ml  1.3s
2026-02-21 11:50:52,895 - INFO -   sub-r004s035_ses-1: 20 patches  shape=(197, 233, 189)  lesion=139.98ml  1.2s
2026-02-21 11:50:54,433 - INFO -   sub-r004s036_ses-1: 20 patches  shape=(197, 233, 189)  lesion=8.25ml  1.5s
2026-02-21 11:50:55,873 - INFO -   sub-r004s037_ses-1: 20 patches  shape=(197, 233, 189)  lesion=20.87ml  1.4s
2026-02-21 11:50:57,353 - INFO -   sub-r005s015_ses-1: 20 patches  shape=(197, 233, 189)  lesion=496.66ml  1.5s
2026-02-21 11:50:58,815 - INFO -   sub-r005s026_ses-1: 20 patches  shape=(197, 233, 189)  lesion=0.06ml  1.5s
2026-02-21 11:51:00,221 - INFO -   sub-r005s031_ses-1: 20 patches  shape=(197, 233, 189)  lesion=93.84ml  1.4s
2026-02-21 11:51:01,618 - INFO -   sub-r005s045_ses-1: 20 patches  shape=(197, 233, 189)  lesion=0.36ml  1.4s
2026-02-21 11:51:03,100 - INFO -   sub-r005s046_ses-1: 20 patches  shape=(197, 233, 189)  lesion=102.92ml  1.5s
2026-02-21 11:51:04,539 - INFO -   sub-r005s048_ses-1: 20 patches  shape=(197, 233, 189)  lesion=0.21ml  1.4s
2026-02-21 11:51:05,942 - INFO -   sub-r005s049_ses-1: 20 patches  shape=(197, 233, 189)  lesion=20.08ml  1.4s
2026-02-21 11:51:07,268 - INFO -   sub-r005s055_ses-1: 20 patches  shape=(197, 233, 189)  lesion=0.63ml  1.3s
2026-02-21 11:51:08,572 - INFO -   sub-r005s058_ses-1: 20 patches  shape=(197, 233, 189)  lesion=17.40ml  1.3s
2026-02-21 11:51:09,894 - INFO -   sub-r005s068_ses-1: 20 patches  shape=(197, 233, 189)  lesion=70.42ml  1.3s
2026-02-21 11:51:11,278 - INFO -   sub-r005s069_ses-1: 20 patches  shape=(197, 233, 189)  lesion=6.42ml  1.4s
2026-02-21 11:51:12,804 - INFO -   sub-r005s070_ses-1: 20 patches  shape=(197, 233, 189)  lesion=0.76ml  1.5s
2026-02-21 11:51:14,175 - INFO -   sub-r005s073_ses-1: 20 patches  shape=(197, 233, 189)  lesion=0.45ml  1.4s
2026-02-21 11:51:15,607 - INFO -   sub-r005s074_ses-1: 20 patches  shape=(197, 233, 189)  lesion=237.35ml  1.4s
2026-02-21 11:51:16,991 - INFO -   sub-r005s075_ses-1: 20 patches  shape=(197, 233, 189)  lesion=24.71ml  1.4s
2026-02-21 11:51:18,616 - INFO -   sub-r005s076_ses-1: 20 patches  shape=(197, 233, 189)  lesion=1.33ml  1.6s
2026-02-21 11:51:20,042 - INFO -   sub-r005s077_ses-1: 20 patches  shape=(197, 233, 189)  lesion=1.06ml  1.4s
2026-02-21 11:51:21,381 - INFO -   sub-r005s081_ses-1: 20 patches  shape=(197, 233, 189)  lesion=12.89ml  1.3s
2026-02-21 11:51:22,695 - INFO -   sub-r009s001_ses-1: 20 patches  shape=(197, 233, 189)  lesion=8.03ml  1.3s
2026-02-21 11:51:23,952 - INFO -   sub-r009s002_ses-1: 20 patches  shape=(197, 233, 189)  lesion=0.46ml  1.3s
2026-02-21 11:51:25,272 - INFO -   sub-r009s003_ses-1: 20 patches  shape=(197, 233, 189)  lesion=15.24ml  1.3s
2026-02-21 11:51:26,598 - INFO -   sub-r009s004_ses-1: 20 patches  shape=(197, 233, 189)  lesion=103.91ml  1.3s
2026-02-21 11:51:27,766 - INFO -   sub-r009s005_ses-1: 20 patches  shape=(197, 233, 189)  lesion=0.93ml  1.2s
2026-02-21 11:51:29,150 - INFO -   sub-r009s006_ses-1: 20 patches  shape=(197, 233, 189)  lesion=5.54ml  1.4s
2026-02-21 11:51:30,688 - INFO -   sub-r009s007_ses-1: 20 patches  shape=(197, 233, 189)  lesion=96.22ml  1.5s
2026-02-21 11:51:31,918 - INFO -   sub-r009s008_ses-1: 20 patches  shape=(197, 233, 189)  lesion=6.16ml  1.2s
2026-02-21 11:51:33,069 - INFO -   sub-r009s009_ses-1: 20 patches  shape=(197, 233, 189)  lesion=13.99ml  1.1s
2026-02-21 11:51:34,314 - INFO -   sub-r009s010_ses-1: 20 patches  shape=(197, 233, 189)  lesion=1.88ml  1.2s
2026-02-21 11:51:35,562 - INFO -   sub-r009s011_ses-1: 20 patches  shape=(197, 233, 189)  lesion=4.73ml  1.2s
2026-02-21 11:51:36,779 - INFO -   sub-r009s012_ses-1: 20 patches  shape=(197, 233, 189)  lesion=0.35ml  1.2s
2026-02-21 11:51:37,973 - INFO -   sub-r009s013_ses-1: 20 patches  shape=(197, 233, 189)  lesion=0.56ml  1.2s
2026-02-21 11:51:39,323 - INFO -   sub-r009s014_ses-1: 20 patches  shape=(197, 233, 189)  lesion=0.92ml  1.3s
2026-02-21 11:51:40,630 - INFO -   sub-r009s015_ses-1: 20 patches  shape=(197, 233, 189)  lesion=0.18ml  1.3s
2026-02-21 11:51:41,746 - INFO -   sub-r009s016_ses-1: 20 patches  shape=(197, 233, 189)  lesion=0.07ml  1.1s
2026-02-21 11:51:42,935 - INFO -   sub-r009s017_ses-1: 20 patches  shape=(197, 233, 189)  lesion=1.37ml  1.2s
2026-02-21 11:51:44,184 - INFO -   sub-r009s018_ses-1: 20 patches  shape=(197, 233, 189)  lesion=0.40ml  1.2s
2026-02-21 11:51:45,435 - INFO -   sub-r009s020_ses-1: 20 patches  shape=(197, 233, 189)  lesion=1.16ml  1.2s
2026-02-21 11:51:46,641 - INFO -   sub-r009s021_ses-1: 20 patches  shape=(197, 233, 189)  lesion=5.23ml  1.2s
2026-02-21 11:51:47,915 - INFO -   sub-r009s022_ses-1: 20 patches  shape=(197, 233, 189)  lesion=66.51ml  1.3s
2026-02-21 11:51:49,313 - INFO -   sub-r009s024_ses-1: 20 patches  shape=(197, 233, 189)  lesion=9.49ml  1.4s
2026-02-21 11:51:50,631 - INFO -   sub-r009s025_ses-1: 20 patches  shape=(197, 233, 189)  lesion=0.99ml  1.3s
2026-02-21 11:51:51,834 - INFO -   sub-r009s026_ses-1: 20 patches  shape=(197, 233, 189)  lesion=0.04ml  1.2s
2026-02-21 11:51:53,094 - INFO -   sub-r009s027_ses-1: 20 patches  shape=(197, 233, 189)  lesion=0.22ml  1.3s
2026-02-21 11:51:54,305 - INFO -   sub-r009s028_ses-1: 20 patches  shape=(197, 233, 189)  lesion=0.18ml  1.2s
2026-02-21 11:51:55,796 - INFO -   sub-r009s029_ses-1: 20 patches  shape=(197, 233, 189)  lesion=9.44ml  1.5s
2026-02-21 11:51:57,045 - INFO -   sub-r009s030_ses-1: 20 patches  shape=(197, 233, 189)  lesion=1.47ml  1.2s
2026-02-21 11:51:58,370 - INFO -   sub-r009s031_ses-1: 20 patches  shape=(197, 233, 189)  lesion=0.14ml  1.3s
2026-02-21 11:51:59,672 - INFO -   sub-r009s032_ses-1: 20 patches  shape=(197, 233, 189)  lesion=7.19ml  1.3s
2026-02-21 11:52:01,050 - INFO -   sub-r009s034_ses-1: 20 patches  shape=(197, 233, 189)  lesion=2.64ml  1.4s
2026-02-21 11:52:02,183 - INFO -   sub-r009s035_ses-1: 20 patches  shape=(197, 233, 189)  lesion=0.04ml  1.1s
2026-02-21 11:52:03,456 - INFO -   sub-r009s036_ses-1: 20 patches  shape=(197, 233, 189)  lesion=0.17ml  1.3s
2026-02-21 11:52:04,655 - INFO -   sub-r009s037_ses-1: 20 patches  shape=(197, 233, 189)  lesion=9.30ml  1.2s
2026-02-21 11:52:05,775 - INFO -   sub-r009s038_ses-1: 20 patches  shape=(197, 233, 189)  lesion=1.41ml  1.1s
2026-02-21 11:52:05,973 - WARNING -     No patches passed overlap filter — using lesion centroid
2026-02-21 11:52:06,036 - INFO -   sub-r009s039_ses-1: 1 patches  shape=(197, 233, 189)  lesion=0.02ml  0.3s
2026-02-21 11:52:07,265 - INFO -   sub-r009s040_ses-1: 20 patches  shape=(197, 233, 189)  lesion=13.65ml  1.2s
2026-02-21 11:52:08,560 - INFO -   sub-r009s041_ses-1: 20 patches  shape=(197, 233, 189)  lesion=0.99ml  1.3s
2026-02-21 11:52:09,899 - INFO -   sub-r009s043_ses-1: 20 patches  shape=(197, 233, 189)  lesion=1.35ml  1.3s
2026-02-21 11:52:11,332 - INFO -   sub-r009s044_ses-1: 20 patches  shape=(197, 233, 189)  lesion=44.36ml  1.4s
2026-02-21 11:52:12,598 - INFO -   sub-r009s045_ses-1: 20 patches  shape=(197, 233, 189)  lesion=0.88ml  1.3s
2026-02-21 11:52:13,884 - INFO -   sub-r009s046_ses-1: 20 patches  shape=(197, 233, 189)  lesion=1.91ml  1.3s
2026-02-21 11:52:15,094 - INFO -   sub-r009s048_ses-1: 20 patches  shape=(197, 233, 189)  lesion=0.45ml  1.2s
2026-02-21 11:52:16,270 - INFO -   sub-r009s049_ses-1: 20 patches  shape=(197, 233, 189)  lesion=27.39ml  1.2s
2026-02-21 11:52:17,499 - INFO -   sub-r009s050_ses-1: 20 patches  shape=(197, 233, 189)  lesion=1.86ml  1.2s
2026-02-21 11:52:18,885 - INFO -   sub-r009s051_ses-1: 20 patches  shape=(197, 233, 189)  lesion=2.76ml  1.4s
2026-02-21 11:52:20,084 - INFO -   sub-r009s052_ses-1: 20 patches  shape=(197, 233, 189)  lesion=17.42ml  1.2s
2026-02-21 11:52:21,453 - INFO -   sub-r009s053_ses-1: 20 patches  shape=(197, 233, 189)  lesion=1.55ml  1.4s
2026-02-21 11:52:22,761 - INFO -   sub-r009s054_ses-1: 20 patches  shape=(197, 233, 189)  lesion=0.67ml  1.3s
2026-02-21 11:52:24,009 - INFO -   sub-r009s055_ses-1: 20 patches  shape=(197, 233, 189)  lesion=12.91ml  1.2s
2026-02-21 11:52:25,316 - INFO -   sub-r009s056_ses-1: 20 patches  shape=(197, 233, 189)  lesion=0.15ml  1.3s
2026-02-21 11:52:26,557 - INFO -   sub-r009s057_ses-1: 20 patches  shape=(197, 233, 189)  lesion=0.12ml  1.2s
2026-02-21 11:52:27,847 - INFO -   sub-r009s058_ses-1: 20 patches  shape=(197, 233, 189)  lesion=0.82ml  1.3s
2026-02-21 11:52:29,133 - INFO -   sub-r009s060_ses-1: 20 patches  shape=(197, 233, 189)  lesion=1.13ml  1.3s
2026-02-21 11:52:30,567 - INFO -   sub-r009s061_ses-1: 20 patches  shape=(197, 233, 189)  lesion=0.59ml  1.4s
2026-02-21 11:52:31,811 - INFO -   sub-r009s062_ses-1: 20 patches  shape=(197, 233, 189)  lesion=0.21ml  1.2s
2026-02-21 11:52:33,054 - INFO -   sub-r009s063_ses-1: 20 patches  shape=(197, 233, 189)  lesion=12.18ml  1.2s
2026-02-21 11:52:34,203 - INFO -   sub-r009s064_ses-1: 20 patches  shape=(197, 233, 189)  lesion=7.13ml  1.1s
2026-02-21 11:52:35,440 - INFO -   sub-r009s065_ses-1: 20 patches  shape=(197, 233, 189)  lesion=0.06ml  1.2s
2026-02-21 11:52:36,604 - INFO -   sub-r009s066_ses-1: 20 patches  shape=(197, 233, 189)  lesion=1.38ml  1.2s
2026-02-21 11:52:37,816 - INFO -   sub-r009s067_ses-1: 20 patches  shape=(197, 233, 189)  lesion=20.78ml  1.2s
2026-02-21 11:52:39,141 - INFO -   sub-r009s071_ses-1: 20 patches  shape=(197, 233, 189)  lesion=3.12ml  1.3s
2026-02-21 11:52:40,399 - INFO -   sub-r009s072_ses-1: 20 patches  shape=(197, 233, 189)  lesion=8.86ml  1.3s
2026-02-21 11:52:41,741 - INFO -   sub-r009s073_ses-1: 20 patches  shape=(197, 233, 189)  lesion=0.48ml  1.3s
2026-02-21 11:52:42,984 - INFO -   sub-r009s074_ses-1: 20 patches  shape=(197, 233, 189)  lesion=1.00ml  1.2s
2026-02-21 11:52:44,239 - INFO -   sub-r009s075_ses-1: 20 patches  shape=(197, 233, 189)  lesion=0.18ml  1.3s
2026-02-21 11:52:45,516 - INFO -   sub-r009s076_ses-1: 20 patches  shape=(197, 233, 189)  lesion=0.07ml  1.3s
2026-02-21 11:52:46,785 - INFO -   sub-r009s077_ses-1: 20 patches  shape=(197, 233, 189)  lesion=14.38ml  1.3s
2026-02-21 11:52:47,948 - INFO -   sub-r009s078_ses-1: 20 patches  shape=(197, 233, 189)  lesion=1.78ml  1.2s
2026-02-21 11:52:49,179 - INFO -   sub-r009s079_ses-1: 20 patches  shape=(197, 233, 189)  lesion=0.08ml  1.2s
2026-02-21 11:52:50,611 - INFO -   sub-r009s082_ses-1: 20 patches  shape=(197, 233, 189)  lesion=0.06ml  1.4s
2026-02-21 11:52:51,812 - INFO -   sub-r009s083_ses-1: 20 patches  shape=(197, 233, 189)  lesion=91.33ml  1.2s
2026-02-21 11:52:53,140 - INFO -   sub-r009s084_ses-1: 20 patches  shape=(197, 233, 189)  lesion=0.09ml  1.3s
2026-02-21 11:52:54,310 - INFO -   sub-r009s085_ses-1: 20 patches  shape=(197, 233, 189)  lesion=30.26ml  1.2s
2026-02-21 11:52:55,536 - INFO -   sub-r009s086_ses-1: 20 patches  shape=(197, 233, 189)  lesion=1.28ml  1.2s
2026-02-21 11:52:56,770 - INFO -   sub-r009s087_ses-1: 20 patches  shape=(197, 233, 189)  lesion=1.32ml  1.2s
2026-02-21 11:52:58,051 - INFO -   sub-r009s088_ses-1: 20 patches  shape=(197, 233, 189)  lesion=16.88ml  1.3s
2026-02-21 11:52:59,285 - INFO -   sub-r009s089_ses-1: 20 patches  shape=(197, 233, 189)  lesion=88.92ml  1.2s
2026-02-21 11:53:00,532 - INFO -   sub-r009s090_ses-1: 20 patches  shape=(197, 233, 189)  lesion=2.20ml  1.2s
2026-02-21 11:53:01,991 - INFO -   sub-r009s091_ses-1: 20 patches  shape=(197, 233, 189)  lesion=1.40ml  1.5s
2026-02-21 11:53:03,479 - INFO -   sub-r009s092_ses-1: 20 patches  shape=(197, 233, 189)  lesion=1.72ml  1.5s
2026-02-21 11:53:04,975 - INFO -   sub-r009s093_ses-1: 20 patches  shape=(197, 233, 189)  lesion=1.43ml  1.5s
2026-02-21 11:53:06,224 - INFO -   sub-r009s094_ses-1: 20 patches  shape=(197, 233, 189)  lesion=2.47ml  1.2s
2026-02-21 11:53:07,461 - INFO -   sub-r009s095_ses-1: 20 patches  shape=(197, 233, 189)  lesion=0.17ml  1.2s
2026-02-21 11:53:08,691 - INFO -   sub-r009s096_ses-1: 20 patches  shape=(197, 233, 189)  lesion=5.38ml  1.2s
2026-02-21 11:53:09,917 - INFO -   sub-r009s097_ses-1: 20 patches  shape=(197, 233, 189)  lesion=0.39ml  1.2s
2026-02-21 11:53:11,189 - INFO -   sub-r009s098_ses-1: 20 patches  shape=(197, 233, 189)  lesion=6.20ml  1.3s
2026-02-21 11:53:12,449 - INFO -   sub-r009s099_ses-1: 20 patches  shape=(197, 233, 189)  lesion=0.44ml  1.3s
2026-02-21 11:53:13,687 - INFO -   sub-r009s100_ses-1: 20 patches  shape=(197, 233, 189)  lesion=0.21ml  1.2s
2026-02-21 11:53:15,031 - INFO -   sub-r009s102_ses-1: 20 patches  shape=(197, 233, 189)  lesion=2.99ml  1.3s
2026-02-21 11:53:16,310 - INFO -   sub-r009s103_ses-1: 20 patches  shape=(197, 233, 189)  lesion=53.55ml  1.3s
2026-02-21 11:53:17,385 - INFO -   sub-r009s105_ses-1: 20 patches  shape=(197, 233, 189)  lesion=9.05ml  1.1s
2026-02-21 11:53:18,634 - INFO -   sub-r009s106_ses-1: 20 patches  shape=(197, 233, 189)  lesion=0.18ml  1.2s
2026-02-21 11:53:19,925 - INFO -   sub-r009s107_ses-1: 20 patches  shape=(197, 233, 189)  lesion=4.41ml  1.3s
2026-02-21 11:53:21,174 - INFO -   sub-r009s108_ses-1: 20 patches  shape=(197, 233, 189)  lesion=58.22ml  1.2s
2026-02-21 11:53:22,345 - INFO -   sub-r009s109_ses-1: 20 patches  shape=(197, 233, 189)  lesion=16.00ml  1.2s
2026-02-21 11:53:23,619 - INFO -   sub-r009s110_ses-1: 20 patches  shape=(197, 233, 189)  lesion=1.81ml  1.3s
2026-02-21 11:53:25,009 - INFO -   sub-r009s111_ses-1: 20 patches  shape=(197, 233, 189)  lesion=0.12ml  1.4s
2026-02-21 11:53:26,169 - INFO -   sub-r009s113_ses-1: 20 patches  shape=(197, 233, 189)  lesion=1.11ml  1.2s
2026-02-21 11:53:27,523 - INFO -   sub-r009s114_ses-1: 20 patches  shape=(197, 233, 189)  lesion=3.81ml  1.3s
2026-02-21 11:53:28,813 - INFO -   sub-r009s115_ses-1: 20 patches  shape=(197, 233, 189)  lesion=3.52ml  1.3s
2026-02-21 11:53:30,258 - INFO -   sub-r009s117_ses-1: 20 patches  shape=(197, 233, 189)  lesion=0.95ml  1.4s
2026-02-21 11:53:31,503 - INFO -   sub-r009s118_ses-1: 20 patches  shape=(197, 233, 189)  lesion=1.27ml  1.2s
2026-02-21 11:53:32,788 - INFO -   sub-r009s119_ses-1: 20 patches  shape=(197, 233, 189)  lesion=1.95ml  1.3s
2026-02-21 11:53:34,276 - INFO -   sub-r009s120_ses-1: 20 patches  shape=(197, 233, 189)  lesion=0.83ml  1.5s
2026-02-21 11:53:35,736 - INFO -   sub-r009s121_ses-1: 20 patches  shape=(197, 233, 189)  lesion=0.95ml  1.5s
2026-02-21 11:53:36,984 - INFO -   sub-r009s122_ses-1: 20 patches  shape=(197, 233, 189)  lesion=0.07ml  1.2s
2026-02-21 11:53:38,251 - INFO -   sub-r009s123_ses-1: 20 patches  shape=(197, 233, 189)  lesion=5.25ml  1.3s
2026-02-21 11:53:39,503 - INFO -   sub-r009s124_ses-1: 20 patches  shape=(197, 233, 189)  lesion=1.40ml  1.2s
2026-02-21 11:53:40,790 - INFO -   sub-r009s125_ses-1: 20 patches  shape=(197, 233, 189)  lesion=2.49ml  1.3s
2026-02-21 11:53:41,973 - INFO -   sub-r009s126_ses-1: 20 patches  shape=(197, 233, 189)  lesion=4.52ml  1.2s
2026-02-21 11:53:43,080 - INFO -   sub-r010s001_ses-1: 20 patches  shape=(197, 233, 189)  lesion=1.64ml  1.1s
2026-02-21 11:53:44,185 - INFO -   sub-r010s002_ses-1: 20 patches  shape=(197, 233, 189)  lesion=6.96ml  1.1s
2026-02-21 11:53:45,392 - INFO -   sub-r010s003_ses-1: 20 patches  shape=(197, 233, 189)  lesion=8.66ml  1.2s
2026-02-21 11:53:46,984 - INFO -   sub-r010s004_ses-1: 20 patches  shape=(197, 233, 189)  lesion=0.56ml  1.6s
2026-02-21 11:53:48,165 - INFO -   sub-r010s005_ses-1: 20 patches  shape=(197, 233, 189)  lesion=10.98ml  1.2s
2026-02-21 11:53:49,248 - INFO -   sub-r010s006_ses-1: 20 patches  shape=(197, 233, 189)  lesion=2.02ml  1.1s
2026-02-21 11:53:50,456 - INFO -   sub-r010s007_ses-1: 20 patches  shape=(197, 233, 189)  lesion=5.83ml  1.2s
2026-02-21 11:53:51,567 - INFO -   sub-r010s008_ses-1: 20 patches  shape=(197, 233, 189)  lesion=0.95ml  1.1s
2026-02-21 11:53:52,659 - INFO -   sub-r010s009_ses-1: 20 patches  shape=(197, 233, 189)  lesion=1.57ml  1.1s
2026-02-21 11:53:53,743 - INFO -   sub-r010s010_ses-1: 20 patches  shape=(197, 233, 189)  lesion=0.74ml  1.1s
2026-02-21 11:53:54,836 - INFO -   sub-r010s011_ses-1: 20 patches  shape=(197, 233, 189)  lesion=0.77ml  1.1s
2026-02-21 11:53:55,984 - INFO -   sub-r010s012_ses-1: 20 patches  shape=(197, 233, 189)  lesion=0.84ml  1.1s
2026-02-21 11:53:57,132 - INFO -   sub-r010s013_ses-1: 20 patches  shape=(197, 233, 189)  lesion=1.55ml  1.1s
2026-02-21 11:53:58,356 - INFO -   sub-r010s014_ses-1: 20 patches  shape=(197, 233, 189)  lesion=0.32ml  1.2s
2026-02-21 11:53:59,469 - INFO -   sub-r010s016_ses-1: 20 patches  shape=(197, 233, 189)  lesion=1.65ml  1.1s
2026-02-21 11:54:00,723 - INFO -   sub-r010s018_ses-1: 20 patches  shape=(197, 233, 189)  lesion=2.38ml  1.2s
2026-02-21 11:54:01,902 - INFO -   sub-r010s019_ses-1: 20 patches  shape=(197, 233, 189)  lesion=0.42ml  1.2s
2026-02-21 11:54:03,146 - INFO -   sub-r010s021_ses-1: 20 patches  shape=(197, 233, 189)  lesion=0.56ml  1.2s
2026-02-21 11:54:04,328 - INFO -   sub-r010s022_ses-1: 20 patches  shape=(197, 233, 189)  lesion=0.12ml  1.2s
2026-02-21 11:54:05,508 - INFO -   sub-r010s023_ses-1: 20 patches  shape=(197, 233, 189)  lesion=0.15ml  1.2s
2026-02-21 11:54:06,653 - INFO -   sub-r010s024_ses-1: 20 patches  shape=(197, 233, 189)  lesion=0.88ml  1.1s
2026-02-21 11:54:07,788 - INFO -   sub-r010s026_ses-1: 20 patches  shape=(197, 233, 189)  lesion=0.84ml  1.1s
2026-02-21 11:54:08,956 - INFO -   sub-r010s027_ses-1: 20 patches  shape=(197, 233, 189)  lesion=0.83ml  1.2s
2026-02-21 11:54:10,112 - INFO -   sub-r010s028_ses-1: 20 patches  shape=(197, 233, 189)  lesion=13.03ml  1.2s
2026-02-21 11:54:11,234 - INFO -   sub-r010s029_ses-1: 20 patches  shape=(197, 233, 189)  lesion=0.14ml  1.1s
2026-02-21 11:54:12,373 - INFO -   sub-r010s032_ses-1: 20 patches  shape=(197, 233, 189)  lesion=0.37ml  1.1s
2026-02-21 11:54:13,458 - INFO -   sub-r011s001_ses-1: 20 patches  shape=(197, 233, 189)  lesion=1.67ml  1.1s
2026-02-21 11:54:14,571 - INFO -   sub-r011s002_ses-1: 20 patches  shape=(197, 233, 189)  lesion=2.36ml  1.1s
2026-02-21 11:54:15,783 - INFO -   sub-r011s003_ses-1: 20 patches  shape=(197, 233, 189)  lesion=0.31ml  1.2s
2026-02-21 11:54:16,965 - INFO -   sub-r011s008_ses-1: 20 patches  shape=(197, 233, 189)  lesion=3.71ml  1.2s
2026-02-21 11:54:18,111 - INFO -   sub-r011s010_ses-1: 20 patches  shape=(197, 233, 189)  lesion=4.92ml  1.1s
2026-02-21 11:54:18,353 - WARNING -     No patches passed overlap filter — using lesion centroid
2026-02-21 11:54:18,402 - INFO -   sub-r011s011_ses-1: 1 patches  shape=(197, 233, 189)  lesion=0.01ml  0.3s
2026-02-21 11:54:19,578 - INFO -   sub-r011s012_ses-1: 20 patches  shape=(197, 233, 189)  lesion=6.81ml  1.2s
2026-02-21 11:54:20,653 - INFO -   sub-r011s013_ses-1: 20 patches  shape=(197, 233, 189)  lesion=0.07ml  1.1s
2026-02-21 11:54:21,782 - INFO -   sub-r011s014_ses-1: 20 patches  shape=(197, 233, 189)  lesion=1.36ml  1.1s
2026-02-21 11:54:22,865 - INFO -   sub-r011s015_ses-1: 20 patches  shape=(197, 233, 189)  lesion=2.78ml  1.1s
2026-02-21 11:54:23,951 - INFO -   sub-r011s016_ses-1: 20 patches  shape=(197, 233, 189)  lesion=1.08ml  1.1s
2026-02-21 11:54:25,091 - INFO -   sub-r011s017_ses-1: 20 patches  shape=(197, 233, 189)  lesion=1.14ml  1.1s
2026-02-21 11:54:26,314 - INFO -   sub-r011s018_ses-1: 20 patches  shape=(197, 233, 189)  lesion=2.04ml  1.2s
2026-02-21 11:54:27,426 - INFO -   sub-r011s019_ses-1: 20 patches  shape=(197, 233, 189)  lesion=0.92ml  1.1s
2026-02-21 11:54:28,553 - INFO -   sub-r011s020_ses-1: 20 patches  shape=(197, 233, 189)  lesion=2.59ml  1.1s
2026-02-21 11:54:29,664 - INFO -   sub-r011s021_ses-1: 20 patches  shape=(197, 233, 189)  lesion=0.16ml  1.1s
2026-02-21 11:54:30,731 - INFO -   sub-r011s022_ses-1: 20 patches  shape=(197, 233, 189)  lesion=0.57ml  1.1s
2026-02-21 11:54:31,875 - INFO -   sub-r011s023_ses-1: 20 patches  shape=(197, 233, 189)  lesion=1.15ml  1.1s
2026-02-21 11:54:33,059 - INFO -   sub-r011s024_ses-1: 20 patches  shape=(197, 233, 189)  lesion=3.74ml  1.2s
2026-02-21 11:54:34,265 - INFO -   sub-r011s025_ses-1: 20 patches  shape=(197, 233, 189)  lesion=2.49ml  1.2s
2026-02-21 11:54:35,378 - INFO -   sub-r011s026_ses-1: 20 patches  shape=(197, 233, 189)  lesion=0.07ml  1.1s
2026-02-21 11:54:36,517 - INFO -   sub-r011s027_ses-1: 20 patches  shape=(197, 233, 189)  lesion=0.08ml  1.1s
2026-02-21 11:54:37,680 - INFO -   sub-r011s028_ses-1: 20 patches  shape=(197, 233, 189)  lesion=0.23ml  1.2s
2026-02-21 11:54:38,788 - INFO -   sub-r011s029_ses-1: 20 patches  shape=(197, 233, 189)  lesion=5.29ml  1.1s
2026-02-21 11:54:39,920 - INFO -   sub-r011s030_ses-1: 20 patches  shape=(197, 233, 189)  lesion=4.84ml  1.1s
2026-02-21 11:54:41,031 - INFO -   sub-r011s031_ses-1: 20 patches  shape=(197, 233, 189)  lesion=0.60ml  1.1s
2026-02-21 11:54:42,142 - INFO -   sub-r011s032_ses-1: 20 patches  shape=(197, 233, 189)  lesion=1.23ml  1.1s
2026-02-21 11:54:43,283 - INFO -   sub-r011s033_ses-1: 20 patches  shape=(197, 233, 189)  lesion=0.09ml  1.1s
2026-02-21 11:54:44,367 - INFO -   sub-r011s034_ses-1: 20 patches  shape=(197, 233, 189)  lesion=1.22ml  1.1s
2026-02-21 11:54:45,899 - INFO -   sub-r014s002_ses-1: 20 patches  shape=(197, 233, 189)  lesion=0.11ml  1.5s
2026-02-21 11:54:47,341 - INFO -   sub-r014s004_ses-1: 20 patches  shape=(197, 233, 189)  lesion=0.22ml  1.4s
2026-02-21 11:54:48,896 - INFO -   sub-r014s008_ses-1: 20 patches  shape=(197, 233, 189)  lesion=0.21ml  1.6s
2026-02-21 11:54:50,533 - INFO -   sub-r014s010_ses-1: 20 patches  shape=(197, 233, 189)  lesion=0.78ml  1.6s
2026-02-21 11:54:51,962 - INFO -   sub-r014s015_ses-1: 20 patches  shape=(197, 233, 189)  lesion=0.24ml  1.4s
2026-02-21 11:54:53,372 - INFO -   sub-r015s001_ses-1: 20 patches  shape=(197, 233, 189)  lesion=23.97ml  1.4s
2026-02-21 11:54:55,020 - INFO -   sub-r015s006_ses-1: 20 patches  shape=(197, 233, 189)  lesion=1.47ml  1.6s
2026-02-21 11:54:56,428 - INFO -   sub-r015s008_ses-1: 20 patches  shape=(197, 233, 189)  lesion=35.87ml  1.4s
2026-02-21 11:54:58,000 - INFO -   sub-r015s009_ses-1: 20 patches  shape=(197, 233, 189)  lesion=1.02ml  1.6s
2026-02-21 11:54:59,312 - INFO -   sub-r015s010_ses-1: 20 patches  shape=(197, 233, 189)  lesion=62.25ml  1.3s
2026-02-21 11:55:00,689 - INFO -   sub-r015s011_ses-1: 20 patches  shape=(197, 233, 189)  lesion=119.73ml  1.4s
2026-02-21 11:55:01,998 - INFO -   sub-r015s016_ses-1: 20 patches  shape=(197, 233, 189)  lesion=85.15ml  1.3s
2026-02-21 11:55:03,453 - INFO -   sub-r015s018_ses-1: 20 patches  shape=(197, 233, 189)  lesion=1.78ml  1.5s
2026-02-21 11:55:04,893 - INFO -   sub-r015s019_ses-1: 20 patches  shape=(197, 233, 189)  lesion=0.51ml  1.4s
2026-02-21 11:55:06,523 - INFO -   sub-r015s025_ses-1: 20 patches  shape=(197, 233, 189)  lesion=1.68ml  1.6s
2026-02-21 11:55:07,943 - INFO -   sub-r015s026_ses-1: 20 patches  shape=(197, 233, 189)  lesion=5.33ml  1.4s
2026-02-21 11:55:09,336 - INFO -   sub-r015s027_ses-1: 20 patches  shape=(197, 233, 189)  lesion=24.41ml  1.4s
2026-02-21 11:55:10,826 - INFO -   sub-r017s104_ses-1: 20 patches  shape=(197, 233, 189)  lesion=53.65ml  1.5s
2026-02-21 11:55:12,311 - INFO -   sub-r017s105_ses-1: 20 patches  shape=(197, 233, 189)  lesion=1.08ml  1.5s
2026-02-21 11:55:13,694 - INFO -   sub-r017s106_ses-1: 20 patches  shape=(197, 233, 189)  lesion=84.23ml  1.4s
2026-02-21 11:55:15,059 - INFO -   sub-r017s110_ses-1: 20 patches  shape=(197, 233, 189)  lesion=120.01ml  1.4s
2026-02-21 11:55:16,406 - INFO -   sub-r017s116_ses-1: 20 patches  shape=(197, 233, 189)  lesion=52.39ml  1.3s
2026-02-21 11:55:17,998 - INFO -   sub-r017s117_ses-1: 20 patches  shape=(197, 233, 189)  lesion=0.51ml  1.6s
2026-02-21 11:55:19,534 - INFO -   sub-r017s118_ses-1: 20 patches  shape=(197, 233, 189)  lesion=0.69ml  1.5s
2026-02-21 11:55:20,902 - INFO -   sub-r017s119_ses-1: 20 patches  shape=(197, 233, 189)  lesion=19.16ml  1.4s
2026-02-21 11:55:22,230 - INFO -   sub-r018s001_ses-1: 20 patches  shape=(197, 233, 189)  lesion=30.12ml  1.3s
2026-02-21 11:55:23,614 - INFO -   sub-r018s007_ses-1: 20 patches  shape=(197, 233, 189)  lesion=67.23ml  1.4s
2026-02-21 11:55:25,126 - INFO -   sub-r018s008_ses-1: 20 patches  shape=(197, 233, 189)  lesion=52.33ml  1.5s
2026-02-21 11:55:26,627 - INFO -   sub-r018s010_ses-1: 20 patches  shape=(197, 233, 189)  lesion=0.58ml  1.5s
2026-02-21 11:55:28,095 - INFO -   sub-r018s011_ses-1: 20 patches  shape=(197, 233, 189)  lesion=108.09ml  1.5s
2026-02-21 11:55:29,627 - INFO -   sub-r018s012_ses-1: 20 patches  shape=(197, 233, 189)  lesion=52.79ml  1.5s
2026-02-21 11:55:31,115 - INFO -   sub-r019s001_ses-1: 20 patches  shape=(197, 233, 189)  lesion=0.24ml  1.5s
2026-02-21 11:55:32,378 - INFO -   sub-r019s004_ses-1: 20 patches  shape=(197, 233, 189)  lesion=99.44ml  1.3s
2026-02-21 11:55:33,770 - INFO -   sub-r019s007_ses-1: 20 patches  shape=(197, 233, 189)  lesion=8.24ml  1.4s
2026-02-21 11:55:35,324 - INFO -   sub-r019s008_ses-1: 20 patches  shape=(197, 233, 189)  lesion=2.63ml  1.5s
2026-02-21 11:55:36,854 - INFO -   sub-r019s009_ses-1: 20 patches  shape=(197, 233, 189)  lesion=16.16ml  1.5s
2026-02-21 11:55:38,300 - INFO -   sub-r019s010_ses-1: 20 patches  shape=(197, 233, 189)  lesion=1.23ml  1.4s
2026-02-21 11:55:39,832 - INFO -   sub-r019s012_ses-1: 20 patches  shape=(197, 233, 189)  lesion=2.85ml  1.5s
2026-02-21 11:55:41,297 - INFO -   sub-r023s001_ses-1: 20 patches  shape=(197, 233, 189)  lesion=2.56ml  1.5s
2026-02-21 11:55:42,776 - INFO -   sub-r023s002_ses-1: 20 patches  shape=(197, 233, 189)  lesion=69.39ml  1.5s
2026-02-21 11:55:44,249 - INFO -   sub-r023s003_ses-1: 20 patches  shape=(197, 233, 189)  lesion=152.70ml  1.5s
2026-02-21 11:55:45,721 - INFO -   sub-r023s007_ses-1: 20 patches  shape=(197, 233, 189)  lesion=4.31ml  1.5s
2026-02-21 11:55:47,257 - INFO -   sub-r023s008_ses-1: 20 patches  shape=(197, 233, 189)  lesion=204.50ml  1.5s
2026-02-21 11:55:48,678 - INFO -   sub-r023s009_ses-1: 20 patches  shape=(197, 233, 189)  lesion=141.28ml  1.4s
2026-02-21 11:55:50,105 - INFO -   sub-r023s014_ses-1: 20 patches  shape=(197, 233, 189)  lesion=4.15ml  1.4s
2026-02-21 11:55:51,391 - INFO -   sub-r023s017_ses-1: 20 patches  shape=(197, 233, 189)  lesion=131.16ml  1.3s
2026-02-21 11:55:52,806 - INFO -   sub-r024s002_ses-1: 20 patches  shape=(197, 233, 189)  lesion=123.84ml  1.4s
2026-02-21 11:55:54,161 - INFO -   sub-r024s003_ses-1: 20 patches  shape=(197, 233, 189)  lesion=33.78ml  1.4s
2026-02-21 11:55:55,570 - INFO -   sub-r024s005_ses-1: 20 patches  shape=(197, 233, 189)  lesion=51.29ml  1.4s
2026-02-21 11:55:56,849 - INFO -   sub-r024s008_ses-1: 20 patches  shape=(197, 233, 189)  lesion=5.48ml  1.3s
2026-02-21 11:55:58,281 - INFO -   sub-r024s011_ses-1: 20 patches  shape=(197, 233, 189)  lesion=5.57ml  1.4s
2026-02-21 11:55:59,714 - INFO -   sub-r024s012_ses-1: 20 patches  shape=(197, 233, 189)  lesion=0.53ml  1.4s
2026-02-21 11:56:01,228 - INFO -   sub-r024s013_ses-1: 20 patches  shape=(197, 233, 189)  lesion=0.55ml  1.5s
2026-02-21 11:56:02,497 - INFO -   sub-r024s014_ses-1: 20 patches  shape=(197, 233, 189)  lesion=5.16ml  1.3s
2026-02-21 11:56:03,833 - INFO -   sub-r024s018_ses-1: 20 patches  shape=(197, 233, 189)  lesion=19.14ml  1.3s
2026-02-21 11:56:05,161 - INFO -   sub-r024s019_ses-1: 20 patches  shape=(197, 233, 189)  lesion=123.25ml  1.3s
2026-02-21 11:56:06,513 - INFO -   sub-r024s021_ses-1: 20 patches  shape=(197, 233, 189)  lesion=0.87ml  1.3s
2026-02-21 11:56:07,967 - INFO -   sub-r027s001_ses-1: 20 patches  shape=(197, 233, 189)  lesion=4.25ml  1.4s
2026-02-21 11:56:09,449 - INFO -   sub-r027s006_ses-1: 20 patches  shape=(197, 233, 189)  lesion=0.64ml  1.5s
2026-02-21 11:56:10,766 - INFO -   sub-r027s009_ses-1: 20 patches  shape=(197, 233, 189)  lesion=63.30ml  1.3s
2026-02-21 11:56:12,266 - INFO -   sub-r027s013_ses-1: 20 patches  shape=(197, 233, 189)  lesion=1.50ml  1.5s
2026-02-21 11:56:13,772 - INFO -   sub-r027s015_ses-1: 20 patches  shape=(197, 233, 189)  lesion=5.25ml  1.5s
2026-02-21 11:56:15,181 - INFO -   sub-r027s017_ses-1: 20 patches  shape=(197, 233, 189)  lesion=10.92ml  1.4s
2026-02-21 11:56:16,565 - INFO -   sub-r027s023_ses-1: 20 patches  shape=(197, 233, 189)  lesion=34.33ml  1.4s
2026-02-21 11:56:17,935 - INFO -   sub-r027s031_ses-1: 20 patches  shape=(197, 233, 189)  lesion=91.44ml  1.4s
2026-02-21 11:56:19,451 - INFO -   sub-r027s032_ses-1: 20 patches  shape=(197, 233, 189)  lesion=1.43ml  1.5s
2026-02-21 11:56:20,715 - INFO -   sub-r027s035_ses-1: 20 patches  shape=(197, 233, 189)  lesion=26.10ml  1.3s
2026-02-21 11:56:22,117 - INFO -   sub-r027s041_ses-1: 20 patches  shape=(197, 233, 189)  lesion=2.78ml  1.4s
2026-02-21 11:56:23,704 - INFO -   sub-r027s042_ses-1: 20 patches  shape=(197, 233, 189)  lesion=17.93ml  1.6s
2026-02-21 11:56:25,050 - INFO -   sub-r027s047_ses-1: 20 patches  shape=(197, 233, 189)  lesion=12.54ml  1.3s
2026-02-21 11:56:26,522 - INFO -   sub-r027s048_ses-1: 20 patches  shape=(197, 233, 189)  lesion=146.58ml  1.5s
2026-02-21 11:56:27,813 - INFO -   sub-r027s050_ses-1: 20 patches  shape=(197, 233, 189)  lesion=12.15ml  1.3s
2026-02-21 11:56:29,028 - INFO -   sub-r027s052_ses-1: 20 patches  shape=(197, 233, 189)  lesion=0.68ml  1.2s
2026-02-21 11:56:30,620 - INFO -   sub-r028s002_ses-1: 20 patches  shape=(197, 233, 189)  lesion=33.96ml  1.6s
2026-02-21 11:56:32,231 - INFO -   sub-r028s004_ses-1: 20 patches  shape=(197, 233, 189)  lesion=3.30ml  1.6s
2026-02-21 11:56:33,787 - INFO -   sub-r028s005_ses-1: 20 patches  shape=(197, 233, 189)  lesion=4.92ml  1.6s
2026-02-21 11:56:35,338 - INFO -   sub-r028s007_ses-1: 20 patches  shape=(197, 233, 189)  lesion=5.09ml  1.5s
2026-02-21 11:56:36,885 - INFO -   sub-r028s008_ses-1: 20 patches  shape=(197, 233, 189)  lesion=75.07ml  1.5s
2026-02-21 11:56:38,484 - INFO -   sub-r028s009_ses-1: 20 patches  shape=(197, 233, 189)  lesion=4.64ml  1.6s
2026-02-21 11:56:40,062 - INFO -   sub-r028s011_ses-1: 20 patches  shape=(197, 233, 189)  lesion=0.43ml  1.6s
2026-02-21 11:56:41,624 - INFO -   sub-r028s012_ses-1: 20 patches  shape=(197, 233, 189)  lesion=3.62ml  1.6s
2026-02-21 11:56:43,260 - INFO -   sub-r028s013_ses-1: 20 patches  shape=(197, 233, 189)  lesion=12.38ml  1.6s
2026-02-21 11:56:44,913 - INFO -   sub-r028s014_ses-1: 20 patches  shape=(197, 233, 189)  lesion=8.65ml  1.6s
2026-02-21 11:56:46,430 - INFO -   sub-r028s017_ses-1: 20 patches  shape=(197, 233, 189)  lesion=3.08ml  1.5s
2026-02-21 11:56:48,014 - INFO -   sub-r028s020_ses-1: 20 patches  shape=(197, 233, 189)  lesion=25.26ml  1.6s
2026-02-21 11:56:49,599 - INFO -   sub-r028s026_ses-1: 20 patches  shape=(197, 233, 189)  lesion=4.25ml  1.6s
2026-02-21 11:56:50,715 - INFO -   sub-r029s003_ses-1: 20 patches  shape=(197, 233, 189)  lesion=67.08ml  1.1s
2026-02-21 11:56:51,840 - INFO -   sub-r029s004_ses-1: 20 patches  shape=(197, 233, 189)  lesion=22.69ml  1.1s
2026-02-21 11:56:53,049 - INFO -   sub-r029s007_ses-1: 20 patches  shape=(197, 233, 189)  lesion=50.46ml  1.2s
2026-02-21 11:56:54,191 - INFO -   sub-r029s009_ses-1: 20 patches  shape=(197, 233, 189)  lesion=2.79ml  1.1s
2026-02-21 11:56:55,457 - INFO -   sub-r029s010_ses-1: 20 patches  shape=(197, 233, 189)  lesion=0.98ml  1.3s
2026-02-21 11:56:57,065 - INFO -   sub-r031s001_ses-1: 20 patches  shape=(197, 233, 189)  lesion=133.78ml  1.6s
2026-02-21 11:56:58,646 - INFO -   sub-r031s002_ses-1: 20 patches  shape=(197, 233, 189)  lesion=31.37ml  1.6s
2026-02-21 11:57:00,198 - INFO -   sub-r031s003_ses-1: 20 patches  shape=(197, 233, 189)  lesion=48.07ml  1.5s
2026-02-21 11:57:01,540 - INFO -   sub-r031s004_ses-1: 20 patches  shape=(197, 233, 189)  lesion=3.10ml  1.3s
2026-02-21 11:57:03,051 - INFO -   sub-r031s005_ses-1: 20 patches  shape=(197, 233, 189)  lesion=2.75ml  1.5s
2026-02-21 11:57:04,604 - INFO -   sub-r031s006_ses-1: 20 patches  shape=(197, 233, 189)  lesion=36.54ml  1.5s
2026-02-21 11:57:06,184 - INFO -   sub-r031s007_ses-1: 20 patches  shape=(197, 233, 189)  lesion=86.77ml  1.6s
2026-02-21 11:57:07,848 - INFO -   sub-r031s008_ses-1: 20 patches  shape=(197, 233, 189)  lesion=2.44ml  1.7s
2026-02-21 11:57:09,437 - INFO -   sub-r031s009_ses-1: 20 patches  shape=(197, 233, 189)  lesion=85.45ml  1.6s
2026-02-21 11:57:10,994 - INFO -   sub-r031s010_ses-1: 20 patches  shape=(197, 233, 189)  lesion=2.89ml  1.6s
2026-02-21 11:57:12,563 - INFO -   sub-r031s011_ses-1: 20 patches  shape=(197, 233, 189)  lesion=49.66ml  1.6s
2026-02-21 11:57:14,130 - INFO -   sub-r031s012_ses-1: 20 patches  shape=(197, 233, 189)  lesion=8.36ml  1.6s
2026-02-21 11:57:15,719 - INFO -   sub-r031s013_ses-1: 20 patches  shape=(197, 233, 189)  lesion=222.00ml  1.6s
2026-02-21 11:57:17,324 - INFO -   sub-r031s014_ses-1: 20 patches  shape=(197, 233, 189)  lesion=1.77ml  1.6s
2026-02-21 11:57:18,878 - INFO -   sub-r031s015_ses-1: 20 patches  shape=(197, 233, 189)  lesion=6.38ml  1.5s
2026-02-21 11:57:20,479 - INFO -   sub-r031s016_ses-1: 20 patches  shape=(197, 233, 189)  lesion=2.51ml  1.6s
2026-02-21 11:57:22,098 - INFO -   sub-r031s017_ses-1: 20 patches  shape=(197, 233, 189)  lesion=0.69ml  1.6s
2026-02-21 11:57:23,631 - INFO -   sub-r031s018_ses-1: 20 patches  shape=(197, 233, 189)  lesion=15.03ml  1.5s
2026-02-21 11:57:25,196 - INFO -   sub-r031s019_ses-1: 20 patches  shape=(197, 233, 189)  lesion=11.62ml  1.6s
2026-02-21 11:57:26,746 - INFO -   sub-r031s020_ses-1: 20 patches  shape=(197, 233, 189)  lesion=9.65ml  1.5s
2026-02-21 11:57:28,384 - INFO -   sub-r031s021_ses-1: 20 patches  shape=(197, 233, 189)  lesion=3.25ml  1.6s
2026-02-21 11:57:29,911 - INFO -   sub-r031s022_ses-1: 20 patches  shape=(197, 233, 189)  lesion=212.19ml  1.5s
2026-02-21 11:57:31,395 - INFO -   sub-r031s023_ses-1: 20 patches  shape=(197, 233, 189)  lesion=0.73ml  1.5s
2026-02-21 11:57:33,049 - INFO -   sub-r031s024_ses-1: 20 patches  shape=(197, 233, 189)  lesion=40.82ml  1.6s
2026-02-21 11:57:34,610 - INFO -   sub-r031s025_ses-1: 20 patches  shape=(197, 233, 189)  lesion=39.12ml  1.6s
2026-02-21 11:57:36,200 - INFO -   sub-r031s026_ses-1: 20 patches  shape=(197, 233, 189)  lesion=1.28ml  1.6s
2026-02-21 11:57:37,763 - INFO -   sub-r031s027_ses-1: 20 patches  shape=(197, 233, 189)  lesion=1.76ml  1.6s
2026-02-21 11:57:39,390 - INFO -   sub-r031s028_ses-1: 20 patches  shape=(197, 233, 189)  lesion=28.07ml  1.6s
2026-02-21 11:57:41,016 - INFO -   sub-r031s029_ses-1: 20 patches  shape=(197, 233, 189)  lesion=5.98ml  1.6s
2026-02-21 11:57:42,706 - INFO -   sub-r031s030_ses-1: 20 patches  shape=(197, 233, 189)  lesion=34.75ml  1.7s
2026-02-21 11:57:44,290 - INFO -   sub-r031s031_ses-1: 20 patches  shape=(197, 233, 189)  lesion=3.22ml  1.6s
2026-02-21 11:57:45,884 - INFO -   sub-r031s032_ses-1: 20 patches  shape=(197, 233, 189)  lesion=0.72ml  1.6s
2026-02-21 11:57:47,466 - INFO -   sub-r031s033_ses-1: 20 patches  shape=(197, 233, 189)  lesion=44.89ml  1.6s
2026-02-21 11:57:48,989 - INFO -   sub-r031s034_ses-1: 20 patches  shape=(197, 233, 189)  lesion=147.55ml  1.5s
2026-02-21 11:57:50,559 - INFO -   sub-r031s035_ses-1: 20 patches  shape=(197, 233, 189)  lesion=79.46ml  1.6s
2026-02-21 11:57:52,139 - INFO -   sub-r031s036_ses-1: 20 patches  shape=(197, 233, 189)  lesion=7.70ml  1.6s
2026-02-21 11:57:53,752 - INFO -   sub-r031s037_ses-1: 20 patches  shape=(197, 233, 189)  lesion=7.20ml  1.6s
2026-02-21 11:57:55,109 - INFO -   sub-r034s003_ses-1: 20 patches  shape=(197, 233, 189)  lesion=45.07ml  1.4s
2026-02-21 11:57:56,590 - INFO -   sub-r034s006_ses-1: 20 patches  shape=(197, 233, 189)  lesion=4.03ml  1.5s
2026-02-21 11:57:58,015 - INFO -   sub-r034s007_ses-1: 20 patches  shape=(197, 233, 189)  lesion=81.64ml  1.4s
2026-02-21 11:57:59,487 - INFO -   sub-r034s008_ses-1: 20 patches  shape=(197, 233, 189)  lesion=2.46ml  1.5s
2026-02-21 11:58:01,000 - INFO -   sub-r034s009_ses-1: 20 patches  shape=(197, 233, 189)  lesion=33.59ml  1.5s
2026-02-21 11:58:02,438 - INFO -   sub-r034s010_ses-1: 20 patches  shape=(197, 233, 189)  lesion=0.24ml  1.4s
2026-02-21 11:58:04,000 - INFO -   sub-r034s011_ses-1: 20 patches  shape=(197, 233, 189)  lesion=7.21ml  1.6s
2026-02-21 11:58:05,348 - INFO -   sub-r034s012_ses-1: 20 patches  shape=(197, 233, 189)  lesion=2.04ml  1.3s
2026-02-21 11:58:06,795 - INFO -   sub-r034s013_ses-1: 20 patches  shape=(197, 233, 189)  lesion=110.64ml  1.4s
2026-02-21 11:58:08,307 - INFO -   sub-r034s014_ses-1: 20 patches  shape=(197, 233, 189)  lesion=22.88ml  1.5s
2026-02-21 11:58:09,801 - INFO -   sub-r034s015_ses-1: 20 patches  shape=(197, 233, 189)  lesion=6.93ml  1.5s
2026-02-21 11:58:11,262 - INFO -   sub-r034s021_ses-1: 20 patches  shape=(197, 233, 189)  lesion=8.16ml  1.5s
2026-02-21 11:58:12,768 - INFO -   sub-r034s022_ses-1: 20 patches  shape=(197, 233, 189)  lesion=0.36ml  1.5s
2026-02-21 11:58:14,281 - INFO -   sub-r034s025_ses-1: 20 patches  shape=(197, 233, 189)  lesion=4.51ml  1.5s
2026-02-21 11:58:15,651 - INFO -   sub-r034s026_ses-1: 20 patches  shape=(197, 233, 189)  lesion=67.19ml  1.4s
2026-02-21 11:58:17,082 - INFO -   sub-r034s032_ses-1: 20 patches  shape=(197, 233, 189)  lesion=0.40ml  1.4s
2026-02-21 11:58:18,450 - INFO -   sub-r034s033_ses-1: 20 patches  shape=(197, 233, 189)  lesion=0.70ml  1.4s
2026-02-21 11:58:19,985 - INFO -   sub-r034s036_ses-1: 20 patches  shape=(197, 233, 189)  lesion=0.12ml  1.5s
2026-02-21 11:58:21,498 - INFO -   sub-r034s037_ses-1: 20 patches  shape=(197, 233, 189)  lesion=0.63ml  1.5s
2026-02-21 11:58:22,857 - INFO -   sub-r034s039_ses-1: 20 patches  shape=(197, 233, 189)  lesion=65.45ml  1.4s
2026-02-21 11:58:24,382 - INFO -   sub-r034s040_ses-1: 20 patches  shape=(197, 233, 189)  lesion=1.86ml  1.5s
2026-02-21 11:58:25,754 - INFO -   sub-r034s046_ses-1: 20 patches  shape=(197, 233, 189)  lesion=1.03ml  1.4s
2026-02-21 11:58:27,298 - INFO -   sub-r034s047_ses-1: 20 patches  shape=(197, 233, 189)  lesion=1.18ml  1.5s
2026-02-21 11:58:28,779 - INFO -   sub-r034s048_ses-1: 20 patches  shape=(197, 233, 189)  lesion=1.64ml  1.5s
2026-02-21 11:58:30,115 - INFO -   sub-r035s003_ses-1: 20 patches  shape=(197, 233, 189)  lesion=0.27ml  1.3s
2026-02-21 11:58:31,592 - INFO -   sub-r035s005_ses-1: 20 patches  shape=(197, 233, 189)  lesion=1.16ml  1.5s
2026-02-21 11:58:33,070 - INFO -   sub-r035s006_ses-1: 20 patches  shape=(197, 233, 189)  lesion=25.13ml  1.5s
2026-02-21 11:58:34,384 - INFO -   sub-r035s007_ses-1: 20 patches  shape=(197, 233, 189)  lesion=5.85ml  1.3s
2026-02-21 11:58:35,773 - INFO -   sub-r035s011_ses-1: 20 patches  shape=(197, 233, 189)  lesion=1.91ml  1.4s
2026-02-21 11:58:37,068 - INFO -   sub-r035s012_ses-1: 20 patches  shape=(197, 233, 189)  lesion=33.99ml  1.3s
2026-02-21 11:58:38,659 - INFO -   sub-r035s013_ses-1: 20 patches  shape=(197, 233, 189)  lesion=0.95ml  1.6s
2026-02-21 11:58:40,406 - INFO -   sub-r035s014_ses-1: 20 patches  shape=(197, 233, 189)  lesion=47.63ml  1.7s
2026-02-21 11:58:41,988 - INFO -   sub-r038s005_ses-1: 20 patches  shape=(197, 233, 189)  lesion=130.50ml  1.6s
2026-02-21 11:58:43,572 - INFO -   sub-r038s006_ses-1: 20 patches  shape=(197, 233, 189)  lesion=1.73ml  1.6s
2026-02-21 11:58:44,883 - INFO -   sub-r038s007_ses-1: 20 patches  shape=(197, 233, 189)  lesion=0.48ml  1.3s
2026-02-21 11:58:46,470 - INFO -   sub-r038s010_ses-1: 20 patches  shape=(197, 233, 189)  lesion=1.14ml  1.6s
2026-02-21 11:58:47,849 - INFO -   sub-r038s014_ses-1: 20 patches  shape=(197, 233, 189)  lesion=137.75ml  1.4s
2026-02-21 11:58:49,330 - INFO -   sub-r038s016_ses-1: 20 patches  shape=(197, 233, 189)  lesion=6.26ml  1.5s
2026-02-21 11:58:50,756 - INFO -   sub-r038s017_ses-1: 20 patches  shape=(197, 233, 189)  lesion=59.86ml  1.4s
2026-02-21 11:58:52,266 - INFO -   sub-r038s018_ses-1: 20 patches  shape=(197, 233, 189)  lesion=1.79ml  1.5s
2026-02-21 11:58:53,809 - INFO -   sub-r038s020_ses-1: 20 patches  shape=(197, 233, 189)  lesion=3.94ml  1.5s
2026-02-21 11:58:55,301 - INFO -   sub-r038s021_ses-1: 20 patches  shape=(197, 233, 189)  lesion=0.54ml  1.5s
2026-02-21 11:58:56,880 - INFO -   sub-r038s022_ses-1: 20 patches  shape=(197, 233, 189)  lesion=42.79ml  1.6s
2026-02-21 11:58:58,403 - INFO -   sub-r038s023_ses-1: 20 patches  shape=(197, 233, 189)  lesion=2.12ml  1.5s
2026-02-21 11:58:59,819 - INFO -   sub-r038s024_ses-1: 20 patches  shape=(197, 233, 189)  lesion=0.98ml  1.4s
2026-02-21 11:59:01,256 - INFO -   sub-r038s025_ses-1: 20 patches  shape=(197, 233, 189)  lesion=29.36ml  1.4s
2026-02-21 11:59:02,803 - INFO -   sub-r038s026_ses-1: 20 patches  shape=(197, 233, 189)  lesion=0.52ml  1.5s
2026-02-21 11:59:04,265 - INFO -   sub-r038s028_ses-1: 20 patches  shape=(197, 233, 189)  lesion=51.86ml  1.5s
2026-02-21 11:59:05,836 - INFO -   sub-r038s032_ses-1: 20 patches  shape=(197, 233, 189)  lesion=15.53ml  1.6s
2026-02-21 11:59:07,521 - INFO -   sub-r038s033_ses-1: 20 patches  shape=(197, 233, 189)  lesion=8.12ml  1.7s
2026-02-21 11:59:09,083 - INFO -   sub-r038s035_ses-1: 20 patches  shape=(197, 233, 189)  lesion=3.55ml  1.6s
2026-02-21 11:59:10,717 - INFO -   sub-r038s036_ses-1: 20 patches  shape=(197, 233, 189)  lesion=14.62ml  1.6s
2026-02-21 11:59:12,315 - INFO -   sub-r038s040_ses-1: 20 patches  shape=(197, 233, 189)  lesion=36.76ml  1.6s
2026-02-21 11:59:13,675 - INFO -   sub-r038s041_ses-1: 20 patches  shape=(197, 233, 189)  lesion=2.82ml  1.4s
2026-02-21 11:59:15,216 - INFO -   sub-r038s043_ses-1: 20 patches  shape=(197, 233, 189)  lesion=89.75ml  1.5s
2026-02-21 11:59:16,833 - INFO -   sub-r038s047_ses-1: 20 patches  shape=(197, 233, 189)  lesion=17.64ml  1.6s
2026-02-21 11:59:18,240 - INFO -   sub-r038s048_ses-1: 20 patches  shape=(197, 233, 189)  lesion=61.10ml  1.4s
2026-02-21 11:59:19,625 - INFO -   sub-r038s049_ses-1: 20 patches  shape=(197, 233, 189)  lesion=118.72ml  1.4s
2026-02-21 11:59:21,103 - INFO -   sub-r038s054_ses-1: 20 patches  shape=(197, 233, 189)  lesion=8.09ml  1.5s
2026-02-21 11:59:22,539 - INFO -   sub-r038s056_ses-1: 20 patches  shape=(197, 233, 189)  lesion=205.68ml  1.4s
2026-02-21 11:59:23,950 - INFO -   sub-r038s057_ses-1: 20 patches  shape=(197, 233, 189)  lesion=1.10ml  1.4s
2026-02-21 11:59:25,444 - INFO -   sub-r038s058_ses-1: 20 patches  shape=(197, 233, 189)  lesion=0.55ml  1.5s
2026-02-21 11:59:26,996 - INFO -   sub-r038s060_ses-1: 20 patches  shape=(197, 233, 189)  lesion=76.07ml  1.5s
2026-02-21 11:59:28,458 - INFO -   sub-r038s061_ses-1: 20 patches  shape=(197, 233, 189)  lesion=196.00ml  1.5s
2026-02-21 11:59:29,962 - INFO -   sub-r038s064_ses-1: 20 patches  shape=(197, 233, 189)  lesion=6.62ml  1.5s
2026-02-21 11:59:31,514 - INFO -   sub-r038s065_ses-1: 20 patches  shape=(197, 233, 189)  lesion=3.15ml  1.5s
2026-02-21 11:59:32,867 - INFO -   sub-r038s067_ses-1: 20 patches  shape=(197, 233, 189)  lesion=2.10ml  1.3s
2026-02-21 11:59:34,389 - INFO -   sub-r038s068_ses-1: 20 patches  shape=(197, 233, 189)  lesion=0.58ml  1.5s
2026-02-21 11:59:36,012 - INFO -   sub-r038s069_ses-1: 20 patches  shape=(197, 233, 189)  lesion=2.50ml  1.6s
2026-02-21 11:59:37,375 - INFO -   sub-r038s071_ses-1: 20 patches  shape=(197, 233, 189)  lesion=113.29ml  1.4s
2026-02-21 11:59:38,962 - INFO -   sub-r038s074_ses-1: 20 patches  shape=(197, 233, 189)  lesion=0.63ml  1.6s
2026-02-21 11:59:40,393 - INFO -   sub-r038s078_ses-1: 20 patches  shape=(197, 233, 189)  lesion=285.72ml  1.4s
2026-02-21 11:59:41,796 - INFO -   sub-r038s081_ses-1: 20 patches  shape=(197, 233, 189)  lesion=52.90ml  1.4s
2026-02-21 11:59:43,352 - INFO -   sub-r038s082_ses-1: 20 patches  shape=(197, 233, 189)  lesion=2.60ml  1.6s
2026-02-21 11:59:44,892 - INFO -   sub-r038s084_ses-1: 20 patches  shape=(197, 233, 189)  lesion=41.86ml  1.5s
2026-02-21 11:59:46,336 - INFO -   sub-r038s085_ses-1: 20 patches  shape=(197, 233, 189)  lesion=27.03ml  1.4s
2026-02-21 11:59:47,761 - INFO -   sub-r038s089_ses-1: 20 patches  shape=(197, 233, 189)  lesion=4.34ml  1.4s
2026-02-21 11:59:49,368 - INFO -   sub-r038s091_ses-1: 20 patches  shape=(197, 233, 189)  lesion=6.19ml  1.6s
2026-02-21 11:59:50,937 - INFO -   sub-r038s093_ses-1: 20 patches  shape=(197, 233, 189)  lesion=0.90ml  1.6s
2026-02-21 11:59:52,434 - INFO -   sub-r038s096_ses-1: 20 patches  shape=(197, 233, 189)  lesion=1.91ml  1.5s
2026-02-21 11:59:53,815 - INFO -   sub-r038s097_ses-1: 20 patches  shape=(197, 233, 189)  lesion=2.61ml  1.4s
2026-02-21 11:59:54,006 - WARNING -     No lesion voxels found — skipping
2026-02-21 11:59:54,006 - WARNING -   SKIP sub-r039s002_ses-1: no valid patches
2026-02-21 11:59:55,466 - INFO -   sub-r039s003_ses-1: 20 patches  shape=(197, 233, 189)  lesion=0.92ml  1.5s
2026-02-21 11:59:56,741 - INFO -   sub-r040s001_ses-1: 20 patches  shape=(197, 233, 189)  lesion=1.42ml  1.3s
2026-02-21 11:59:58,168 - INFO -   sub-r040s002_ses-1: 20 patches  shape=(197, 233, 189)  lesion=1.05ml  1.4s
2026-02-21 11:59:59,780 - INFO -   sub-r040s004_ses-1: 20 patches  shape=(197, 233, 189)  lesion=2.29ml  1.6s
2026-02-21 12:00:01,142 - INFO -   sub-r040s008_ses-1: 20 patches  shape=(197, 233, 189)  lesion=9.26ml  1.4s
2026-02-21 12:00:02,678 - INFO -   sub-r040s010_ses-1: 20 patches  shape=(197, 233, 189)  lesion=75.85ml  1.5s
2026-02-21 12:00:04,372 - INFO -   sub-r040s011_ses-1: 20 patches  shape=(197, 233, 189)  lesion=13.17ml  1.7s
2026-02-21 12:00:05,842 - INFO -   sub-r040s013_ses-1: 20 patches  shape=(197, 233, 189)  lesion=4.58ml  1.5s
2026-02-21 12:00:07,092 - INFO -   sub-r040s015_ses-1: 20 patches  shape=(197, 233, 189)  lesion=127.86ml  1.2s
2026-02-21 12:00:08,702 - INFO -   sub-r040s016_ses-1: 20 patches  shape=(197, 233, 189)  lesion=25.21ml  1.6s
2026-02-21 12:00:10,333 - INFO -   sub-r040s017_ses-1: 20 patches  shape=(197, 233, 189)  lesion=0.93ml  1.6s
2026-02-21 12:00:11,617 - INFO -   sub-r040s020_ses-1: 20 patches  shape=(197, 233, 189)  lesion=26.59ml  1.3s
2026-02-21 12:00:12,783 - INFO -   sub-r040s022_ses-1: 20 patches  shape=(197, 233, 189)  lesion=2.20ml  1.2s
2026-02-21 12:00:14,026 - INFO -   sub-r040s024_ses-1: 20 patches  shape=(197, 233, 189)  lesion=37.87ml  1.2s
2026-02-21 12:00:15,326 - INFO -   sub-r040s028_ses-1: 20 patches  shape=(197, 233, 189)  lesion=238.00ml  1.3s
2026-02-21 12:00:16,473 - INFO -   sub-r040s030_ses-1: 20 patches  shape=(197, 233, 189)  lesion=359.83ml  1.1s
2026-02-21 12:00:17,767 - INFO -   sub-r040s031_ses-1: 20 patches  shape=(197, 233, 189)  lesion=238.16ml  1.3s
2026-02-21 12:00:18,898 - INFO -   sub-r040s032_ses-1: 20 patches  shape=(197, 233, 189)  lesion=130.66ml  1.1s
2026-02-21 12:00:19,989 - INFO -   sub-r040s037_ses-1: 20 patches  shape=(197, 233, 189)  lesion=373.95ml  1.1s
2026-02-21 12:00:21,160 - INFO -   sub-r040s039_ses-1: 20 patches  shape=(197, 233, 189)  lesion=29.25ml  1.2s
2026-02-21 12:00:22,446 - INFO -   sub-r040s042_ses-1: 20 patches  shape=(197, 233, 189)  lesion=61.71ml  1.3s
2026-02-21 12:00:23,683 - INFO -   sub-r040s043_ses-1: 20 patches  shape=(197, 233, 189)  lesion=5.35ml  1.2s
2026-02-21 12:00:24,917 - INFO -   sub-r040s044_ses-1: 20 patches  shape=(197, 233, 189)  lesion=275.32ml  1.2s
2026-02-21 12:00:26,136 - INFO -   sub-r040s045_ses-1: 20 patches  shape=(197, 233, 189)  lesion=3.18ml  1.2s
2026-02-21 12:00:27,240 - INFO -   sub-r040s046_ses-1: 20 patches  shape=(197, 233, 189)  lesion=0.39ml  1.1s
2026-02-21 12:00:28,420 - INFO -   sub-r040s047_ses-1: 20 patches  shape=(197, 233, 189)  lesion=4.55ml  1.2s
2026-02-21 12:00:29,655 - INFO -   sub-r040s048_ses-1: 20 patches  shape=(197, 233, 189)  lesion=2.75ml  1.2s
2026-02-21 12:00:30,856 - INFO -   sub-r040s049_ses-1: 20 patches  shape=(197, 233, 189)  lesion=9.59ml  1.2s
2026-02-21 12:00:32,042 - INFO -   sub-r040s051_ses-1: 20 patches  shape=(197, 233, 189)  lesion=0.19ml  1.2s
2026-02-21 12:00:33,208 - INFO -   sub-r040s053_ses-1: 20 patches  shape=(197, 233, 189)  lesion=140.12ml  1.2s
2026-02-21 12:00:34,437 - INFO -   sub-r040s054_ses-1: 20 patches  shape=(197, 233, 189)  lesion=7.05ml  1.2s
2026-02-21 12:00:35,606 - INFO -   sub-r040s056_ses-1: 20 patches  shape=(197, 233, 189)  lesion=1.07ml  1.2s
2026-02-21 12:00:36,824 - INFO -   sub-r040s059_ses-1: 20 patches  shape=(197, 233, 189)  lesion=80.55ml  1.2s
2026-02-21 12:00:37,994 - INFO -   sub-r040s063_ses-1: 20 patches  shape=(197, 233, 189)  lesion=1.54ml  1.2s
2026-02-21 12:00:39,291 - INFO -   sub-r040s064_ses-1: 20 patches  shape=(197, 233, 189)  lesion=15.22ml  1.3s
2026-02-21 12:00:40,478 - INFO -   sub-r040s067_ses-1: 20 patches  shape=(197, 233, 189)  lesion=221.03ml  1.2s
2026-02-21 12:00:41,662 - INFO -   sub-r040s069_ses-1: 20 patches  shape=(197, 233, 189)  lesion=72.79ml  1.2s
2026-02-21 12:00:42,816 - INFO -   sub-r040s070_ses-1: 20 patches  shape=(197, 233, 189)  lesion=12.26ml  1.1s
2026-02-21 12:00:44,073 - INFO -   sub-r040s071_ses-1: 20 patches  shape=(197, 233, 189)  lesion=75.70ml  1.3s
2026-02-21 12:00:45,268 - INFO -   sub-r040s072_ses-1: 20 patches  shape=(197, 233, 189)  lesion=46.76ml  1.2s
2026-02-21 12:00:46,624 - INFO -   sub-r040s074_ses-1: 20 patches  shape=(197, 233, 189)  lesion=1.18ml  1.4s
2026-02-21 12:00:47,759 - INFO -   sub-r040s075_ses-1: 20 patches  shape=(197, 233, 189)  lesion=61.07ml  1.1s
2026-02-21 12:00:48,942 - INFO -   sub-r040s076_ses-1: 20 patches  shape=(197, 233, 189)  lesion=194.64ml  1.2s
2026-02-21 12:00:50,102 - INFO -   sub-r040s078_ses-1: 20 patches  shape=(197, 233, 189)  lesion=6.46ml  1.2s
2026-02-21 12:00:51,278 - INFO -   sub-r040s085_ses-1: 20 patches  shape=(197, 233, 189)  lesion=0.16ml  1.2s
2026-02-21 12:00:52,511 - INFO -   sub-r040s086_ses-1: 20 patches  shape=(197, 233, 189)  lesion=297.07ml  1.2s
2026-02-21 12:00:53,682 - INFO -   sub-r042s001_ses-1: 20 patches  shape=(197, 233, 189)  lesion=0.03ml  1.2s
2026-02-21 12:00:54,789 - INFO -   sub-r042s003_ses-1: 20 patches  shape=(197, 233, 189)  lesion=1.81ml  1.1s
2026-02-21 12:00:55,817 - INFO -   sub-r042s004_ses-1: 20 patches  shape=(197, 233, 189)  lesion=0.32ml  1.0s
2026-02-21 12:00:56,985 - INFO -   sub-r042s008_ses-1: 20 patches  shape=(197, 233, 189)  lesion=169.72ml  1.2s
2026-02-21 12:00:58,112 - INFO -   sub-r042s010_ses-1: 20 patches  shape=(197, 233, 189)  lesion=16.15ml  1.1s
2026-02-21 12:00:59,197 - INFO -   sub-r042s011_ses-1: 20 patches  shape=(197, 233, 189)  lesion=4.79ml  1.1s
2026-02-21 12:01:00,210 - INFO -   sub-r042s013_ses-1: 20 patches  shape=(197, 233, 189)  lesion=14.62ml  1.0s
2026-02-21 12:01:01,333 - INFO -   sub-r042s015_ses-1: 20 patches  shape=(197, 233, 189)  lesion=14.41ml  1.1s
2026-02-21 12:01:02,543 - INFO -   sub-r042s018_ses-1: 20 patches  shape=(197, 233, 189)  lesion=224.06ml  1.2s
2026-02-21 12:01:03,793 - INFO -   sub-r042s021_ses-1: 20 patches  shape=(197, 233, 189)  lesion=6.83ml  1.2s
2026-02-21 12:01:05,040 - INFO -   sub-r042s023_ses-1: 20 patches  shape=(197, 233, 189)  lesion=51.37ml  1.2s
2026-02-21 12:01:06,337 - INFO -   sub-r042s025_ses-1: 20 patches  shape=(197, 233, 189)  lesion=217.91ml  1.3s
2026-02-21 12:01:07,654 - INFO -   sub-r042s028_ses-1: 20 patches  shape=(197, 233, 189)  lesion=219.59ml  1.3s
2026-02-21 12:01:09,006 - INFO -   sub-r042s029_ses-1: 20 patches  shape=(197, 233, 189)  lesion=41.07ml  1.3s
2026-02-21 12:01:10,381 - INFO -   sub-r042s030_ses-1: 20 patches  shape=(197, 233, 189)  lesion=6.37ml  1.4s
2026-02-21 12:01:11,735 - INFO -   sub-r042s032_ses-1: 20 patches  shape=(197, 233, 189)  lesion=126.90ml  1.3s
2026-02-21 12:01:13,118 - INFO -   sub-r042s033_ses-1: 20 patches  shape=(197, 233, 189)  lesion=12.75ml  1.4s
2026-02-21 12:01:14,491 - INFO -   sub-r042s035_ses-1: 20 patches  shape=(197, 233, 189)  lesion=9.43ml  1.4s
2026-02-21 12:01:15,950 - INFO -   sub-r044s002_ses-1: 20 patches  shape=(197, 233, 189)  lesion=168.00ml  1.5s
2026-02-21 12:01:17,312 - INFO -   sub-r044s003_ses-1: 20 patches  shape=(197, 233, 189)  lesion=43.27ml  1.4s
2026-02-21 12:01:18,487 - INFO -   sub-r045s002_ses-1: 20 patches  shape=(197, 233, 189)  lesion=5.29ml  1.2s
2026-02-21 12:01:19,687 - INFO -   sub-r045s003_ses-1: 20 patches  shape=(197, 233, 189)  lesion=9.75ml  1.2s
2026-02-21 12:01:20,969 - INFO -   sub-r046s001_ses-1: 20 patches  shape=(197, 233, 189)  lesion=5.23ml  1.3s
2026-02-21 12:01:22,304 - INFO -   sub-r046s005_ses-1: 20 patches  shape=(197, 233, 189)  lesion=217.08ml  1.3s
2026-02-21 12:01:23,543 - INFO -   sub-r046s006_ses-1: 20 patches  shape=(197, 233, 189)  lesion=1.21ml  1.2s
2026-02-21 12:01:24,706 - INFO -   sub-r046s007_ses-1: 20 patches  shape=(197, 233, 189)  lesion=1.43ml  1.2s
2026-02-21 12:01:25,883 - INFO -   sub-r046s008_ses-1: 20 patches  shape=(197, 233, 189)  lesion=1.14ml  1.2s
2026-02-21 12:01:27,144 - INFO -   sub-r046s011_ses-1: 20 patches  shape=(197, 233, 189)  lesion=4.63ml  1.3s
2026-02-21 12:01:28,392 - INFO -   sub-r046s012_ses-1: 20 patches  shape=(197, 233, 189)  lesion=4.51ml  1.2s
2026-02-21 12:01:29,635 - INFO -   sub-r047s001_ses-1: 20 patches  shape=(197, 233, 189)  lesion=61.83ml  1.2s
2026-02-21 12:01:31,018 - INFO -   sub-r047s006_ses-1: 20 patches  shape=(197, 233, 189)  lesion=1.20ml  1.4s
2026-02-21 12:01:32,312 - INFO -   sub-r047s007_ses-1: 20 patches  shape=(197, 233, 189)  lesion=15.65ml  1.3s
2026-02-21 12:01:33,567 - INFO -   sub-r047s010_ses-1: 20 patches  shape=(197, 233, 189)  lesion=28.53ml  1.3s
2026-02-21 12:01:34,754 - INFO -   sub-r047s013_ses-1: 20 patches  shape=(197, 233, 189)  lesion=2.36ml  1.2s
2026-02-21 12:01:36,019 - INFO -   sub-r047s014_ses-1: 20 patches  shape=(197, 233, 189)  lesion=28.80ml  1.3s
2026-02-21 12:01:37,404 - INFO -   sub-r047s015_ses-1: 20 patches  shape=(197, 233, 189)  lesion=0.36ml  1.4s
2026-02-21 12:01:38,769 - INFO -   sub-r047s016_ses-1: 20 patches  shape=(197, 233, 189)  lesion=8.20ml  1.4s
2026-02-21 12:01:40,057 - INFO -   sub-r047s017_ses-1: 20 patches  shape=(197, 233, 189)  lesion=9.61ml  1.3s
2026-02-21 12:01:41,316 - INFO -   sub-r047s018_ses-1: 20 patches  shape=(197, 233, 189)  lesion=66.06ml  1.3s
2026-02-21 12:01:42,673 - INFO -   sub-r047s021_ses-1: 20 patches  shape=(197, 233, 189)  lesion=192.78ml  1.4s
2026-02-21 12:01:43,976 - INFO -   sub-r047s026_ses-1: 20 patches  shape=(197, 233, 189)  lesion=153.16ml  1.3s
2026-02-21 12:01:45,273 - INFO -   sub-r047s027_ses-1: 20 patches  shape=(197, 233, 189)  lesion=21.61ml  1.3s
2026-02-21 12:01:46,628 - INFO -   sub-r047s031_ses-1: 20 patches  shape=(197, 233, 189)  lesion=73.86ml  1.3s
2026-02-21 12:01:47,935 - INFO -   sub-r047s035_ses-1: 20 patches  shape=(197, 233, 189)  lesion=116.03ml  1.3s
2026-02-21 12:01:49,188 - INFO -   sub-r047s036_ses-1: 20 patches  shape=(197, 233, 189)  lesion=4.38ml  1.2s
2026-02-21 12:01:50,517 - INFO -   sub-r047s037_ses-1: 20 patches  shape=(197, 233, 189)  lesion=48.02ml  1.3s
2026-02-21 12:01:51,891 - INFO -   sub-r047s038_ses-1: 20 patches  shape=(197, 233, 189)  lesion=76.51ml  1.4s
2026-02-21 12:01:53,172 - INFO -   sub-r047s039_ses-1: 20 patches  shape=(197, 233, 189)  lesion=7.23ml  1.3s
2026-02-21 12:01:54,462 - INFO -   sub-r047s041_ses-1: 20 patches  shape=(197, 233, 189)  lesion=179.82ml  1.3s
2026-02-21 12:01:55,811 - INFO -   sub-r047s043_ses-1: 20 patches  shape=(197, 233, 189)  lesion=2.79ml  1.3s
2026-02-21 12:01:57,164 - INFO -   sub-r047s044_ses-1: 20 patches  shape=(197, 233, 189)  lesion=28.81ml  1.3s
2026-02-21 12:01:58,505 - INFO -   sub-r047s046_ses-1: 20 patches  shape=(197, 233, 189)  lesion=1.01ml  1.3s
2026-02-21 12:01:59,790 - INFO -   sub-r047s048_ses-1: 20 patches  shape=(197, 233, 189)  lesion=1.56ml  1.3s
2026-02-21 12:02:01,182 - INFO -   sub-r047s050_ses-1: 20 patches  shape=(197, 233, 189)  lesion=2.57ml  1.4s
2026-02-21 12:02:02,573 - INFO -   sub-r048s002_ses-1: 20 patches  shape=(197, 233, 189)  lesion=281.56ml  1.4s
2026-02-21 12:02:03,916 - INFO -   sub-r048s004_ses-1: 20 patches  shape=(197, 233, 189)  lesion=59.31ml  1.3s
2026-02-21 12:02:05,228 - INFO -   sub-r048s006_ses-1: 20 patches  shape=(197, 233, 189)  lesion=50.44ml  1.3s
2026-02-21 12:02:06,597 - INFO -   sub-r048s008_ses-1: 20 patches  shape=(197, 233, 189)  lesion=32.84ml  1.4s
2026-02-21 12:02:07,943 - INFO -   sub-r048s010_ses-1: 20 patches  shape=(197, 233, 189)  lesion=1.42ml  1.3s
2026-02-21 12:02:09,308 - INFO -   sub-r048s011_ses-1: 20 patches  shape=(197, 233, 189)  lesion=1.16ml  1.4s
2026-02-21 12:02:10,671 - INFO -   sub-r048s012_ses-1: 20 patches  shape=(197, 233, 189)  lesion=63.73ml  1.4s
2026-02-21 12:02:11,983 - INFO -   sub-r048s014_ses-1: 20 patches  shape=(197, 233, 189)  lesion=1.11ml  1.3s
2026-02-21 12:02:13,388 - INFO -   sub-r048s015_ses-1: 20 patches  shape=(197, 233, 189)  lesion=267.07ml  1.4s
2026-02-21 12:02:14,701 - INFO -   sub-r048s016_ses-1: 20 patches  shape=(197, 233, 189)  lesion=280.19ml  1.3s
2026-02-21 12:02:16,140 - INFO -   sub-r048s018_ses-1: 20 patches  shape=(197, 233, 189)  lesion=107.54ml  1.4s
2026-02-21 12:02:17,465 - INFO -   sub-r048s021_ses-1: 20 patches  shape=(197, 233, 189)  lesion=46.71ml  1.3s
2026-02-21 12:02:18,791 - INFO -   sub-r048s022_ses-1: 20 patches  shape=(197, 233, 189)  lesion=3.60ml  1.3s
2026-02-21 12:02:20,135 - INFO -   sub-r048s029_ses-1: 20 patches  shape=(197, 233, 189)  lesion=0.48ml  1.3s
2026-02-21 12:02:21,494 - INFO -   sub-r048s031_ses-1: 20 patches  shape=(197, 233, 189)  lesion=0.44ml  1.4s
2026-02-21 12:02:22,880 - INFO -   sub-r048s032_ses-1: 20 patches  shape=(197, 233, 189)  lesion=7.47ml  1.4s
2026-02-21 12:02:24,217 - INFO -   sub-r048s034_ses-1: 20 patches  shape=(197, 233, 189)  lesion=13.36ml  1.3s
2026-02-21 12:02:25,481 - INFO -   sub-r048s035_ses-1: 20 patches  shape=(197, 233, 189)  lesion=7.74ml  1.3s
2026-02-21 12:02:26,842 - INFO -   sub-r048s036_ses-1: 20 patches  shape=(197, 233, 189)  lesion=7.69ml  1.4s
2026-02-21 12:02:28,097 - INFO -   sub-r048s037_ses-1: 20 patches  shape=(197, 233, 189)  lesion=95.22ml  1.3s
2026-02-21 12:02:29,477 - INFO -   sub-r048s038_ses-1: 20 patches  shape=(197, 233, 189)  lesion=5.68ml  1.4s
2026-02-21 12:02:30,895 - INFO -   sub-r048s039_ses-1: 20 patches  shape=(197, 233, 189)  lesion=1.91ml  1.4s
2026-02-21 12:02:32,241 - INFO -   sub-r048s043_ses-1: 20 patches  shape=(197, 233, 189)  lesion=3.23ml  1.3s
2026-02-21 12:02:33,467 - INFO -   sub-r049s005_ses-1: 20 patches  shape=(197, 233, 189)  lesion=1.40ml  1.2s
2026-02-21 12:02:34,791 - INFO -   sub-r049s007_ses-1: 20 patches  shape=(197, 233, 189)  lesion=2.64ml  1.3s
2026-02-21 12:02:35,869 - INFO -   sub-r049s010_ses-1: 20 patches  shape=(197, 233, 189)  lesion=0.59ml  1.1s
2026-02-21 12:02:37,136 - INFO -   sub-r049s011_ses-1: 20 patches  shape=(197, 233, 189)  lesion=3.66ml  1.3s
2026-02-21 12:02:38,390 - INFO -   sub-r049s012_ses-1: 20 patches  shape=(197, 233, 189)  lesion=3.26ml  1.2s
2026-02-21 12:02:39,772 - INFO -   sub-r049s016_ses-1: 20 patches  shape=(197, 233, 189)  lesion=1.53ml  1.4s
2026-02-21 12:02:40,960 - INFO -   sub-r049s018_ses-1: 20 patches  shape=(197, 233, 189)  lesion=0.22ml  1.2s
2026-02-21 12:02:42,097 - INFO -   sub-r049s020_ses-1: 20 patches  shape=(197, 233, 189)  lesion=0.35ml  1.1s
2026-02-21 12:02:43,338 - INFO -   sub-r049s024_ses-1: 20 patches  shape=(197, 233, 189)  lesion=1.39ml  1.2s
2026-02-21 12:02:44,624 - INFO -   sub-r049s025_ses-1: 20 patches  shape=(197, 233, 189)  lesion=0.52ml  1.3s
2026-02-21 12:02:45,926 - INFO -   sub-r049s026_ses-1: 20 patches  shape=(197, 233, 189)  lesion=0.92ml  1.3s
2026-02-21 12:02:47,254 - INFO -   sub-r049s028_ses-1: 20 patches  shape=(197, 233, 189)  lesion=0.74ml  1.3s
2026-02-21 12:02:48,601 - INFO -   sub-r050s002_ses-1: 20 patches  shape=(197, 233, 189)  lesion=0.88ml  1.3s
2026-02-21 12:02:49,893 - INFO -   sub-r050s003_ses-1: 20 patches  shape=(197, 233, 189)  lesion=0.10ml  1.3s
2026-02-21 12:02:51,163 - INFO -   sub-r050s005_ses-1: 20 patches  shape=(197, 233, 189)  lesion=5.76ml  1.3s
2026-02-21 12:02:52,478 - INFO -   sub-r050s006_ses-1: 20 patches  shape=(197, 233, 189)  lesion=0.18ml  1.3s
2026-02-21 12:02:53,742 - INFO -   sub-r050s008_ses-1: 20 patches  shape=(197, 233, 189)  lesion=0.38ml  1.3s
2026-02-21 12:02:55,086 - INFO -   sub-r050s009_ses-1: 20 patches  shape=(197, 233, 189)  lesion=0.20ml  1.3s
2026-02-21 12:02:56,390 - INFO -   sub-r050s015_ses-1: 20 patches  shape=(197, 233, 189)  lesion=0.43ml  1.3s
2026-02-21 12:02:57,895 - INFO -   sub-r052s001_ses-1: 20 patches  shape=(197, 233, 189)  lesion=3.48ml  1.5s
2026-02-21 12:02:59,501 - INFO -   sub-r052s002_ses-1: 20 patches  shape=(197, 233, 189)  lesion=1.70ml  1.6s
2026-02-21 12:03:00,953 - INFO -   sub-r052s007_ses-1: 20 patches  shape=(197, 233, 189)  lesion=1.09ml  1.4s
2026-02-21 12:03:02,366 - INFO -   sub-r052s010_ses-1: 20 patches  shape=(197, 233, 189)  lesion=228.65ml  1.4s
2026-02-21 12:03:03,952 - INFO -   sub-r052s011_ses-1: 20 patches  shape=(197, 233, 189)  lesion=3.07ml  1.6s
2026-02-21 12:03:05,266 - INFO -   sub-r052s014_ses-1: 20 patches  shape=(197, 233, 189)  lesion=55.38ml  1.3s
2026-02-21 12:03:06,647 - INFO -   sub-r052s015_ses-1: 20 patches  shape=(197, 233, 189)  lesion=1.34ml  1.4s
2026-02-21 12:03:08,087 - INFO -   sub-r052s016_ses-1: 20 patches  shape=(197, 233, 189)  lesion=5.13ml  1.4s
2026-02-21 12:03:09,497 - INFO -   sub-r052s019_ses-1: 20 patches  shape=(197, 233, 189)  lesion=30.80ml  1.4s
2026-02-21 12:03:10,923 - INFO -   sub-r052s021_ses-1: 20 patches  shape=(197, 233, 189)  lesion=74.93ml  1.4s
2026-02-21 12:03:12,432 - INFO -   sub-r052s023_ses-1: 20 patches  shape=(197, 233, 189)  lesion=1.02ml  1.5s
2026-02-21 12:03:13,776 - INFO -   sub-r052s025_ses-1: 20 patches  shape=(197, 233, 189)  lesion=10.22ml  1.3s
2026-02-21 12:03:15,103 - INFO -   sub-r052s026_ses-1: 20 patches  shape=(197, 233, 189)  lesion=100.14ml  1.3s
2026-02-21 12:03:16,574 - INFO -   sub-r052s027_ses-1: 20 patches  shape=(197, 233, 189)  lesion=1.76ml  1.5s
2026-02-21 12:03:18,119 - INFO -   sub-r052s029_ses-1: 20 patches  shape=(197, 233, 189)  lesion=1.04ml  1.5s
2026-02-21 12:03:19,729 - INFO -   sub-r052s031_ses-1: 20 patches  shape=(197, 233, 189)  lesion=23.62ml  1.6s
2026-02-21 12:03:20,888 - INFO -   sub-r052s032_ses-1: 20 patches  shape=(197, 233, 189)  lesion=18.82ml  1.2s
2026-02-21 12:03:20,911 - INFO - 
  Done ATLAS: 654 processed, 1 skipped, 13023 total patches
2026-02-21 12:03:20,912 - INFO - 
======================================================================
2026-02-21 12:03:20,912 - INFO - Processing: UOA_Private
2026-02-21 12:03:20,912 - INFO -   Input:  /hpc/pahm409/harvard/preprocessed_stroke_foundation/UOA_Private
2026-02-21 12:03:20,912 - INFO -   Output: /hpc/pahm409/harvard/preprocessed_stroke_foundation/UOA_Private_64x64x64
2026-02-21 12:03:20,912 - INFO - ======================================================================
2026-02-21 12:03:20,914 - INFO -   Found 177 NPZ files in UOA_Private
2026-02-21 12:03:21,982 - INFO -   A207: 20 patches  shape=(182, 218, 182)  lesion=49.46ml  1.1s
2026-02-21 12:03:23,395 - INFO -   A221: 20 patches  shape=(182, 218, 182)  lesion=21.28ml  1.4s
2026-02-21 12:03:24,815 - INFO -   A234: 20 patches  shape=(182, 218, 182)  lesion=0.81ml  1.4s
2026-02-21 12:03:26,252 - INFO -   A235: 20 patches  shape=(182, 218, 182)  lesion=48.38ml  1.4s
2026-02-21 12:03:27,681 - INFO -   A429: 20 patches  shape=(182, 218, 182)  lesion=119.49ml  1.4s
2026-02-21 12:03:29,109 - INFO -   A431: 20 patches  shape=(182, 218, 182)  lesion=16.13ml  1.4s
2026-02-21 12:03:30,513 - INFO -   A760: 20 patches  shape=(182, 218, 182)  lesion=23.79ml  1.4s
2026-02-21 12:03:31,911 - INFO -   B087: 20 patches  shape=(182, 218, 182)  lesion=31.41ml  1.4s
2026-02-21 12:03:33,364 - INFO -   B286: 20 patches  shape=(182, 218, 182)  lesion=46.85ml  1.4s
2026-02-21 12:03:34,900 - INFO -   B329: 20 patches  shape=(182, 218, 182)  lesion=1.74ml  1.5s
2026-02-21 12:03:36,336 - INFO -   B414: 20 patches  shape=(182, 218, 182)  lesion=2.80ml  1.4s
2026-02-21 12:03:37,693 - INFO -   B467: 20 patches  shape=(182, 218, 182)  lesion=8.52ml  1.4s
2026-02-21 12:03:39,216 - INFO -   B561: 20 patches  shape=(182, 218, 182)  lesion=71.39ml  1.5s
2026-02-21 12:03:40,680 - INFO -   B689: 20 patches  shape=(182, 218, 182)  lesion=110.89ml  1.5s
2026-02-21 12:03:42,075 - INFO -   C016: 20 patches  shape=(182, 218, 182)  lesion=2.05ml  1.4s
2026-02-21 12:03:43,527 - INFO -   C154: 20 patches  shape=(182, 218, 182)  lesion=80.00ml  1.4s
2026-02-21 12:03:44,931 - INFO -   C306: 20 patches  shape=(182, 218, 182)  lesion=4.88ml  1.4s
2026-02-21 12:03:46,358 - INFO -   C381: 20 patches  shape=(182, 218, 182)  lesion=2.65ml  1.4s
2026-02-21 12:03:47,775 - INFO -   C705: 20 patches  shape=(182, 218, 182)  lesion=15.54ml  1.4s
2026-02-21 12:03:49,193 - INFO -   C838: 20 patches  shape=(182, 218, 182)  lesion=1.49ml  1.4s
2026-02-21 12:03:50,606 - INFO -   C939: 20 patches  shape=(182, 218, 182)  lesion=2.05ml  1.4s
2026-02-21 12:03:52,042 - INFO -   D180: 20 patches  shape=(182, 218, 182)  lesion=1.70ml  1.4s
2026-02-21 12:03:53,515 - INFO -   D224: 20 patches  shape=(182, 218, 182)  lesion=7.33ml  1.5s
2026-02-21 12:03:54,916 - INFO -   D322: 20 patches  shape=(182, 218, 182)  lesion=2.45ml  1.4s
2026-02-21 12:03:56,275 - INFO -   D348: 20 patches  shape=(182, 218, 182)  lesion=6.59ml  1.4s
2026-02-21 12:03:57,658 - INFO -   D424: 20 patches  shape=(182, 218, 182)  lesion=1.41ml  1.4s
2026-02-21 12:03:59,068 - INFO -   D641: 20 patches  shape=(182, 218, 182)  lesion=1.61ml  1.4s
2026-02-21 12:04:00,514 - INFO -   D891: 20 patches  shape=(182, 218, 182)  lesion=4.12ml  1.4s
2026-02-21 12:04:01,898 - INFO -   D962: 20 patches  shape=(182, 218, 182)  lesion=27.18ml  1.4s
2026-02-21 12:04:03,283 - INFO -   E055: 20 patches  shape=(182, 218, 182)  lesion=25.12ml  1.4s
2026-02-21 12:04:04,732 - INFO -   E129: 20 patches  shape=(182, 218, 182)  lesion=40.18ml  1.4s
2026-02-21 12:04:06,223 - INFO -   E190: 20 patches  shape=(182, 218, 182)  lesion=11.35ml  1.5s
2026-02-21 12:04:07,606 - INFO -   E297: 20 patches  shape=(182, 218, 182)  lesion=55.21ml  1.4s
2026-02-21 12:04:09,000 - INFO -   E818: 20 patches  shape=(182, 218, 182)  lesion=3.56ml  1.4s
2026-02-21 12:04:10,402 - INFO -   E942: 20 patches  shape=(182, 218, 182)  lesion=5.50ml  1.4s
2026-02-21 12:04:11,839 - INFO -   F080: 20 patches  shape=(182, 218, 182)  lesion=21.26ml  1.4s
2026-02-21 12:04:13,175 - INFO -   F088: 20 patches  shape=(182, 218, 182)  lesion=11.89ml  1.3s
2026-02-21 12:04:14,551 - INFO -   F325: 20 patches  shape=(182, 218, 182)  lesion=2.76ml  1.4s
2026-02-21 12:04:16,009 - INFO -   F422: 20 patches  shape=(182, 218, 182)  lesion=9.72ml  1.5s
2026-02-21 12:04:17,382 - INFO -   F701: 20 patches  shape=(182, 218, 182)  lesion=6.41ml  1.4s
2026-02-21 12:04:18,739 - INFO -   F770: 20 patches  shape=(182, 218, 182)  lesion=2.49ml  1.4s
2026-02-21 12:04:20,090 - INFO -   F954: 20 patches  shape=(182, 218, 182)  lesion=3.39ml  1.3s
2026-02-21 12:04:21,474 - INFO -   G065: 20 patches  shape=(182, 218, 182)  lesion=0.94ml  1.4s
2026-02-21 12:04:22,901 - INFO -   G089: 20 patches  shape=(182, 218, 182)  lesion=20.75ml  1.4s
2026-02-21 12:04:24,361 - INFO -   G421: 20 patches  shape=(182, 218, 182)  lesion=7.46ml  1.5s
2026-02-21 12:04:25,787 - INFO -   G451: 20 patches  shape=(182, 218, 182)  lesion=164.38ml  1.4s
2026-02-21 12:04:27,195 - INFO -   G480: 20 patches  shape=(182, 218, 182)  lesion=26.58ml  1.4s
2026-02-21 12:04:28,756 - INFO -   G565: 20 patches  shape=(182, 218, 182)  lesion=135.59ml  1.6s
2026-02-21 12:04:30,185 - INFO -   G843: 20 patches  shape=(182, 218, 182)  lesion=29.55ml  1.4s
2026-02-21 12:04:31,613 - INFO -   G973: 20 patches  shape=(182, 218, 182)  lesion=7.88ml  1.4s
2026-02-21 12:04:33,064 - INFO -   H069: 20 patches  shape=(182, 218, 182)  lesion=4.56ml  1.4s
2026-02-21 12:04:34,489 - INFO -   H136: 20 patches  shape=(182, 218, 182)  lesion=10.94ml  1.4s
2026-02-21 12:04:35,948 - INFO -   H247: 20 patches  shape=(182, 218, 182)  lesion=0.65ml  1.5s
2026-02-21 12:04:37,375 - INFO -   H594: 20 patches  shape=(182, 218, 182)  lesion=0.69ml  1.4s
2026-02-21 12:04:38,865 - INFO -   H826: 20 patches  shape=(182, 218, 182)  lesion=13.91ml  1.5s
2026-02-21 12:04:40,393 - INFO -   H854: 20 patches  shape=(182, 218, 182)  lesion=31.03ml  1.5s
2026-02-21 12:04:41,783 - INFO -   H947: 20 patches  shape=(182, 218, 182)  lesion=9.12ml  1.4s
2026-02-21 12:04:42,040 - WARNING -     No lesion voxels found — skipping
2026-02-21 12:04:42,040 - WARNING -   SKIP H958: no valid patches
2026-02-21 12:04:43,443 - INFO -   I052: 20 patches  shape=(182, 218, 182)  lesion=3.67ml  1.4s
2026-02-21 12:04:44,954 - INFO -   I122: 20 patches  shape=(182, 218, 182)  lesion=3.94ml  1.5s
2026-02-21 12:04:46,392 - INFO -   I353: 20 patches  shape=(182, 218, 182)  lesion=4.20ml  1.4s
2026-02-21 12:04:47,768 - INFO -   I578: 20 patches  shape=(182, 218, 182)  lesion=19.43ml  1.4s
2026-02-21 12:04:49,197 - INFO -   I587: 20 patches  shape=(182, 218, 182)  lesion=8.64ml  1.4s
2026-02-21 12:04:50,602 - INFO -   I616: 20 patches  shape=(182, 218, 182)  lesion=3.70ml  1.4s
2026-02-21 12:04:52,092 - INFO -   I666: 20 patches  shape=(182, 218, 182)  lesion=18.98ml  1.5s
2026-02-21 12:04:53,611 - INFO -   J074: 20 patches  shape=(182, 218, 182)  lesion=4.66ml  1.5s
2026-02-21 12:04:55,120 - INFO -   J244: 20 patches  shape=(182, 218, 182)  lesion=13.00ml  1.5s
2026-02-21 12:04:56,595 - INFO -   J288: 20 patches  shape=(182, 218, 182)  lesion=13.54ml  1.5s
2026-02-21 12:04:58,053 - INFO -   J355: 20 patches  shape=(182, 218, 182)  lesion=1.93ml  1.5s
2026-02-21 12:04:59,439 - INFO -   J396: 20 patches  shape=(182, 218, 182)  lesion=4.55ml  1.4s
2026-02-21 12:05:00,868 - INFO -   J698: 20 patches  shape=(182, 218, 182)  lesion=12.59ml  1.4s
2026-02-21 12:05:02,297 - INFO -   J866: 20 patches  shape=(182, 218, 182)  lesion=1.53ml  1.4s
2026-02-21 12:05:03,832 - INFO -   K153: 20 patches  shape=(182, 218, 182)  lesion=7.54ml  1.5s
2026-02-21 12:05:05,373 - INFO -   K347: 20 patches  shape=(182, 218, 182)  lesion=5.68ml  1.5s
2026-02-21 12:05:06,843 - INFO -   K509: 20 patches  shape=(182, 218, 182)  lesion=12.92ml  1.5s
2026-02-21 12:05:08,180 - INFO -   K598: 20 patches  shape=(182, 218, 182)  lesion=0.17ml  1.3s
2026-02-21 12:05:09,580 - INFO -   K877: 20 patches  shape=(182, 218, 182)  lesion=2.63ml  1.4s
2026-02-21 12:05:11,066 - INFO -   L233: 20 patches  shape=(182, 218, 182)  lesion=1.99ml  1.5s
2026-02-21 12:05:12,501 - INFO -   L330: 20 patches  shape=(182, 218, 182)  lesion=5.51ml  1.4s
2026-02-21 12:05:13,910 - INFO -   L362: 20 patches  shape=(182, 218, 182)  lesion=2.23ml  1.4s
2026-02-21 12:05:15,375 - INFO -   L394: 20 patches  shape=(182, 218, 182)  lesion=54.11ml  1.5s
2026-02-21 12:05:16,821 - INFO -   L406: 20 patches  shape=(182, 218, 182)  lesion=4.98ml  1.4s
2026-02-21 12:05:18,262 - INFO -   L460: 20 patches  shape=(182, 218, 182)  lesion=4.17ml  1.4s
2026-02-21 12:05:19,707 - INFO -   L638: 20 patches  shape=(182, 218, 182)  lesion=57.19ml  1.4s
2026-02-21 12:05:21,164 - INFO -   L983: 20 patches  shape=(182, 218, 182)  lesion=19.92ml  1.5s
2026-02-21 12:05:22,708 - INFO -   M022: 20 patches  shape=(182, 218, 182)  lesion=4.06ml  1.5s
2026-02-21 12:05:24,166 - INFO -   M128: 20 patches  shape=(182, 218, 182)  lesion=9.74ml  1.5s
2026-02-21 12:05:25,645 - INFO -   M227: 20 patches  shape=(182, 218, 182)  lesion=1.90ml  1.5s
2026-02-21 12:05:27,043 - INFO -   M260: 20 patches  shape=(182, 218, 182)  lesion=1.48ml  1.4s
2026-02-21 12:05:28,428 - INFO -   M390: 20 patches  shape=(182, 218, 182)  lesion=1.45ml  1.4s
2026-02-21 12:05:29,847 - INFO -   M786: 20 patches  shape=(182, 218, 182)  lesion=10.58ml  1.4s
2026-02-21 12:05:31,249 - INFO -   M917: 20 patches  shape=(182, 218, 182)  lesion=7.52ml  1.4s
2026-02-21 12:05:32,634 - INFO -   M923: 20 patches  shape=(182, 218, 182)  lesion=4.37ml  1.4s
2026-02-21 12:05:34,090 - INFO -   N469: 20 patches  shape=(182, 218, 182)  lesion=54.59ml  1.5s
2026-02-21 12:05:35,531 - INFO -   N596: 20 patches  shape=(182, 218, 182)  lesion=5.04ml  1.4s
2026-02-21 12:05:36,923 - INFO -   N614: 20 patches  shape=(182, 218, 182)  lesion=24.97ml  1.4s
2026-02-21 12:05:38,379 - INFO -   N625: 20 patches  shape=(182, 218, 182)  lesion=6.22ml  1.5s
2026-02-21 12:05:39,867 - INFO -   N747: 20 patches  shape=(182, 218, 182)  lesion=1.75ml  1.5s
2026-02-21 12:05:41,252 - INFO -   N753: 20 patches  shape=(182, 218, 182)  lesion=2.31ml  1.4s
2026-02-21 12:05:42,699 - INFO -   N995: 20 patches  shape=(182, 218, 182)  lesion=7.08ml  1.4s
2026-02-21 12:05:44,113 - INFO -   O067: 20 patches  shape=(182, 218, 182)  lesion=15.04ml  1.4s
2026-02-21 12:05:45,523 - INFO -   O138: 20 patches  shape=(182, 218, 182)  lesion=11.28ml  1.4s
2026-02-21 12:05:46,999 - INFO -   O305: 20 patches  shape=(182, 218, 182)  lesion=86.57ml  1.5s
2026-02-21 12:05:48,463 - INFO -   O567: 20 patches  shape=(182, 218, 182)  lesion=3.76ml  1.5s
2026-02-21 12:05:49,902 - INFO -   O588: 20 patches  shape=(182, 218, 182)  lesion=53.53ml  1.4s
2026-02-21 12:05:51,339 - INFO -   O912: 20 patches  shape=(182, 218, 182)  lesion=47.36ml  1.4s
2026-02-21 12:05:52,741 - INFO -   O958: 20 patches  shape=(182, 218, 182)  lesion=2.61ml  1.4s
2026-02-21 12:05:54,198 - INFO -   P101: 20 patches  shape=(182, 218, 182)  lesion=120.35ml  1.5s
2026-02-21 12:05:55,589 - INFO -   P146: 20 patches  shape=(182, 218, 182)  lesion=8.50ml  1.4s
2026-02-21 12:05:56,959 - INFO -   P263: 20 patches  shape=(182, 218, 182)  lesion=103.78ml  1.4s
2026-02-21 12:05:58,280 - INFO -   P485: 20 patches  shape=(182, 218, 182)  lesion=1.45ml  1.3s
2026-02-21 12:05:59,679 - INFO -   P517: 20 patches  shape=(182, 218, 182)  lesion=11.16ml  1.4s
2026-02-21 12:06:01,198 - INFO -   P895: 20 patches  shape=(182, 218, 182)  lesion=2.33ml  1.5s
2026-02-21 12:06:02,587 - INFO -   P987: 20 patches  shape=(182, 218, 182)  lesion=4.54ml  1.4s
2026-02-21 12:06:04,031 - INFO -   Q036: 20 patches  shape=(182, 218, 182)  lesion=56.71ml  1.4s
2026-02-21 12:06:05,550 - INFO -   Q080: 20 patches  shape=(182, 218, 182)  lesion=10.18ml  1.5s
2026-02-21 12:06:06,981 - INFO -   Q236: 20 patches  shape=(182, 218, 182)  lesion=33.25ml  1.4s
2026-02-21 12:06:08,427 - INFO -   Q246: 20 patches  shape=(182, 218, 182)  lesion=1.36ml  1.4s
2026-02-21 12:06:09,897 - INFO -   Q814: 20 patches  shape=(182, 218, 182)  lesion=129.00ml  1.5s
2026-02-21 12:06:11,331 - INFO -   Q895: 20 patches  shape=(182, 218, 182)  lesion=1.76ml  1.4s
2026-02-21 12:06:12,848 - INFO -   R120: 20 patches  shape=(182, 218, 182)  lesion=39.68ml  1.5s
2026-02-21 12:06:14,387 - INFO -   R304: 20 patches  shape=(182, 218, 182)  lesion=7.59ml  1.5s
2026-02-21 12:06:15,872 - INFO -   R307: 20 patches  shape=(182, 218, 182)  lesion=6.45ml  1.5s
2026-02-21 12:06:17,474 - INFO -   R399: 20 patches  shape=(182, 218, 182)  lesion=3.17ml  1.6s
2026-02-21 12:06:19,033 - INFO -   R557: 20 patches  shape=(182, 218, 182)  lesion=2.90ml  1.6s
2026-02-21 12:06:20,500 - INFO -   R609: 20 patches  shape=(182, 218, 182)  lesion=1.59ml  1.5s
2026-02-21 12:06:21,940 - INFO -   R826: 20 patches  shape=(182, 218, 182)  lesion=19.42ml  1.4s
2026-02-21 12:06:23,442 - INFO -   R929: 20 patches  shape=(182, 218, 182)  lesion=57.68ml  1.5s
2026-02-21 12:06:24,897 - INFO -   S029: 20 patches  shape=(182, 218, 182)  lesion=34.93ml  1.5s
2026-02-21 12:06:26,445 - INFO -   S393: 20 patches  shape=(182, 218, 182)  lesion=4.21ml  1.5s
2026-02-21 12:06:27,987 - INFO -   S402: 20 patches  shape=(182, 218, 182)  lesion=5.46ml  1.5s
2026-02-21 12:06:29,489 - INFO -   S419: 20 patches  shape=(182, 218, 182)  lesion=226.75ml  1.5s
2026-02-21 12:06:30,975 - INFO -   S651: 20 patches  shape=(182, 218, 182)  lesion=2.51ml  1.5s
2026-02-21 12:06:32,428 - INFO -   S784: 20 patches  shape=(182, 218, 182)  lesion=3.24ml  1.4s
2026-02-21 12:06:33,830 - INFO -   S798: 20 patches  shape=(182, 218, 182)  lesion=11.33ml  1.4s
2026-02-21 12:06:35,341 - INFO -   T104: 20 patches  shape=(182, 218, 182)  lesion=75.31ml  1.5s
2026-02-21 12:06:36,797 - INFO -   T174: 20 patches  shape=(182, 218, 182)  lesion=109.71ml  1.5s
2026-02-21 12:06:38,273 - INFO -   T274: 20 patches  shape=(182, 218, 182)  lesion=10.37ml  1.5s
2026-02-21 12:06:39,822 - INFO -   T368: 20 patches  shape=(182, 218, 182)  lesion=8.75ml  1.5s
2026-02-21 12:06:41,267 - INFO -   T375: 20 patches  shape=(182, 218, 182)  lesion=11.51ml  1.4s
2026-02-21 12:06:42,682 - INFO -   T486: 20 patches  shape=(182, 218, 182)  lesion=3.40ml  1.4s
2026-02-21 12:06:44,173 - INFO -   T526: 20 patches  shape=(182, 218, 182)  lesion=3.40ml  1.5s
2026-02-21 12:06:45,693 - INFO -   U236: 20 patches  shape=(182, 218, 182)  lesion=46.32ml  1.5s
2026-02-21 12:06:47,154 - INFO -   U298: 20 patches  shape=(182, 218, 182)  lesion=32.79ml  1.5s
2026-02-21 12:06:48,733 - INFO -   U441: 20 patches  shape=(182, 218, 182)  lesion=4.99ml  1.6s
2026-02-21 12:06:50,230 - INFO -   U877: 20 patches  shape=(182, 218, 182)  lesion=72.95ml  1.5s
2026-02-21 12:06:51,677 - INFO -   U947: 20 patches  shape=(182, 218, 182)  lesion=6.25ml  1.4s
2026-02-21 12:06:53,128 - INFO -   V311: 20 patches  shape=(182, 218, 182)  lesion=15.99ml  1.4s
2026-02-21 12:06:54,526 - INFO -   V390: 20 patches  shape=(182, 218, 182)  lesion=2.79ml  1.4s
2026-02-21 12:06:56,023 - INFO -   V484: 20 patches  shape=(182, 218, 182)  lesion=257.79ml  1.5s
2026-02-21 12:06:57,506 - INFO -   V853: 20 patches  shape=(182, 218, 182)  lesion=3.68ml  1.5s
2026-02-21 12:06:59,065 - INFO -   V928: 20 patches  shape=(182, 218, 182)  lesion=136.33ml  1.6s
2026-02-21 12:07:00,501 - INFO -   W213: 20 patches  shape=(182, 218, 182)  lesion=38.77ml  1.4s
2026-02-21 12:07:02,084 - INFO -   W361: 20 patches  shape=(182, 218, 182)  lesion=5.08ml  1.6s
2026-02-21 12:07:03,542 - INFO -   W636: 20 patches  shape=(182, 218, 182)  lesion=76.52ml  1.5s
2026-02-21 12:07:05,078 - INFO -   W903: 20 patches  shape=(182, 218, 182)  lesion=133.01ml  1.5s
2026-02-21 12:07:06,644 - INFO -   X075: 20 patches  shape=(182, 218, 182)  lesion=1.35ml  1.6s
2026-02-21 12:07:08,162 - INFO -   X279: 20 patches  shape=(182, 218, 182)  lesion=8.09ml  1.5s
2026-02-21 12:07:09,621 - INFO -   X564: 20 patches  shape=(182, 218, 182)  lesion=7.92ml  1.5s
2026-02-21 12:07:10,989 - INFO -   X570: 20 patches  shape=(182, 218, 182)  lesion=6.10ml  1.4s
2026-02-21 12:07:12,376 - INFO -   X571: 20 patches  shape=(182, 218, 182)  lesion=23.07ml  1.4s
2026-02-21 12:07:13,882 - INFO -   X850: 20 patches  shape=(182, 218, 182)  lesion=2.43ml  1.5s
2026-02-21 12:07:15,311 - INFO -   X911: 20 patches  shape=(182, 218, 182)  lesion=62.40ml  1.4s
2026-02-21 12:07:16,793 - INFO -   Y004: 20 patches  shape=(182, 218, 182)  lesion=231.27ml  1.5s
2026-02-21 12:07:18,205 - INFO -   Y016: 20 patches  shape=(182, 218, 182)  lesion=72.50ml  1.4s
2026-02-21 12:07:19,700 - INFO -   Y118: 20 patches  shape=(182, 218, 182)  lesion=3.03ml  1.5s
2026-02-21 12:07:21,136 - INFO -   Y558: 20 patches  shape=(182, 218, 182)  lesion=20.37ml  1.4s
2026-02-21 12:07:22,541 - INFO -   Y565: 20 patches  shape=(182, 218, 182)  lesion=19.83ml  1.4s
2026-02-21 12:07:23,918 - INFO -   Y588: 20 patches  shape=(182, 218, 182)  lesion=4.93ml  1.4s
2026-02-21 12:07:25,344 - INFO -   Y901: 20 patches  shape=(182, 218, 182)  lesion=5.72ml  1.4s
2026-02-21 12:07:26,784 - INFO -   Z101: 20 patches  shape=(182, 218, 182)  lesion=51.45ml  1.4s
2026-02-21 12:07:28,205 - INFO -   Z141: 20 patches  shape=(182, 218, 182)  lesion=132.56ml  1.4s
2026-02-21 12:07:29,617 - INFO -   Z167: 20 patches  shape=(182, 218, 182)  lesion=2.35ml  1.4s
2026-02-21 12:07:31,030 - INFO -   Z778: 20 patches  shape=(182, 218, 182)  lesion=43.56ml  1.4s
2026-02-21 12:07:32,448 - INFO -   Z792: 20 patches  shape=(182, 218, 182)  lesion=55.03ml  1.4s
2026-02-21 12:07:33,907 - INFO -   Z834: 20 patches  shape=(182, 218, 182)  lesion=11.33ml  1.5s
2026-02-21 12:07:35,431 - INFO -   Z885: 20 patches  shape=(182, 218, 182)  lesion=29.48ml  1.5s
2026-02-21 12:07:35,444 - INFO - 
  Done UOA_Private: 176 processed, 1 skipped, 3520 total patches
2026-02-21 12:07:35,465 - INFO - 
======================================================================
2026-02-21 12:07:35,465 - INFO - ALL DONE
2026-02-21 12:07:35,465 - INFO - ======================================================================
2026-02-21 12:07:35,465 - INFO -   ATLAS_64x64x64: 654 cases, 13023 total patches
2026-02-21 12:07:35,465 - INFO -   UOA_Private_64x64x64: 176 cases, 3520 total patches
2026-02-21 12:07:35,465 - INFO - 
Output dirs:
2026-02-21 12:07:35,465 - INFO -   /hpc/pahm409/harvard/preprocessed_stroke_foundation/ATLAS_64x64x64/
2026-02-21 12:07:35,465 - INFO -     <case_id>.npz  [patches, masks, centers, original_shape, ...]
2026-02-21 12:07:35,465 - INFO -     patient_ids.pkl
2026-02-21 12:07:35,465 - INFO -     ATLAS_64x64x64_summary.json
2026-02-21 12:07:35,465 - INFO -   /hpc/pahm409/harvard/preprocessed_stroke_foundation/UOA_Private_64x64x64/
2026-02-21 12:07:35,465 - INFO -     <case_id>.npz  [patches, masks, centers, original_shape, ...]
2026-02-21 12:07:35,465 - INFO -     patient_ids.pkl
2026-02-21 12:07:35,465 - INFO -     UOA_Private_64x64x64_summary.json
