GLCM is symmetrical, therefore Sum Average = 2 * Joint Average, only 1 needs to be calculated
GLCM is symmetrical, therefore Sum Average = 2 * Joint Average, only 1 needs to be calculated
GLCM is symmetrical, therefore Sum Average = 2 * Joint Average, only 1 needs to be calculated
GLCM is symmetrical, therefore Sum Average = 2 * Joint Average, only 1 needs to be calculated
GLCM is symmetrical, therefore Sum Average = 2 * Joint Average, only 1 needs to be calculated
GLCM is symmetrical, therefore Sum Average = 2 * Joint Average, only 1 needs to be calculated
GLCM is symmetrical, therefore Sum Average = 2 * Joint Average, only 1 needs to be calculated
GLCM is symmetrical, therefore Sum Average = 2 * Joint Average, only 1 needs to be calculated
GLCM is symmetrical, therefore Sum Average = 2 * Joint Average, only 1 needs to be calculated
GLCM is symmetrical, therefore Sum Average = 2 * Joint Average, only 1 needs to be calculated
GLCM is symmetrical, therefore Sum Average = 2 * Joint Average, only 1 needs to be calculated
GLCM is symmetrical, therefore Sum Average = 2 * Joint Average, only 1 needs to be calculated
GLCM is symmetrical, therefore Sum Average = 2 * Joint Average, only 1 needs to be calculated
GLCM is symmetrical, therefore Sum Average = 2 * Joint Average, only 1 needs to be calculated
GLCM is symmetrical, therefore Sum Average = 2 * Joint Average, only 1 needs to be calculated
GLCM is symmetrical, therefore Sum Average = 2 * Joint Average, only 1 needs to be calculated
GLCM is symmetrical, therefore Sum Average = 2 * Joint Average, only 1 needs to be calculated
GLCM is symmetrical, therefore Sum Average = 2 * Joint Average, only 1 needs to be calculated
GLCM is symmetrical, therefore Sum Average = 2 * Joint Average, only 1 needs to be calculated
GLCM is symmetrical, therefore Sum Average = 2 * Joint Average, only 1 needs to be calculated
GLCM is symmetrical, therefore Sum Average = 2 * Joint Average, only 1 needs to be calculated
GLCM is symmetrical, therefore Sum Average = 2 * Joint Average, only 1 needs to be calculated
GLCM is symmetrical, therefore Sum Average = 2 * Joint Average, only 1 needs to be calculated
GLCM is symmetrical, therefore Sum Average = 2 * Joint Average, only 1 needs to be calculated
GLCM is symmetrical, therefore Sum Average = 2 * Joint Average, only 1 needs to be calculated
GLCM is symmetrical, therefore Sum Average = 2 * Joint Average, only 1 needs to be calculated
GLCM is symmetrical, therefore Sum Average = 2 * Joint Average, only 1 needs to be calculated
GLCM is symmetrical, therefore Sum Average = 2 * Joint Average, only 1 needs to be calculated
GLCM is symmetrical, therefore Sum Average = 2 * Joint Average, only 1 needs to be calculated
GLCM is symmetrical, therefore Sum Average = 2 * Joint Average, only 1 needs to be calculated
GLCM is symmetrical, therefore Sum Average = 2 * Joint Average, only 1 needs to be calculated
GLCM is symmetrical, therefore Sum Average = 2 * Joint Average, only 1 needs to be calculated
GLCM is symmetrical, therefore Sum Average = 2 * Joint Average, only 1 needs to be calculated
GLCM is symmetrical, therefore Sum Average = 2 * Joint Average, only 1 needs to be calculated
GLCM is symmetrical, therefore Sum Average = 2 * Joint Average, only 1 needs to be calculated
GLCM is symmetrical, therefore Sum Average = 2 * Joint Average, only 1 needs to be calculated
GLCM is symmetrical, therefore Sum Average = 2 * Joint Average, only 1 needs to be calculated
GLCM is symmetrical, therefore Sum Average = 2 * Joint Average, only 1 needs to be calculated
GLCM is symmetrical, therefore Sum Average = 2 * Joint Average, only 1 needs to be calculated
GLCM is symmetrical, therefore Sum Average = 2 * Joint Average, only 1 needs to be calculated
GLCM is symmetrical, therefore Sum Average = 2 * Joint Average, only 1 needs to be calculated
GLCM is symmetrical, therefore Sum Average = 2 * Joint Average, only 1 needs to be calculated
GLCM is symmetrical, therefore Sum Average = 2 * Joint Average, only 1 needs to be calculated
GLCM is symmetrical, therefore Sum Average = 2 * Joint Average, only 1 needs to be calculated
GLCM is symmetrical, therefore Sum Average = 2 * Joint Average, only 1 needs to be calculated
GLCM is symmetrical, therefore Sum Average = 2 * Joint Average, only 1 needs to be calculated
GLCM is symmetrical, therefore Sum Average = 2 * Joint Average, only 1 needs to be calculated
GLCM is symmetrical, therefore Sum Average = 2 * Joint Average, only 1 needs to be calculated
GLCM is symmetrical, therefore Sum Average = 2 * Joint Average, only 1 needs to be calculated
GLCM is symmetrical, therefore Sum Average = 2 * Joint Average, only 1 needs to be calculated
GLCM is symmetrical, therefore Sum Average = 2 * Joint Average, only 1 needs to be calculated
GLCM is symmetrical, therefore Sum Average = 2 * Joint Average, only 1 needs to be calculated
GLCM is symmetrical, therefore Sum Average = 2 * Joint Average, only 1 needs to be calculated
GLCM is symmetrical, therefore Sum Average = 2 * Joint Average, only 1 needs to be calculated
GLCM is symmetrical, therefore Sum Average = 2 * Joint Average, only 1 needs to be calculated
GLCM is symmetrical, therefore Sum Average = 2 * Joint Average, only 1 needs to be calculated
GLCM is symmetrical, therefore Sum Average = 2 * Joint Average, only 1 needs to be calculated
GLCM is symmetrical, therefore Sum Average = 2 * Joint Average, only 1 needs to be calculated
GLCM is symmetrical, therefore Sum Average = 2 * Joint Average, only 1 needs to be calculated
GLCM is symmetrical, therefore Sum Average = 2 * Joint Average, only 1 needs to be calculated
GLCM is symmetrical, therefore Sum Average = 2 * Joint Average, only 1 needs to be calculated
GLCM is symmetrical, therefore Sum Average = 2 * Joint Average, only 1 needs to be calculated
GLCM is symmetrical, therefore Sum Average = 2 * Joint Average, only 1 needs to be calculated
GLCM is symmetrical, therefore Sum Average = 2 * Joint Average, only 1 needs to be calculated
GLCM is symmetrical, therefore Sum Average = 2 * Joint Average, only 1 needs to be calculated
GLCM is symmetrical, therefore Sum Average = 2 * Joint Average, only 1 needs to be calculated
GLCM is symmetrical, therefore Sum Average = 2 * Joint Average, only 1 needs to be calculated
GLCM is symmetrical, therefore Sum Average = 2 * Joint Average, only 1 needs to be calculated
GLCM is symmetrical, therefore Sum Average = 2 * Joint Average, only 1 needs to be calculated
GLCM is symmetrical, therefore Sum Average = 2 * Joint Average, only 1 needs to be calculated
GLCM is symmetrical, therefore Sum Average = 2 * Joint Average, only 1 needs to be calculated
GLCM is symmetrical, therefore Sum Average = 2 * Joint Average, only 1 needs to be calculated
GLCM is symmetrical, therefore Sum Average = 2 * Joint Average, only 1 needs to be calculated
GLCM is symmetrical, therefore Sum Average = 2 * Joint Average, only 1 needs to be calculated
GLCM is symmetrical, therefore Sum Average = 2 * Joint Average, only 1 needs to be calculated
GLCM is symmetrical, therefore Sum Average = 2 * Joint Average, only 1 needs to be calculated
GLCM is symmetrical, therefore Sum Average = 2 * Joint Average, only 1 needs to be calculated
GLCM is symmetrical, therefore Sum Average = 2 * Joint Average, only 1 needs to be calculated
GLCM is symmetrical, therefore Sum Average = 2 * Joint Average, only 1 needs to be calculated
GLCM is symmetrical, therefore Sum Average = 2 * Joint Average, only 1 needs to be calculated
GLCM is symmetrical, therefore Sum Average = 2 * Joint Average, only 1 needs to be calculated
GLCM is symmetrical, therefore Sum Average = 2 * Joint Average, only 1 needs to be calculated
GLCM is symmetrical, therefore Sum Average = 2 * Joint Average, only 1 needs to be calculated
GLCM is symmetrical, therefore Sum Average = 2 * Joint Average, only 1 needs to be calculated
GLCM is symmetrical, therefore Sum Average = 2 * Joint Average, only 1 needs to be calculated
GLCM is symmetrical, therefore Sum Average = 2 * Joint Average, only 1 needs to be calculated
GLCM is symmetrical, therefore Sum Average = 2 * Joint Average, only 1 needs to be calculated
GLCM is symmetrical, therefore Sum Average = 2 * Joint Average, only 1 needs to be calculated
GLCM is symmetrical, therefore Sum Average = 2 * Joint Average, only 1 needs to be calculated
GLCM is symmetrical, therefore Sum Average = 2 * Joint Average, only 1 needs to be calculated
GLCM is symmetrical, therefore Sum Average = 2 * Joint Average, only 1 needs to be calculated
GLCM is symmetrical, therefore Sum Average = 2 * Joint Average, only 1 needs to be calculated
GLCM is symmetrical, therefore Sum Average = 2 * Joint Average, only 1 needs to be calculated
GLCM is symmetrical, therefore Sum Average = 2 * Joint Average, only 1 needs to be calculated
GLCM is symmetrical, therefore Sum Average = 2 * Joint Average, only 1 needs to be calculated
GLCM is symmetrical, therefore Sum Average = 2 * Joint Average, only 1 needs to be calculated
GLCM is symmetrical, therefore Sum Average = 2 * Joint Average, only 1 needs to be calculated
GLCM is symmetrical, therefore Sum Average = 2 * Joint Average, only 1 needs to be calculated
GLCM is symmetrical, therefore Sum Average = 2 * Joint Average, only 1 needs to be calculated
GLCM is symmetrical, therefore Sum Average = 2 * Joint Average, only 1 needs to be calculated
GLCM is symmetrical, therefore Sum Average = 2 * Joint Average, only 1 needs to be calculated
GLCM is symmetrical, therefore Sum Average = 2 * Joint Average, only 1 needs to be calculated
GLCM is symmetrical, therefore Sum Average = 2 * Joint Average, only 1 needs to be calculated
GLCM is symmetrical, therefore Sum Average = 2 * Joint Average, only 1 needs to be calculated
GLCM is symmetrical, therefore Sum Average = 2 * Joint Average, only 1 needs to be calculated
GLCM is symmetrical, therefore Sum Average = 2 * Joint Average, only 1 needs to be calculated
GLCM is symmetrical, therefore Sum Average = 2 * Joint Average, only 1 needs to be calculated
GLCM is symmetrical, therefore Sum Average = 2 * Joint Average, only 1 needs to be calculated
GLCM is symmetrical, therefore Sum Average = 2 * Joint Average, only 1 needs to be calculated
GLCM is symmetrical, therefore Sum Average = 2 * Joint Average, only 1 needs to be calculated
GLCM is symmetrical, therefore Sum Average = 2 * Joint Average, only 1 needs to be calculated
GLCM is symmetrical, therefore Sum Average = 2 * Joint Average, only 1 needs to be calculated
GLCM is symmetrical, therefore Sum Average = 2 * Joint Average, only 1 needs to be calculated
GLCM is symmetrical, therefore Sum Average = 2 * Joint Average, only 1 needs to be calculated
GLCM is symmetrical, therefore Sum Average = 2 * Joint Average, only 1 needs to be calculated
GLCM is symmetrical, therefore Sum Average = 2 * Joint Average, only 1 needs to be calculated
GLCM is symmetrical, therefore Sum Average = 2 * Joint Average, only 1 needs to be calculated
GLCM is symmetrical, therefore Sum Average = 2 * Joint Average, only 1 needs to be calculated
GLCM is symmetrical, therefore Sum Average = 2 * Joint Average, only 1 needs to be calculated
GLCM is symmetrical, therefore Sum Average = 2 * Joint Average, only 1 needs to be calculated
GLCM is symmetrical, therefore Sum Average = 2 * Joint Average, only 1 needs to be calculated
GLCM is symmetrical, therefore Sum Average = 2 * Joint Average, only 1 needs to be calculated
GLCM is symmetrical, therefore Sum Average = 2 * Joint Average, only 1 needs to be calculated
GLCM is symmetrical, therefore Sum Average = 2 * Joint Average, only 1 needs to be calculated
GLCM is symmetrical, therefore Sum Average = 2 * Joint Average, only 1 needs to be calculated
GLCM is symmetrical, therefore Sum Average = 2 * Joint Average, only 1 needs to be calculated
GLCM is symmetrical, therefore Sum Average = 2 * Joint Average, only 1 needs to be calculated
GLCM is symmetrical, therefore Sum Average = 2 * Joint Average, only 1 needs to be calculated
GLCM is symmetrical, therefore Sum Average = 2 * Joint Average, only 1 needs to be calculated
GLCM is symmetrical, therefore Sum Average = 2 * Joint Average, only 1 needs to be calculated
GLCM is symmetrical, therefore Sum Average = 2 * Joint Average, only 1 needs to be calculated
GLCM is symmetrical, therefore Sum Average = 2 * Joint Average, only 1 needs to be calculated
GLCM is symmetrical, therefore Sum Average = 2 * Joint Average, only 1 needs to be calculated
GLCM is symmetrical, therefore Sum Average = 2 * Joint Average, only 1 needs to be calculated
GLCM is symmetrical, therefore Sum Average = 2 * Joint Average, only 1 needs to be calculated
GLCM is symmetrical, therefore Sum Average = 2 * Joint Average, only 1 needs to be calculated
GLCM is symmetrical, therefore Sum Average = 2 * Joint Average, only 1 needs to be calculated
GLCM is symmetrical, therefore Sum Average = 2 * Joint Average, only 1 needs to be calculated
GLCM is symmetrical, therefore Sum Average = 2 * Joint Average, only 1 needs to be calculated
GLCM is symmetrical, therefore Sum Average = 2 * Joint Average, only 1 needs to be calculated
GLCM is symmetrical, therefore Sum Average = 2 * Joint Average, only 1 needs to be calculated
GLCM is symmetrical, therefore Sum Average = 2 * Joint Average, only 1 needs to be calculated
GLCM is symmetrical, therefore Sum Average = 2 * Joint Average, only 1 needs to be calculated
GLCM is symmetrical, therefore Sum Average = 2 * Joint Average, only 1 needs to be calculated
GLCM is symmetrical, therefore Sum Average = 2 * Joint Average, only 1 needs to be calculated
GLCM is symmetrical, therefore Sum Average = 2 * Joint Average, only 1 needs to be calculated
GLCM is symmetrical, therefore Sum Average = 2 * Joint Average, only 1 needs to be calculated
GLCM is symmetrical, therefore Sum Average = 2 * Joint Average, only 1 needs to be calculated
GLCM is symmetrical, therefore Sum Average = 2 * Joint Average, only 1 needs to be calculated
GLCM is symmetrical, therefore Sum Average = 2 * Joint Average, only 1 needs to be calculated
GLCM is symmetrical, therefore Sum Average = 2 * Joint Average, only 1 needs to be calculated
GLCM is symmetrical, therefore Sum Average = 2 * Joint Average, only 1 needs to be calculated
GLCM is symmetrical, therefore Sum Average = 2 * Joint Average, only 1 needs to be calculated
GLCM is symmetrical, therefore Sum Average = 2 * Joint Average, only 1 needs to be calculated
GLCM is symmetrical, therefore Sum Average = 2 * Joint Average, only 1 needs to be calculated
GLCM is symmetrical, therefore Sum Average = 2 * Joint Average, only 1 needs to be calculated
GLCM is symmetrical, therefore Sum Average = 2 * Joint Average, only 1 needs to be calculated
GLCM is symmetrical, therefore Sum Average = 2 * Joint Average, only 1 needs to be calculated
GLCM is symmetrical, therefore Sum Average = 2 * Joint Average, only 1 needs to be calculated
GLCM is symmetrical, therefore Sum Average = 2 * Joint Average, only 1 needs to be calculated
GLCM is symmetrical, therefore Sum Average = 2 * Joint Average, only 1 needs to be calculated
GLCM is symmetrical, therefore Sum Average = 2 * Joint Average, only 1 needs to be calculated
GLCM is symmetrical, therefore Sum Average = 2 * Joint Average, only 1 needs to be calculated
GLCM is symmetrical, therefore Sum Average = 2 * Joint Average, only 1 needs to be calculated
GLCM is symmetrical, therefore Sum Average = 2 * Joint Average, only 1 needs to be calculated
GLCM is symmetrical, therefore Sum Average = 2 * Joint Average, only 1 needs to be calculated
GLCM is symmetrical, therefore Sum Average = 2 * Joint Average, only 1 needs to be calculated
GLCM is symmetrical, therefore Sum Average = 2 * Joint Average, only 1 needs to be calculated
GLCM is symmetrical, therefore Sum Average = 2 * Joint Average, only 1 needs to be calculated
GLCM is symmetrical, therefore Sum Average = 2 * Joint Average, only 1 needs to be calculated
GLCM is symmetrical, therefore Sum Average = 2 * Joint Average, only 1 needs to be calculated

======================================================================
GPU CHECK
======================================================================
GPU Available: Tesla V100-PCIE-32GB, 32768 MiB
Tesla V100-PCIE-32GB, 32768 MiB
Tesla V100-PCIE-32GB, 32768 MiB
Tesla V100-PCIE-32GB, 32768 MiB
Tesla V100-PCIE-32GB, 32768 MiB
Tesla V100-PCIE-32GB, 32768 MiB
Tesla V100-PCIE-32GB, 32768 MiB
Tesla V100-PCIE-32GB, 32768 MiB
Tesla V100-PCIE-32GB, 32768 MiB
Tesla V100-PCIE-32GB, 32768 MiB
======================================================================

======================================================================
UPGRADED MULTI-MODAL ANALYSIS
Inspired by Jo et al. (2023)
======================================================================
✓ Output directory created: ./radiomic_fac_analysis_UPGRADED/

======================================================================
LOADING CLINICAL DATA
======================================================================
✓ Loaded 146 patients
✓ Filtered: 146 → 57 patients

Preprocessing clinical features:
  ✓ AGE: mean=69.2, 0 missing
  ✓ NIHSS: mean=8.1, 0 missing
  ✓ FAC_BASE: mean=0.4, 0 missing

Outcome: FAC≥4=41 (71.9%)

Loading motor atlases...
  ✓ CST_L
  ✓ CST_R
  ✓ M1_L
  ✓ M1_R
  ✓ S1_L
  ✓ S1_R
  ✓ PMd_L
  ✓ PMd_R
  ✓ PMv_L
  ✓ PMv_R
  ✓ PLIC_L
  ✓ PLIC_R
Total: 12 atlases loaded

======================================================================
MODEL A: CLINICAL ONLY (Baseline)
======================================================================

======================================================================
TRAINING MODEL: ModelA_Clinical__LogisticRegression
======================================================================
Features: 3, Samples: 57
  Fold 1: AUC = 1.000
  Fold 2: AUC = 0.963
  Fold 3: AUC = 0.643
  Fold 4: AUC = 0.833
  Fold 5: AUC = 0.667

✓ AUC = 0.821 ± 0.147
✓ Brier score = 0.169
✓ Calibration slope = 0.848
✓ Optimal threshold = 0.370

======================================================================
TRAINING MODEL: ModelA_Clinical__RandomForest
======================================================================
Features: 3, Samples: 57
  Fold 1: AUC = 0.953
  Fold 2: AUC = 0.926
  Fold 3: AUC = 0.607
  Fold 4: AUC = 0.417
  Fold 5: AUC = 0.778

✓ AUC = 0.736 ± 0.202
✓ Brier score = 0.186
✓ Calibration slope = 0.598
✓ Optimal threshold = 0.860

======================================================================
TRAINING MODEL: ModelA_Clinical__ExtraTrees
======================================================================
Features: 3, Samples: 57
  Fold 1: AUC = 0.844
  Fold 2: AUC = 0.889
  Fold 3: AUC = 0.607
  Fold 4: AUC = 0.417
  Fold 5: AUC = 0.611

✓ AUC = 0.674 ± 0.173
✓ Brier score = 0.216
✓ Calibration slope = 0.425
✓ Optimal threshold = 0.817

======================================================================
TRAINING MODEL: ModelA_Clinical__XGBoost
======================================================================
Features: 3, Samples: 57
  Fold 1: AUC = 1.000
  Fold 2: AUC = 0.889
  Fold 3: AUC = 0.786
  Fold 4: AUC = 0.417
  Fold 5: AUC = 0.778

✓ AUC = 0.774 ± 0.196
✓ Brier score = 0.174
✓ Calibration slope = 1.535
✓ Optimal threshold = 0.616

✓ BASELINE (Model A): ModelA_Clinical__LogisticRegression
  AUC = 0.821
  Brier = 0.169

======================================================================
PROCESSING LOSS FUNCTION: AdaptiveRegional
======================================================================

======================================================================
EXTRACTING FEATURES: AdaptiveRegional
======================================================================
Checking availability for 57 patients...
Expected to extract: ~57 patients
[1/57] A221... ✓
[2/57] A235... ✓
[3/57] A431... ✓
[4/57] B286... ✓
[5/57] B467... ✓
[10/57] D322... ✓
[20/57] H854... ✓
[30/57] N614... ✓
[40/57] S029... ✓
[50/57] X570... ✓

✓ Extracted 57 patients, 133 features
  Saved to: ./radiomic_fac_analysis_UPGRADED//radiomics_features/AdaptiveRegional_features_location_aware.csv

✓ Feature extraction complete for AdaptiveRegional
  Radiomic DF shape: (57, 135)
  Columns: ['AdaptiveRegional_lesion_volume_voxels', 'AdaptiveRegional_lesion_volume_ml', 'AdaptiveRegional_motor_eloquence_score', 'AdaptiveRegional_location_volume_interaction', 'AdaptiveRegional_volume_dominance']... (showing first 5)

Merging with clinical data...
  Clinical DF shape: (57, 170)
  Clinical patient_ids: 57 unique
  Radiomic patient_ids: 57 unique
  Merged shape: (57, 304)
  Merged patients: 57

Checking for NaN values...
  Feature columns found: 133
  ⚠️  Found 418 NaN values in features
  Columns with NaN: {'AdaptiveRegional_location_volume_interaction': 31, 'AdaptiveRegional_CST_R_overlap': 29, 'AdaptiveRegional_M1_R_overlap': 30, 'AdaptiveRegional_S1_R_overlap': 31, 'AdaptiveRegional_PMd_R_overlap': 30, 'AdaptiveRegional_PMv_R_overlap': 30, 'AdaptiveRegional_PLIC_R_overlap': 39, 'AdaptiveRegional_location_dominance': 26, 'AdaptiveRegional_CST_L_overlap': 26, 'AdaptiveRegional_M1_L_overlap': 28, 'AdaptiveRegional_S1_L_overlap': 30, 'AdaptiveRegional_PMd_L_overlap': 26, 'AdaptiveRegional_PMv_L_overlap': 27, 'AdaptiveRegional_PLIC_L_overlap': 35}
  After dropping NaN: 0 patients
  ❌ Too few patients after cleaning (0 < 30)

======================================================================
PROCESSING LOSS FUNCTION: GDice
======================================================================

======================================================================
EXTRACTING FEATURES: GDice
======================================================================
Checking availability for 57 patients...
Expected to extract: ~57 patients
[1/57] A221... ✓
[2/57] A235... ✓
[3/57] A431... ✓
[4/57] B286... ✓
[5/57] B467... ✓
[10/57] D322... ✓
[20/57] H854... ✓
[30/57] N614... ✓
[40/57] S029... ✓
[50/57] X570... ✓

✓ Extracted 57 patients, 133 features
  Saved to: ./radiomic_fac_analysis_UPGRADED//radiomics_features/GDice_features_location_aware.csv

✓ Feature extraction complete for GDice
  Radiomic DF shape: (57, 135)
  Columns: ['GDice_lesion_volume_voxels', 'GDice_lesion_volume_ml', 'GDice_motor_eloquence_score', 'GDice_location_volume_interaction', 'GDice_volume_dominance']... (showing first 5)

Merging with clinical data...
  Clinical DF shape: (57, 170)
  Clinical patient_ids: 57 unique
  Radiomic patient_ids: 57 unique
  Merged shape: (57, 304)
  Merged patients: 57

Checking for NaN values...
  Feature columns found: 133
  ⚠️  Found 423 NaN values in features
  Columns with NaN: {'GDice_location_volume_interaction': 28, 'GDice_CST_R_overlap': 29, 'GDice_M1_R_overlap': 29, 'GDice_S1_R_overlap': 31, 'GDice_PMd_R_overlap': 30, 'GDice_PMv_R_overlap': 30, 'GDice_PLIC_R_overlap': 39, 'GDice_CST_L_overlap': 26, 'GDice_M1_L_overlap': 29, 'GDice_S1_L_overlap': 31, 'GDice_PMd_L_overlap': 28, 'GDice_PMv_L_overlap': 29, 'GDice_PLIC_L_overlap': 35, 'GDice_location_dominance': 29}
  After dropping NaN: 0 patients
  ❌ Too few patients after cleaning (0 < 30)

======================================================================
PROCESSING LOSS FUNCTION: BCEDice
======================================================================

======================================================================
EXTRACTING FEATURES: BCEDice
======================================================================
Checking availability for 57 patients...
Expected to extract: ~57 patients
[1/57] A221... ✓
[2/57] A235... ✓
[3/57] A431... ✓
[4/57] B286... ✓
[5/57] B467... ✓
[10/57] D322... ✓
[20/57] H854... ✓
[30/57] N614... ✓
[40/57] S029... ✓
[50/57] X570... ✓

✓ Extracted 57 patients, 133 features
  Saved to: ./radiomic_fac_analysis_UPGRADED//radiomics_features/BCEDice_features_location_aware.csv

✓ Feature extraction complete for BCEDice
  Radiomic DF shape: (57, 135)
  Columns: ['BCEDice_lesion_volume_voxels', 'BCEDice_lesion_volume_ml', 'BCEDice_motor_eloquence_score', 'BCEDice_location_volume_interaction', 'BCEDice_volume_dominance']... (showing first 5)GLCM is symmetrical, therefore Sum Average = 2 * Joint Average, only 1 needs to be calculated
GLCM is symmetrical, therefore Sum Average = 2 * Joint Average, only 1 needs to be calculated
GLCM is symmetrical, therefore Sum Average = 2 * Joint Average, only 1 needs to be calculated
GLCM is symmetrical, therefore Sum Average = 2 * Joint Average, only 1 needs to be calculated
GLCM is symmetrical, therefore Sum Average = 2 * Joint Average, only 1 needs to be calculated
GLCM is symmetrical, therefore Sum Average = 2 * Joint Average, only 1 needs to be calculated
GLCM is symmetrical, therefore Sum Average = 2 * Joint Average, only 1 needs to be calculated
GLCM is symmetrical, therefore Sum Average = 2 * Joint Average, only 1 needs to be calculated
GLCM is symmetrical, therefore Sum Average = 2 * Joint Average, only 1 needs to be calculated
GLCM is symmetrical, therefore Sum Average = 2 * Joint Average, only 1 needs to be calculated
GLCM is symmetrical, therefore Sum Average = 2 * Joint Average, only 1 needs to be calculated
GLCM is symmetrical, therefore Sum Average = 2 * Joint Average, only 1 needs to be calculated
GLCM is symmetrical, therefore Sum Average = 2 * Joint Average, only 1 needs to be calculated
GLCM is symmetrical, therefore Sum Average = 2 * Joint Average, only 1 needs to be calculated
GLCM is symmetrical, therefore Sum Average = 2 * Joint Average, only 1 needs to be calculated
GLCM is symmetrical, therefore Sum Average = 2 * Joint Average, only 1 needs to be calculated
GLCM is symmetrical, therefore Sum Average = 2 * Joint Average, only 1 needs to be calculated
GLCM is symmetrical, therefore Sum Average = 2 * Joint Average, only 1 needs to be calculated
GLCM is symmetrical, therefore Sum Average = 2 * Joint Average, only 1 needs to be calculated
GLCM is symmetrical, therefore Sum Average = 2 * Joint Average, only 1 needs to be calculated
GLCM is symmetrical, therefore Sum Average = 2 * Joint Average, only 1 needs to be calculated
GLCM is symmetrical, therefore Sum Average = 2 * Joint Average, only 1 needs to be calculated
GLCM is symmetrical, therefore Sum Average = 2 * Joint Average, only 1 needs to be calculated
GLCM is symmetrical, therefore Sum Average = 2 * Joint Average, only 1 needs to be calculated
GLCM is symmetrical, therefore Sum Average = 2 * Joint Average, only 1 needs to be calculated
GLCM is symmetrical, therefore Sum Average = 2 * Joint Average, only 1 needs to be calculated
GLCM is symmetrical, therefore Sum Average = 2 * Joint Average, only 1 needs to be calculated
GLCM is symmetrical, therefore Sum Average = 2 * Joint Average, only 1 needs to be calculated
GLCM is symmetrical, therefore Sum Average = 2 * Joint Average, only 1 needs to be calculated
GLCM is symmetrical, therefore Sum Average = 2 * Joint Average, only 1 needs to be calculated
GLCM is symmetrical, therefore Sum Average = 2 * Joint Average, only 1 needs to be calculated
GLCM is symmetrical, therefore Sum Average = 2 * Joint Average, only 1 needs to be calculated
GLCM is symmetrical, therefore Sum Average = 2 * Joint Average, only 1 needs to be calculated
GLCM is symmetrical, therefore Sum Average = 2 * Joint Average, only 1 needs to be calculated
GLCM is symmetrical, therefore Sum Average = 2 * Joint Average, only 1 needs to be calculated
GLCM is symmetrical, therefore Sum Average = 2 * Joint Average, only 1 needs to be calculated
GLCM is symmetrical, therefore Sum Average = 2 * Joint Average, only 1 needs to be calculated
GLCM is symmetrical, therefore Sum Average = 2 * Joint Average, only 1 needs to be calculated
GLCM is symmetrical, therefore Sum Average = 2 * Joint Average, only 1 needs to be calculated
GLCM is symmetrical, therefore Sum Average = 2 * Joint Average, only 1 needs to be calculated
GLCM is symmetrical, therefore Sum Average = 2 * Joint Average, only 1 needs to be calculated
GLCM is symmetrical, therefore Sum Average = 2 * Joint Average, only 1 needs to be calculated
GLCM is symmetrical, therefore Sum Average = 2 * Joint Average, only 1 needs to be calculated
GLCM is symmetrical, therefore Sum Average = 2 * Joint Average, only 1 needs to be calculated
GLCM is symmetrical, therefore Sum Average = 2 * Joint Average, only 1 needs to be calculated
GLCM is symmetrical, therefore Sum Average = 2 * Joint Average, only 1 needs to be calculated
GLCM is symmetrical, therefore Sum Average = 2 * Joint Average, only 1 needs to be calculated
GLCM is symmetrical, therefore Sum Average = 2 * Joint Average, only 1 needs to be calculated
GLCM is symmetrical, therefore Sum Average = 2 * Joint Average, only 1 needs to be calculated
GLCM is symmetrical, therefore Sum Average = 2 * Joint Average, only 1 needs to be calculated
GLCM is symmetrical, therefore Sum Average = 2 * Joint Average, only 1 needs to be calculated
GLCM is symmetrical, therefore Sum Average = 2 * Joint Average, only 1 needs to be calculated
GLCM is symmetrical, therefore Sum Average = 2 * Joint Average, only 1 needs to be calculated
GLCM is symmetrical, therefore Sum Average = 2 * Joint Average, only 1 needs to be calculated
GLCM is symmetrical, therefore Sum Average = 2 * Joint Average, only 1 needs to be calculated
GLCM is symmetrical, therefore Sum Average = 2 * Joint Average, only 1 needs to be calculated
GLCM is symmetrical, therefore Sum Average = 2 * Joint Average, only 1 needs to be calculated
GLCM is symmetrical, therefore Sum Average = 2 * Joint Average, only 1 needs to be calculated
GLCM is symmetrical, therefore Sum Average = 2 * Joint Average, only 1 needs to be calculated
GLCM is symmetrical, therefore Sum Average = 2 * Joint Average, only 1 needs to be calculated
GLCM is symmetrical, therefore Sum Average = 2 * Joint Average, only 1 needs to be calculated
GLCM is symmetrical, therefore Sum Average = 2 * Joint Average, only 1 needs to be calculated
GLCM is symmetrical, therefore Sum Average = 2 * Joint Average, only 1 needs to be calculated
GLCM is symmetrical, therefore Sum Average = 2 * Joint Average, only 1 needs to be calculated
GLCM is symmetrical, therefore Sum Average = 2 * Joint Average, only 1 needs to be calculated
GLCM is symmetrical, therefore Sum Average = 2 * Joint Average, only 1 needs to be calculated
GLCM is symmetrical, therefore Sum Average = 2 * Joint Average, only 1 needs to be calculated
GLCM is symmetrical, therefore Sum Average = 2 * Joint Average, only 1 needs to be calculated
GLCM is symmetrical, therefore Sum Average = 2 * Joint Average, only 1 needs to be calculated
GLCM is symmetrical, therefore Sum Average = 2 * Joint Average, only 1 needs to be calculated
GLCM is symmetrical, therefore Sum Average = 2 * Joint Average, only 1 needs to be calculated
GLCM is symmetrical, therefore Sum Average = 2 * Joint Average, only 1 needs to be calculated
GLCM is symmetrical, therefore Sum Average = 2 * Joint Average, only 1 needs to be calculated
GLCM is symmetrical, therefore Sum Average = 2 * Joint Average, only 1 needs to be calculated
GLCM is symmetrical, therefore Sum Average = 2 * Joint Average, only 1 needs to be calculated
GLCM is symmetrical, therefore Sum Average = 2 * Joint Average, only 1 needs to be calculated
GLCM is symmetrical, therefore Sum Average = 2 * Joint Average, only 1 needs to be calculated
GLCM is symmetrical, therefore Sum Average = 2 * Joint Average, only 1 needs to be calculated
GLCM is symmetrical, therefore Sum Average = 2 * Joint Average, only 1 needs to be calculated
GLCM is symmetrical, therefore Sum Average = 2 * Joint Average, only 1 needs to be calculated
GLCM is symmetrical, therefore Sum Average = 2 * Joint Average, only 1 needs to be calculated
GLCM is symmetrical, therefore Sum Average = 2 * Joint Average, only 1 needs to be calculated
GLCM is symmetrical, therefore Sum Average = 2 * Joint Average, only 1 needs to be calculated
GLCM is symmetrical, therefore Sum Average = 2 * Joint Average, only 1 needs to be calculated
GLCM is symmetrical, therefore Sum Average = 2 * Joint Average, only 1 needs to be calculated
GLCM is symmetrical, therefore Sum Average = 2 * Joint Average, only 1 needs to be calculated
GLCM is symmetrical, therefore Sum Average = 2 * Joint Average, only 1 needs to be calculated
GLCM is symmetrical, therefore Sum Average = 2 * Joint Average, only 1 needs to be calculated
GLCM is symmetrical, therefore Sum Average = 2 * Joint Average, only 1 needs to be calculated
GLCM is symmetrical, therefore Sum Average = 2 * Joint Average, only 1 needs to be calculated
GLCM is symmetrical, therefore Sum Average = 2 * Joint Average, only 1 needs to be calculated
GLCM is symmetrical, therefore Sum Average = 2 * Joint Average, only 1 needs to be calculated
GLCM is symmetrical, therefore Sum Average = 2 * Joint Average, only 1 needs to be calculated
GLCM is symmetrical, therefore Sum Average = 2 * Joint Average, only 1 needs to be calculated
GLCM is symmetrical, therefore Sum Average = 2 * Joint Average, only 1 needs to be calculated
GLCM is symmetrical, therefore Sum Average = 2 * Joint Average, only 1 needs to be calculated
GLCM is symmetrical, therefore Sum Average = 2 * Joint Average, only 1 needs to be calculated
GLCM is symmetrical, therefore Sum Average = 2 * Joint Average, only 1 needs to be calculated
GLCM is symmetrical, therefore Sum Average = 2 * Joint Average, only 1 needs to be calculated
GLCM is symmetrical, therefore Sum Average = 2 * Joint Average, only 1 needs to be calculated
GLCM is symmetrical, therefore Sum Average = 2 * Joint Average, only 1 needs to be calculated
GLCM is symmetrical, therefore Sum Average = 2 * Joint Average, only 1 needs to be calculated
GLCM is symmetrical, therefore Sum Average = 2 * Joint Average, only 1 needs to be calculated
GLCM is symmetrical, therefore Sum Average = 2 * Joint Average, only 1 needs to be calculated
GLCM is symmetrical, therefore Sum Average = 2 * Joint Average, only 1 needs to be calculated
GLCM is symmetrical, therefore Sum Average = 2 * Joint Average, only 1 needs to be calculated
GLCM is symmetrical, therefore Sum Average = 2 * Joint Average, only 1 needs to be calculated
GLCM is symmetrical, therefore Sum Average = 2 * Joint Average, only 1 needs to be calculated
GLCM is symmetrical, therefore Sum Average = 2 * Joint Average, only 1 needs to be calculated
GLCM is symmetrical, therefore Sum Average = 2 * Joint Average, only 1 needs to be calculated
GLCM is symmetrical, therefore Sum Average = 2 * Joint Average, only 1 needs to be calculated
GLCM is symmetrical, therefore Sum Average = 2 * Joint Average, only 1 needs to be calculated
GLCM is symmetrical, therefore Sum Average = 2 * Joint Average, only 1 needs to be calculated
GLCM is symmetrical, therefore Sum Average = 2 * Joint Average, only 1 needs to be calculated
GLCM is symmetrical, therefore Sum Average = 2 * Joint Average, only 1 needs to be calculated
GLCM is symmetrical, therefore Sum Average = 2 * Joint Average, only 1 needs to be calculated
GLCM is symmetrical, therefore Sum Average = 2 * Joint Average, only 1 needs to be calculated
GLCM is symmetrical, therefore Sum Average = 2 * Joint Average, only 1 needs to be calculated
GLCM is symmetrical, therefore Sum Average = 2 * Joint Average, only 1 needs to be calculated
GLCM is symmetrical, therefore Sum Average = 2 * Joint Average, only 1 needs to be calculated
GLCM is symmetrical, therefore Sum Average = 2 * Joint Average, only 1 needs to be calculated
GLCM is symmetrical, therefore Sum Average = 2 * Joint Average, only 1 needs to be calculated
GLCM is symmetrical, therefore Sum Average = 2 * Joint Average, only 1 needs to be calculated
GLCM is symmetrical, therefore Sum Average = 2 * Joint Average, only 1 needs to be calculated
GLCM is symmetrical, therefore Sum Average = 2 * Joint Average, only 1 needs to be calculated
GLCM is symmetrical, therefore Sum Average = 2 * Joint Average, only 1 needs to be calculated
GLCM is symmetrical, therefore Sum Average = 2 * Joint Average, only 1 needs to be calculated
GLCM is symmetrical, therefore Sum Average = 2 * Joint Average, only 1 needs to be calculated
GLCM is symmetrical, therefore Sum Average = 2 * Joint Average, only 1 needs to be calculated
GLCM is symmetrical, therefore Sum Average = 2 * Joint Average, only 1 needs to be calculated
GLCM is symmetrical, therefore Sum Average = 2 * Joint Average, only 1 needs to be calculated
GLCM is symmetrical, therefore Sum Average = 2 * Joint Average, only 1 needs to be calculated
GLCM is symmetrical, therefore Sum Average = 2 * Joint Average, only 1 needs to be calculated
GLCM is symmetrical, therefore Sum Average = 2 * Joint Average, only 1 needs to be calculated
GLCM is symmetrical, therefore Sum Average = 2 * Joint Average, only 1 needs to be calculated
GLCM is symmetrical, therefore Sum Average = 2 * Joint Average, only 1 needs to be calculated
GLCM is symmetrical, therefore Sum Average = 2 * Joint Average, only 1 needs to be calculated
GLCM is symmetrical, therefore Sum Average = 2 * Joint Average, only 1 needs to be calculated
GLCM is symmetrical, therefore Sum Average = 2 * Joint Average, only 1 needs to be calculated
GLCM is symmetrical, therefore Sum Average = 2 * Joint Average, only 1 needs to be calculated
GLCM is symmetrical, therefore Sum Average = 2 * Joint Average, only 1 needs to be calculated
GLCM is symmetrical, therefore Sum Average = 2 * Joint Average, only 1 needs to be calculated
GLCM is symmetrical, therefore Sum Average = 2 * Joint Average, only 1 needs to be calculated
GLCM is symmetrical, therefore Sum Average = 2 * Joint Average, only 1 needs to be calculated
GLCM is symmetrical, therefore Sum Average = 2 * Joint Average, only 1 needs to be calculated
GLCM is symmetrical, therefore Sum Average = 2 * Joint Average, only 1 needs to be calculated
GLCM is symmetrical, therefore Sum Average = 2 * Joint Average, only 1 needs to be calculated
GLCM is symmetrical, therefore Sum Average = 2 * Joint Average, only 1 needs to be calculated
GLCM is symmetrical, therefore Sum Average = 2 * Joint Average, only 1 needs to be calculated
GLCM is symmetrical, therefore Sum Average = 2 * Joint Average, only 1 needs to be calculated
GLCM is symmetrical, therefore Sum Average = 2 * Joint Average, only 1 needs to be calculated
GLCM is symmetrical, therefore Sum Average = 2 * Joint Average, only 1 needs to be calculated
GLCM is symmetrical, therefore Sum Average = 2 * Joint Average, only 1 needs to be calculated
GLCM is symmetrical, therefore Sum Average = 2 * Joint Average, only 1 needs to be calculated
GLCM is symmetrical, therefore Sum Average = 2 * Joint Average, only 1 needs to be calculated
GLCM is symmetrical, therefore Sum Average = 2 * Joint Average, only 1 needs to be calculated
GLCM is symmetrical, therefore Sum Average = 2 * Joint Average, only 1 needs to be calculated
GLCM is symmetrical, therefore Sum Average = 2 * Joint Average, only 1 needs to be calculated
GLCM is symmetrical, therefore Sum Average = 2 * Joint Average, only 1 needs to be calculated
GLCM is symmetrical, therefore Sum Average = 2 * Joint Average, only 1 needs to be calculated
GLCM is symmetrical, therefore Sum Average = 2 * Joint Average, only 1 needs to be calculated
GLCM is symmetrical, therefore Sum Average = 2 * Joint Average, only 1 needs to be calculated
GLCM is symmetrical, therefore Sum Average = 2 * Joint Average, only 1 needs to be calculated
GLCM is symmetrical, therefore Sum Average = 2 * Joint Average, only 1 needs to be calculated
GLCM is symmetrical, therefore Sum Average = 2 * Joint Average, only 1 needs to be calculated
GLCM is symmetrical, therefore Sum Average = 2 * Joint Average, only 1 needs to be calculated
GLCM is symmetrical, therefore Sum Average = 2 * Joint Average, only 1 needs to be calculated
GLCM is symmetrical, therefore Sum Average = 2 * Joint Average, only 1 needs to be calculated
GLCM is symmetrical, therefore Sum Average = 2 * Joint Average, only 1 needs to be calculated
GLCM is symmetrical, therefore Sum Average = 2 * Joint Average, only 1 needs to be calculated
GLCM is symmetrical, therefore Sum Average = 2 * Joint Average, only 1 needs to be calculated
GLCM is symmetrical, therefore Sum Average = 2 * Joint Average, only 1 needs to be calculated
GLCM is symmetrical, therefore Sum Average = 2 * Joint Average, only 1 needs to be calculated
GLCM is symmetrical, therefore Sum Average = 2 * Joint Average, only 1 needs to be calculated
GLCM is symmetrical, therefore Sum Average = 2 * Joint Average, only 1 needs to be calculated
GLCM is symmetrical, therefore Sum Average = 2 * Joint Average, only 1 needs to be calculated
GLCM is symmetrical, therefore Sum Average = 2 * Joint Average, only 1 needs to be calculated
GLCM is symmetrical, therefore Sum Average = 2 * Joint Average, only 1 needs to be calculated
GLCM is symmetrical, therefore Sum Average = 2 * Joint Average, only 1 needs to be calculated
GLCM is symmetrical, therefore Sum Average = 2 * Joint Average, only 1 needs to be calculated
GLCM is symmetrical, therefore Sum Average = 2 * Joint Average, only 1 needs to be calculated
GLCM is symmetrical, therefore Sum Average = 2 * Joint Average, only 1 needs to be calculated
GLCM is symmetrical, therefore Sum Average = 2 * Joint Average, only 1 needs to be calculated
GLCM is symmetrical, therefore Sum Average = 2 * Joint Average, only 1 needs to be calculated
GLCM is symmetrical, therefore Sum Average = 2 * Joint Average, only 1 needs to be calculated
GLCM is symmetrical, therefore Sum Average = 2 * Joint Average, only 1 needs to be calculated
GLCM is symmetrical, therefore Sum Average = 2 * Joint Average, only 1 needs to be calculated
GLCM is symmetrical, therefore Sum Average = 2 * Joint Average, only 1 needs to be calculated
GLCM is symmetrical, therefore Sum Average = 2 * Joint Average, only 1 needs to be calculated
GLCM is symmetrical, therefore Sum Average = 2 * Joint Average, only 1 needs to be calculated
GLCM is symmetrical, therefore Sum Average = 2 * Joint Average, only 1 needs to be calculated
GLCM is symmetrical, therefore Sum Average = 2 * Joint Average, only 1 needs to be calculated
GLCM is symmetrical, therefore Sum Average = 2 * Joint Average, only 1 needs to be calculated
GLCM is symmetrical, therefore Sum Average = 2 * Joint Average, only 1 needs to be calculated
GLCM is symmetrical, therefore Sum Average = 2 * Joint Average, only 1 needs to be calculated
GLCM is symmetrical, therefore Sum Average = 2 * Joint Average, only 1 needs to be calculated
GLCM is symmetrical, therefore Sum Average = 2 * Joint Average, only 1 needs to be calculated
GLCM is symmetrical, therefore Sum Average = 2 * Joint Average, only 1 needs to be calculated
GLCM is symmetrical, therefore Sum Average = 2 * Joint Average, only 1 needs to be calculated
GLCM is symmetrical, therefore Sum Average = 2 * Joint Average, only 1 needs to be calculated
GLCM is symmetrical, therefore Sum Average = 2 * Joint Average, only 1 needs to be calculated
GLCM is symmetrical, therefore Sum Average = 2 * Joint Average, only 1 needs to be calculated
GLCM is symmetrical, therefore Sum Average = 2 * Joint Average, only 1 needs to be calculated
GLCM is symmetrical, therefore Sum Average = 2 * Joint Average, only 1 needs to be calculated
GLCM is symmetrical, therefore Sum Average = 2 * Joint Average, only 1 needs to be calculated
GLCM is symmetrical, therefore Sum Average = 2 * Joint Average, only 1 needs to be calculated
GLCM is symmetrical, therefore Sum Average = 2 * Joint Average, only 1 needs to be calculated
GLCM is symmetrical, therefore Sum Average = 2 * Joint Average, only 1 needs to be calculated
GLCM is symmetrical, therefore Sum Average = 2 * Joint Average, only 1 needs to be calculated
GLCM is symmetrical, therefore Sum Average = 2 * Joint Average, only 1 needs to be calculated
GLCM is symmetrical, therefore Sum Average = 2 * Joint Average, only 1 needs to be calculated
GLCM is symmetrical, therefore Sum Average = 2 * Joint Average, only 1 needs to be calculated
GLCM is symmetrical, therefore Sum Average = 2 * Joint Average, only 1 needs to be calculated
GLCM is symmetrical, therefore Sum Average = 2 * Joint Average, only 1 needs to be calculated
GLCM is symmetrical, therefore Sum Average = 2 * Joint Average, only 1 needs to be calculated
GLCM is symmetrical, therefore Sum Average = 2 * Joint Average, only 1 needs to be calculated
GLCM is symmetrical, therefore Sum Average = 2 * Joint Average, only 1 needs to be calculated
GLCM is symmetrical, therefore Sum Average = 2 * Joint Average, only 1 needs to be calculated
GLCM is symmetrical, therefore Sum Average = 2 * Joint Average, only 1 needs to be calculated
GLCM is symmetrical, therefore Sum Average = 2 * Joint Average, only 1 needs to be calculated
GLCM is symmetrical, therefore Sum Average = 2 * Joint Average, only 1 needs to be calculated
GLCM is symmetrical, therefore Sum Average = 2 * Joint Average, only 1 needs to be calculated
GLCM is symmetrical, therefore Sum Average = 2 * Joint Average, only 1 needs to be calculated
GLCM is symmetrical, therefore Sum Average = 2 * Joint Average, only 1 needs to be calculated
GLCM is symmetrical, therefore Sum Average = 2 * Joint Average, only 1 needs to be calculated
GLCM is symmetrical, therefore Sum Average = 2 * Joint Average, only 1 needs to be calculated
GLCM is symmetrical, therefore Sum Average = 2 * Joint Average, only 1 needs to be calculated
GLCM is symmetrical, therefore Sum Average = 2 * Joint Average, only 1 needs to be calculated


Merging with clinical data...
  Clinical DF shape: (57, 170)
  Clinical patient_ids: 57 unique
  Radiomic patient_ids: 57 unique
  Merged shape: (57, 304)
  Merged patients: 57

Checking for NaN values...
  Feature columns found: 133
  ⚠️  Found 419 NaN values in features
  Columns with NaN: {'BCEDice_location_volume_interaction': 32, 'BCEDice_CST_R_overlap': 30, 'BCEDice_M1_R_overlap': 30, 'BCEDice_S1_R_overlap': 31, 'BCEDice_PMd_R_overlap': 31, 'BCEDice_PMv_R_overlap': 30, 'BCEDice_PLIC_R_overlap': 38, 'BCEDice_CST_L_overlap': 26, 'BCEDice_M1_L_overlap': 28, 'BCEDice_S1_L_overlap': 30, 'BCEDice_PMd_L_overlap': 26, 'BCEDice_PMv_L_overlap': 27, 'BCEDice_PLIC_L_overlap': 35, 'BCEDice_location_dominance': 25}
  After dropping NaN: 0 patients
  ❌ Too few patients after cleaning (0 < 30)

======================================================================
PROCESSING LOSS FUNCTION: BCEFocalTversky
======================================================================

======================================================================
EXTRACTING FEATURES: BCEFocalTversky
======================================================================
Checking availability for 57 patients...
Expected to extract: ~57 patients
[1/57] A221... ✓
[2/57] A235... ✓
[3/57] A431... ✓
[4/57] B286... ✓
[5/57] B467... ✓
[10/57] D322... ✓
[20/57] H854... ✓
[30/57] N614... ✓
[40/57] S029... ✓
[50/57] X570... ✓

✓ Extracted 57 patients, 133 features
  Saved to: ./radiomic_fac_analysis_UPGRADED//radiomics_features/BCEFocalTversky_features_location_aware.csv

✓ Feature extraction complete for BCEFocalTversky
  Radiomic DF shape: (57, 135)
  Columns: ['BCEFocalTversky_lesion_volume_voxels', 'BCEFocalTversky_lesion_volume_ml', 'BCEFocalTversky_motor_eloquence_score', 'BCEFocalTversky_location_volume_interaction', 'BCEFocalTversky_volume_dominance']... (showing first 5)

Merging with clinical data...
  Clinical DF shape: (57, 170)
  Clinical patient_ids: 57 unique
  Radiomic patient_ids: 57 unique
  Merged shape: (57, 304)
  Merged patients: 57

Checking for NaN values...
  Feature columns found: 133
  ⚠️  Found 416 NaN values in features
  Columns with NaN: {'BCEFocalTversky_location_volume_interaction': 31, 'BCEFocalTversky_CST_R_overlap': 30, 'BCEFocalTversky_M1_R_overlap': 29, 'BCEFocalTversky_S1_R_overlap': 31, 'BCEFocalTversky_PMd_R_overlap': 30, 'BCEFocalTversky_PMv_R_overlap': 30, 'BCEFocalTversky_PLIC_R_overlap': 38, 'BCEFocalTversky_CST_L_overlap': 26, 'BCEFocalTversky_M1_L_overlap': 28, 'BCEFocalTversky_S1_L_overlap': 29, 'BCEFocalTversky_PMd_L_overlap': 26, 'BCEFocalTversky_PMv_L_overlap': 27, 'BCEFocalTversky_PLIC_L_overlap': 35, 'BCEFocalTversky_location_dominance': 26}
  After dropping NaN: 0 patients
  ❌ Too few patients after cleaning (0 < 30)

======================================================================
PROCESSING LOSS FUNCTION: Dice
======================================================================

======================================================================
EXTRACTING FEATURES: Dice
======================================================================
Checking availability for 57 patients...
Expected to extract: ~57 patients
[1/57] A221... ✓
[2/57] A235... ✓
[3/57] A431... ✓
[4/57] B286... ✓
[5/57] B467... ✓
[10/57] D322... ✓
[20/57] H854... ✓
[30/57] N614... ✓
[40/57] S029... ✓
[50/57] X570... ✓

✓ Extracted 57 patients, 133 features
  Saved to: ./radiomic_fac_analysis_UPGRADED//radiomics_features/Dice_features_location_aware.csv

✓ Feature extraction complete for Dice
  Radiomic DF shape: (57, 135)
  Columns: ['Dice_lesion_volume_voxels', 'Dice_lesion_volume_ml', 'Dice_motor_eloquence_score', 'Dice_location_volume_interaction', 'Dice_volume_dominance']... (showing first 5)

Merging with clinical data...
  Clinical DF shape: (57, 170)
  Clinical patient_ids: 57 unique
  Radiomic patient_ids: 57 unique
  Merged shape: (57, 304)
  Merged patients: 57

Checking for NaN values...
  Feature columns found: 133
  ⚠️  Found 411 NaN values in features
  Columns with NaN: {'Dice_location_volume_interaction': 32, 'Dice_CST_R_overlap': 29, 'Dice_M1_R_overlap': 29, 'Dice_S1_R_overlap': 30, 'Dice_PMd_R_overlap': 30, 'Dice_PMv_R_overlap': 30, 'Dice_PLIC_R_overlap': 38, 'Dice_CST_L_overlap': 26, 'Dice_M1_L_overlap': 27, 'Dice_S1_L_overlap': 28, 'Dice_PMd_L_overlap': 25, 'Dice_PMv_L_overlap': 27, 'Dice_PLIC_L_overlap': 35, 'Dice_location_dominance': 25}
  After dropping NaN: 0 patients
  ❌ Too few patients after cleaning (0 < 30)

======================================================================
PROCESSING LOSS FUNCTION: Focal
======================================================================

======================================================================
EXTRACTING FEATURES: Focal
======================================================================
Checking availability for 57 patients...
Expected to extract: ~57 patients
[1/57] A221... ✓
[2/57] A235... ✓
[3/57] A431... ✓
[4/57] B286... ✓
[5/57] B467... ✓
[10/57] D322... ✓
[20/57] H854... ✓
[30/57] N614... ✓
[40/57] S029... ✓
[50/57] X570... ✓

✓ Extracted 57 patients, 133 features
  Saved to: ./radiomic_fac_analysis_UPGRADED//radiomics_features/Focal_features_location_aware.csv

✓ Feature extraction complete for Focal
  Radiomic DF shape: (57, 135)
  Columns: ['Focal_lesion_volume_voxels', 'Focal_lesion_volume_ml', 'Focal_motor_eloquence_score', 'Focal_location_volume_interaction', 'Focal_volume_dominance']... (showing first 5)

Merging with clinical data...
  Clinical DF shape: (57, 170)
  Clinical patient_ids: 57 unique
  Radiomic patient_ids: 57 unique
  Merged shape: (57, 304)
  Merged patients: 57

Checking for NaN values...
  Feature columns found: 133
  ⚠️  Found 431 NaN values in features
  Columns with NaN: {'Focal_location_volume_interaction': 29, 'Focal_CST_R_overlap': 31, 'Focal_M1_R_overlap': 32, 'Focal_S1_R_overlap': 32, 'Focal_PMd_R_overlap': 31, 'Focal_PMv_R_overlap': 31, 'Focal_PLIC_R_overlap': 38, 'Focal_CST_L_overlap': 27, 'Focal_M1_L_overlap': 28, 'Focal_S1_L_overlap': 32, 'Focal_PMd_L_overlap': 28, 'Focal_PMv_L_overlap': 29, 'Focal_PLIC_L_overlap': 35, 'Focal_location_dominance': 28}
  After dropping NaN: 0 patients
  ❌ Too few patients after cleaning (0 < 30)

======================================================================
PROCESSING LOSS FUNCTION: FocalTversky
======================================================================

======================================================================
EXTRACTING FEATURES: FocalTversky
======================================================================
Checking availability for 57 patients...
Expected to extract: ~57 patients
[1/57] A221... ✓
[2/57] A235... ✓
[3/57] A431... ✓
[4/57] B286... ✓
[5/57] B467... ✓
[10/57] D322... ✓
[20/57] H854... ✓
[30/57] N614... ✓
[40/57] S029... ✓
[50/57] X570... ✓

✓ Extracted 57 patients, 133 features
  Saved to: ./radiomic_fac_analysis_UPGRADED//radiomics_features/FocalTversky_features_location_aware.csv

✓ Feature extraction complete for FocalTversky
  Radiomic DF shape: (57, 135)
  Columns: ['FocalTversky_lesion_volume_voxels', 'FocalTversky_lesion_volume_ml', 'FocalTversky_motor_eloquence_score', 'FocalTversky_location_volume_interaction', 'FocalTversky_volume_dominance']... (showing first 5)

Merging with clinical data...
  Clinical DF shape: (57, 170)
  Clinical patient_ids: 57 unique
  Radiomic patient_ids: 57 unique
  Merged shape: (57, 304)
  Merged patients: 57

Checking for NaN values...
  Feature columns found: 133
  ⚠️  Found 406 NaN values in features
  Columns with NaN: {'FocalTversky_location_volume_interaction': 35, 'FocalTversky_CST_R_overlap': 28, 'FocalTversky_M1_R_overlap': 29, 'FocalTversky_S1_R_overlap': 30, 'FocalTversky_PMd_R_overlap': 28, 'FocalTversky_PMv_R_overlap': 29, 'FocalTversky_PLIC_R_overlap': 38, 'FocalTversky_location_dominance': 22, 'FocalTversky_CST_L_overlap': 26, 'FocalTversky_M1_L_overlap': 27, 'FocalTversky_S1_L_overlap': 28, 'FocalTversky_PMd_L_overlap': 25, 'FocalTversky_PMv_L_overlap': 26, 'FocalTversky_PLIC_L_overlap': 35}